TN:
SF:src/App.tsx
FN:214,App
FNF:1
FNH:0
FNDA:0,App
DA:45,0
DA:90,0
DA:215,0
LF:3
LH:0
BRF:0
BRH:0
end_of_record
TN:
SF:src/core/app/app-initializer.component.tsx
FN:249,(anonymous_0)
FN:255,(anonymous_1)
FN:283,(anonymous_2)
FN:316,(anonymous_3)
FNF:4
FNH:0
FNDA:0,(anonymous_0)
FNDA:0,(anonymous_1)
FNDA:0,(anonymous_2)
FNDA:0,(anonymous_3)
DA:249,0
DA:252,0
DA:253,0
DA:255,0
DA:283,0
DA:284,0
DA:285,0
DA:288,0
DA:290,0
DA:299,0
DA:302,0
DA:303,0
DA:305,0
DA:306,0
DA:308,0
DA:309,0
DA:313,0
DA:316,0
DA:339,0
DA:340,0
DA:344,0
DA:345,0
DA:353,0
DA:370,0
LF:24
LH:0
BRDA:339,0,0,0
BRDA:339,0,1,0
BRDA:344,1,0,0
BRDA:344,1,1,0
BRF:4
BRH:0
end_of_record
TN:
SF:src/core/config/app.config.ts
FN:85,getCurrentEnvironment
FN:108,createAppConfig
FN:213,(anonymous_2)
FN:291,(anonymous_3)
FN:311,(anonymous_4)
FN:335,(anonymous_5)
FN:353,(anonymous_6)
FN:364,(anonymous_7)
FN:365,(anonymous_8)
FN:383,(anonymous_9)
FN:400,(anonymous_10)
FN:416,(anonymous_11)
FN:431,(anonymous_12)
FN:440,(anonymous_13)
FN:449,(anonymous_14)
FN:460,getAppConfig
FNF:16
FNH:0
FNDA:0,getCurrentEnvironment
FNDA:0,createAppConfig
FNDA:0,(anonymous_2)
FNDA:0,(anonymous_3)
FNDA:0,(anonymous_4)
FNDA:0,(anonymous_5)
FNDA:0,(anonymous_6)
FNDA:0,(anonymous_7)
FNDA:0,(anonymous_8)
FNDA:0,(anonymous_9)
FNDA:0,(anonymous_10)
FNDA:0,(anonymous_11)
FNDA:0,(anonymous_12)
FNDA:0,(anonymous_13)
FNDA:0,(anonymous_14)
FNDA:0,getAppConfig
DA:53,0
DA:87,0
DA:88,0
DA:92,0
DA:93,0
DA:94,0
DA:95,0
DA:96,0
DA:100,0
DA:109,0
DA:110,0
DA:112,0
DA:123,0
DA:185,0
DA:187,0
DA:214,0
DA:215,0
DA:216,0
DA:219,0
DA:220,0
DA:223,0
DA:228,0
DA:239,0
DA:240,0
DA:244,0
DA:245,0
DA:249,0
DA:250,0
DA:254,0
DA:257,0
DA:259,0
DA:271,0
DA:274,0
DA:276,0
DA:278,0
DA:279,0
DA:282,0
DA:292,0
DA:293,0
DA:297,0
DA:298,0
DA:300,0
DA:302,0
DA:312,0
DA:313,0
DA:316,0
DA:319,0
DA:320,0
DA:321,0
DA:324,0
DA:326,0
DA:336,0
DA:337,0
DA:342,0
DA:344,0
DA:354,0
DA:355,0
DA:357,0
DA:363,0
DA:364,0
DA:365,0
DA:367,0
DA:368,0
DA:371,0
DA:373,0
DA:384,0
DA:385,0
DA:386,0
DA:387,0
DA:389,0
DA:390,0
DA:401,0
DA:402,0
DA:403,0
DA:405,0
DA:406,0
DA:417,0
DA:419,0
DA:421,0
DA:422,0
DA:432,0
DA:441,0
DA:450,0
DA:451,0
DA:461,0
DA:469,0
LF:86
LH:0
BRDA:87,0,0,0
BRDA:87,0,1,0
BRDA:87,1,0,0
BRDA:87,1,1,0
BRDA:92,2,0,0
BRDA:92,2,1,0
BRDA:92,3,0,0
BRDA:92,3,1,0
BRDA:94,4,0,0
BRDA:94,4,1,0
BRDA:95,5,0,0
BRDA:95,5,1,0
BRDA:96,6,0,0
BRDA:96,6,1,0
BRDA:110,7,0,0
BRDA:110,7,1,0
BRDA:120,8,0,0
BRDA:120,8,1,0
BRDA:214,9,0,0
BRDA:214,9,1,0
BRDA:239,10,0,0
BRDA:239,10,1,0
BRDA:244,11,0,0
BRDA:244,11,1,0
BRDA:249,12,0,0
BRDA:249,12,1,0
BRDA:274,13,0,0
BRDA:274,13,1,0
BRDA:278,14,0,0
BRDA:278,14,1,0
BRDA:319,15,0,0
BRDA:319,15,1,0
BRDA:319,16,0,0
BRDA:319,16,1,0
BRDA:359,17,0,0
BRDA:359,17,1,0
BRDA:360,18,0,0
BRDA:360,18,1,0
BRDA:367,19,0,0
BRDA:367,19,1,0
BRDA:432,20,0,0
BRDA:432,20,1,0
BRF:42
BRH:0
end_of_record
TN:
SF:src/core/config/environment.config.interface.ts
FN:278,getEnvironmentDefaults
FN:335,isProductionEnvironment
FN:348,isDevelopmentEnvironment
FN:361,isTestingEnvironment
FNF:4
FNH:0
FNDA:0,getEnvironmentDefaults
FNDA:0,isProductionEnvironment
FNDA:0,isDevelopmentEnvironment
FNDA:0,isTestingEnvironment
DA:279,0
DA:282,0
DA:291,0
DA:300,0
DA:309,0
DA:317,0
DA:336,0
DA:349,0
DA:362,0
LF:9
LH:0
BRDA:279,0,0,0
BRDA:279,0,1,0
BRDA:279,0,2,0
BRDA:279,0,3,0
BRDA:279,0,4,0
BRDA:279,0,5,0
BRDA:279,0,6,0
BRDA:279,0,7,0
BRDA:279,0,8,0
BRDA:336,1,0,0
BRDA:336,1,1,0
BRDA:349,2,0,0
BRDA:349,2,1,0
BRDA:362,3,0,0
BRDA:362,3,1,0
BRF:15
BRH:0
end_of_record
TN:
SF:src/core/config/paper-theme.config.ts
FN:334,(anonymous_0)
FNF:1
FNH:0
FNDA:0,(anonymous_0)
DA:57,0
DA:334,0
DA:345,0
DA:347,0
LF:4
LH:0
BRDA:345,0,0,0
BRDA:345,0,1,0
BRDA:364,1,0,0
BRDA:364,1,1,0
BRDA:367,2,0,0
BRDA:367,2,1,0
BRF:6
BRH:0
end_of_record
TN:
SF:src/core/config/sentry.config.ts
FN:104,getCurrentEnvironment
FN:127,getSentryDSN
FN:152,createSentryConfig
FN:206,initializeSentry
FN:235,(anonymous_4)
FN:265,(anonymous_5)
FN:335,updateSentryUser
FN:363,clearSentryUser
FN:388,testSentryIntegration
FN:411,getSentryConfig
FNF:10
FNH:3
FNDA:4,getCurrentEnvironment
FNDA:2,getSentryDSN
FNDA:2,createSentryConfig
FNDA:0,initializeSentry
FNDA:0,(anonymous_4)
FNDA:0,(anonymous_5)
FNDA:0,updateSentryUser
FNDA:0,clearSentryUser
FNDA:0,testSentryIntegration
FNDA:0,getSentryConfig
DA:60,2
DA:106,4
DA:107,4
DA:111,0
DA:112,0
DA:113,0
DA:114,0
DA:115,0
DA:119,0
DA:129,2
DA:130,0
DA:134,2
DA:136,2
DA:139,2
DA:140,0
DA:144,2
DA:153,2
DA:154,2
DA:156,2
DA:171,2
DA:207,0
DA:210,0
DA:211,0
DA:212,0
DA:215,0
DA:216,0
DA:237,0
DA:239,0
DA:240,0
DA:241,0
DA:242,0
DA:243,0
DA:244,0
DA:248,0
DA:249,0
DA:250,0
DA:251,0
DA:252,0
DA:253,0
DA:257,0
DA:258,0
DA:261,0
DA:267,0
DA:269,0
DA:272,0
DA:277,0
DA:278,0
DA:279,0
DA:280,0
DA:281,0
DA:284,0
DA:292,0
DA:300,0
DA:304,0
DA:305,0
DA:314,0
DA:336,0
DA:337,0
DA:342,0
DA:344,0
DA:346,0
DA:364,0
DA:365,0
DA:366,0
DA:368,0
DA:370,0
DA:389,0
DA:391,0
DA:392,0
DA:393,0
DA:396,0
DA:397,0
DA:398,0
DA:400,0
DA:412,0
DA:423,2
LF:76
LH:13
BRDA:106,0,0,4
BRDA:106,0,1,0
BRDA:106,1,0,4
BRDA:106,1,1,4
BRDA:111,2,0,0
BRDA:111,2,1,0
BRDA:111,3,0,0
BRDA:111,3,1,0
BRDA:113,4,0,0
BRDA:113,4,1,0
BRDA:114,5,0,0
BRDA:114,5,1,0
BRDA:115,6,0,0
BRDA:115,6,1,0
BRDA:129,7,0,0
BRDA:129,7,1,2
BRDA:129,8,0,2
BRDA:129,8,1,2
BRDA:139,9,0,0
BRDA:139,9,1,2
BRDA:139,10,0,2
BRDA:139,10,1,2
BRDA:154,11,0,2
BRDA:154,11,1,0
BRDA:210,12,0,0
BRDA:210,12,1,0
BRDA:237,13,0,0
BRDA:237,13,1,0
BRDA:248,14,0,0
BRDA:248,14,1,0
BRDA:257,15,0,0
BRDA:257,15,1,0
BRDA:257,16,0,0
BRDA:257,16,1,0
BRDA:267,17,0,0
BRDA:267,17,1,0
BRDA:267,18,0,0
BRDA:267,18,1,0
BRDA:269,19,0,0
BRDA:269,19,1,0
BRDA:269,20,0,0
BRDA:269,20,1,0
BRDA:269,20,2,0
BRDA:277,21,0,0
BRDA:277,21,1,0
BRDA:277,22,0,0
BRDA:277,22,1,0
BRDA:296,23,0,0
BRDA:296,23,1,0
BRDA:342,24,0,0
BRDA:342,24,1,0
BRDA:391,25,0,0
BRDA:391,25,1,0
BRF:53
BRH:10
end_of_record
TN:
SF:src/core/config/supabase.config.ts
FN:434,(anonymous_0)
FN:572,(anonymous_1)
FN:696,(anonymous_2)
FN:868,(anonymous_3)
FNF:4
FNH:0
FNDA:0,(anonymous_0)
FNDA:0,(anonymous_1)
FNDA:0,(anonymous_2)
FNDA:0,(anonymous_3)
DA:214,0
DA:397,0
DA:434,0
DA:572,0
DA:573,0
DA:574,0
DA:579,0
DA:696,0
DA:697,0
DA:698,0
DA:701,0
DA:702,0
DA:703,0
DA:704,0
DA:709,0
DA:710,0
DA:711,0
DA:714,0
DA:715,0
DA:716,0
DA:720,0
DA:721,0
DA:724,0
DA:725,0
DA:730,0
DA:731,0
DA:732,0
DA:736,0
DA:737,0
DA:738,0
DA:742,0
DA:743,0
DA:745,0
DA:748,0
DA:868,0
DA:869,0
DA:871,0
DA:873,0
DA:877,0
DA:879,0
DA:887,0
DA:889,0
LF:42
LH:0
BRDA:230,0,0,0
BRDA:230,0,1,0
BRDA:424,1,0,0
BRDA:424,1,1,0
BRDA:445,2,0,0
BRDA:445,2,1,0
BRDA:573,3,0,0
BRDA:573,3,1,0
BRDA:597,4,0,0
BRDA:597,4,1,0
BRDA:702,5,0,0
BRDA:702,5,1,0
BRDA:709,6,0,0
BRDA:709,6,1,0
BRDA:714,7,0,0
BRDA:714,7,1,0
BRDA:720,8,0,0
BRDA:720,8,1,0
BRDA:720,9,0,0
BRDA:720,9,1,0
BRDA:730,10,0,0
BRDA:730,10,1,0
BRDA:730,11,0,0
BRDA:730,11,1,0
BRDA:736,12,0,0
BRDA:736,12,1,0
BRDA:736,13,0,0
BRDA:736,13,1,0
BRDA:742,14,0,0
BRDA:742,14,1,0
BRDA:881,15,0,0
BRDA:881,15,1,0
BRDA:891,16,0,0
BRDA:891,16,1,0
BRF:34
BRH:0
end_of_record
TN:
SF:src/core/config/types/database.types.ts
FNF:0
FNH:0
LF:0
LH:0
BRF:0
BRH:0
end_of_record
TN:
SF:src/core/features/FeatureFlags.ts
FN:345,(anonymous_0)
FN:357,(anonymous_1)
FN:365,(anonymous_2)
FN:382,(anonymous_3)
FN:389,(anonymous_4)
FN:399,(anonymous_5)
FN:404,(anonymous_6)
FN:418,(anonymous_7)
FN:449,(anonymous_8)
FN:468,(anonymous_9)
FN:479,(anonymous_10)
FN:486,(anonymous_11)
FN:504,(anonymous_12)
FN:536,evaluateTargetingRule
FN:566,getNestedValue
FN:567,(anonymous_15)
FN:570,simpleHash
FN:584,fetchFirebaseFlags
FN:592,fetchLaunchDarklyFlags
FN:599,fetchOptimizelyFlags
FN:610,useFeatureFlag
FN:611,(anonymous_21)
FN:614,useFeatureFlagValue
FN:618,(anonymous_23)
FNF:24
FNH:0
FNDA:0,(anonymous_0)
FNDA:0,(anonymous_1)
FNDA:0,(anonymous_2)
FNDA:0,(anonymous_3)
FNDA:0,(anonymous_4)
FNDA:0,(anonymous_5)
FNDA:0,(anonymous_6)
FNDA:0,(anonymous_7)
FNDA:0,(anonymous_8)
FNDA:0,(anonymous_9)
FNDA:0,(anonymous_10)
FNDA:0,(anonymous_11)
FNDA:0,(anonymous_12)
FNDA:0,evaluateTargetingRule
FNDA:0,getNestedValue
FNDA:0,(anonymous_15)
FNDA:0,simpleHash
FNDA:0,fetchFirebaseFlags
FNDA:0,fetchLaunchDarklyFlags
FNDA:0,fetchOptimizelyFlags
FNDA:0,useFeatureFlag
FNDA:0,(anonymous_21)
FNDA:0,useFeatureFlagValue
FNDA:0,(anonymous_23)
DA:245,0
DA:344,0
DA:345,0
DA:358,0
DA:360,0
DA:361,0
DA:364,0
DA:365,0
DA:366,0
DA:370,0
DA:372,0
DA:383,0
DA:386,0
DA:387,0
DA:389,0
DA:390,0
DA:396,0
DA:400,0
DA:401,0
DA:404,0
DA:405,0
DA:411,0
DA:419,0
DA:421,0
DA:422,0
DA:424,0
DA:426,0
DA:427,0
DA:429,0
DA:430,0
DA:432,0
DA:433,0
DA:436,0
DA:439,0
DA:441,0
DA:442,0
DA:450,0
DA:451,0
DA:453,0
DA:454,0
DA:455,0
DA:458,0
DA:461,0
DA:462,0
DA:465,0
DA:469,0
DA:470,0
DA:472,0
DA:473,0
DA:476,0
DA:482,0
DA:487,0
DA:490,0
DA:491,0
DA:495,0
DA:496,0
DA:497,0
DA:498,0
DA:503,0
DA:504,0
DA:505,0
DA:508,0
DA:509,0
DA:514,0
DA:518,0
DA:519,0
DA:520,0
DA:522,0
DA:523,0
DA:527,0
DA:540,0
DA:542,0
DA:543,0
DA:546,0
DA:548,0
DA:550,0
DA:552,0
DA:554,0
DA:556,0
DA:558,0
DA:560,0
DA:562,0
DA:567,0
DA:571,0
DA:572,0
DA:573,0
DA:574,0
DA:575,0
DA:577,0
DA:589,0
DA:596,0
DA:603,0
DA:611,0
DA:618,0
DA:625,0
LF:95
LH:0
BRDA:364,0,0,0
BRDA:364,0,1,0
BRDA:364,1,0,0
BRDA:364,1,1,0
BRDA:374,2,0,0
BRDA:374,2,1,0
BRDA:424,3,0,0
BRDA:424,3,1,0
BRDA:424,3,2,0
BRDA:424,3,3,0
BRDA:444,4,0,0
BRDA:444,4,1,0
BRDA:453,5,0,0
BRDA:453,5,1,0
BRDA:461,6,0,0
BRDA:461,6,1,0
BRDA:472,7,0,0
BRDA:472,7,1,0
BRDA:472,8,0,0
BRDA:472,8,1,0
BRDA:476,9,0,0
BRDA:476,9,1,0
BRDA:490,10,0,0
BRDA:490,10,1,0
BRDA:490,11,0,0
BRDA:490,11,1,0
BRDA:495,12,0,0
BRDA:495,12,1,0
BRDA:495,13,0,0
BRDA:495,13,1,0
BRDA:496,14,0,0
BRDA:496,14,1,0
BRDA:497,15,0,0
BRDA:497,15,1,0
BRDA:503,16,0,0
BRDA:503,16,1,0
BRDA:503,17,0,0
BRDA:503,17,1,0
BRDA:508,18,0,0
BRDA:508,18,1,0
BRDA:514,19,0,0
BRDA:514,19,1,0
BRDA:515,20,0,0
BRDA:515,20,1,0
BRDA:518,21,0,0
BRDA:518,21,1,0
BRDA:522,22,0,0
BRDA:522,22,1,0
BRDA:542,23,0,0
BRDA:542,23,1,0
BRDA:542,24,0,0
BRDA:542,24,1,0
BRDA:546,25,0,0
BRDA:546,25,1,0
BRDA:546,25,2,0
BRDA:546,25,3,0
BRDA:546,25,4,0
BRDA:546,25,5,0
BRDA:546,25,6,0
BRDA:546,25,7,0
BRDA:556,26,0,0
BRDA:556,26,1,0
BRF:62
BRH:0
end_of_record
TN:
SF:src/core/i18n/i18n.ts
FNF:0
FNH:0
DA:233,0
DA:381,0
DA:382,0
DA:383,0
LF:4
LH:0
BRF:0
BRH:0
end_of_record
TN:
SF:src/core/i18n/hooks/useAuthTranslations.ts
FN:311,(anonymous_0)
FN:426,(anonymous_1)
FN:427,(anonymous_2)
FN:430,(anonymous_3)
FN:437,(anonymous_4)
FN:438,(anonymous_5)
FN:444,(anonymous_6)
FN:524,(anonymous_7)
FN:562,(anonymous_8)
FNF:9
FNH:0
FNDA:0,(anonymous_0)
FNDA:0,(anonymous_1)
FNDA:0,(anonymous_2)
FNDA:0,(anonymous_3)
FNDA:0,(anonymous_4)
FNDA:0,(anonymous_5)
FNDA:0,(anonymous_6)
FNDA:0,(anonymous_7)
FNDA:0,(anonymous_8)
DA:311,0
DA:312,0
DA:314,0
DA:426,0
DA:427,0
DA:430,0
DA:437,0
DA:438,0
DA:444,0
DA:524,0
DA:562,0
LF:11
LH:0
BRDA:421,0,0,0
BRDA:421,0,1,0
BRDA:422,1,0,0
BRDA:422,1,1,0
BRF:4
BRH:0
end_of_record
TN:
SF:src/core/logging/console.logger.ts
FN:295,(anonymous_0)
FN:337,(anonymous_1)
FN:379,(anonymous_2)
FN:426,(anonymous_3)
FN:463,(anonymous_4)
FN:514,(anonymous_5)
FN:564,(anonymous_6)
FN:616,(anonymous_7)
FN:669,(anonymous_8)
FN:672,(anonymous_9)
FN:720,(anonymous_10)
FN:748,(anonymous_11)
FNF:12
FNH:3
FNDA:0,(anonymous_0)
FNDA:22,(anonymous_1)
FNDA:0,(anonymous_2)
FNDA:9,(anonymous_3)
FNDA:0,(anonymous_4)
FNDA:0,(anonymous_5)
FNDA:8,(anonymous_6)
FNDA:0,(anonymous_7)
FNDA:0,(anonymous_8)
FNDA:0,(anonymous_9)
FNDA:0,(anonymous_10)
FNDA:0,(anonymous_11)
DA:48,2
DA:296,0
DA:338,22
DA:380,0
DA:427,9
DA:464,0
DA:515,0
DA:565,8
DA:617,0
DA:670,0
DA:671,0
DA:673,0
DA:674,0
DA:721,0
LF:14
LH:4
BRDA:296,0,0,0
BRDA:296,0,1,0
BRDA:338,1,0,22
BRDA:338,1,1,0
BRDA:380,2,0,0
BRDA:380,2,1,0
BRDA:427,3,0,9
BRDA:427,3,1,0
BRDA:464,4,0,0
BRDA:464,4,1,0
BRF:10
BRH:2
end_of_record
TN:
SF:src/core/logging/logger.factory.ts
FN:53,(anonymous_0)
FN:80,(anonymous_1)
FN:89,(anonymous_2)
FN:206,(anonymous_3)
FN:238,(anonymous_4)
FN:261,(anonymous_5)
FN:281,(anonymous_6)
FN:293,(anonymous_7)
FN:308,(anonymous_8)
FN:319,(anonymous_9)
FN:352,(anonymous_10)
FN:368,(anonymous_11)
FNF:12
FNH:8
FNDA:8,(anonymous_0)
FNDA:8,(anonymous_1)
FNDA:4,(anonymous_2)
FNDA:35,(anonymous_3)
FNDA:33,(anonymous_4)
FNDA:0,(anonymous_5)
FNDA:0,(anonymous_6)
FNDA:0,(anonymous_7)
FNDA:0,(anonymous_8)
FNDA:4,(anonymous_9)
FNDA:8,(anonymous_10)
FNDA:35,(anonymous_11)
DA:55,8
DA:56,8
DA:60,0
DA:61,0
DA:65,0
DA:66,0
DA:72,0
DA:81,8
DA:90,4
DA:91,4
DA:93,4
DA:94,4
DA:95,4
DA:98,0
DA:190,2
DA:207,35
DA:210,35
DA:211,31
DA:215,4
DA:218,4
DA:220,4
DA:239,33
DA:262,0
DA:282,0
DA:294,0
DA:309,0
DA:320,4
DA:323,4
DA:334,4
DA:336,4
DA:338,0
DA:339,0
DA:341,4
DA:353,8
DA:354,0
DA:358,8
DA:369,35
DA:376,35
DA:397,2
LF:39
LH:26
BRDA:55,0,0,8
BRDA:55,0,1,0
BRDA:60,1,0,0
BRDA:60,1,1,0
BRDA:60,2,0,0
BRDA:60,2,1,0
BRDA:65,3,0,0
BRDA:65,3,1,0
BRDA:66,4,0,0
BRDA:66,4,1,0
BRDA:66,4,2,0
BRDA:90,5,0,4
BRDA:90,5,1,0
BRDA:90,6,0,4
BRDA:90,6,1,4
BRDA:91,7,0,4
BRDA:91,7,1,0
BRDA:93,8,0,0
BRDA:93,8,1,4
BRDA:94,9,0,0
BRDA:94,9,1,4
BRDA:95,10,0,4
BRDA:95,10,1,0
BRDA:98,11,0,0
BRDA:98,11,1,0
BRDA:206,12,0,2
BRDA:210,13,0,31
BRDA:210,13,1,4
BRDA:261,14,0,0
BRDA:281,15,0,0
BRDA:298,16,0,0
BRDA:298,16,1,0
BRDA:320,17,0,2
BRDA:325,18,0,4
BRDA:325,18,1,2
BRDA:336,19,0,0
BRDA:336,19,1,4
BRDA:353,20,0,0
BRDA:353,20,1,8
BRDA:358,21,0,0
BRDA:358,21,1,8
BRDA:370,22,0,35
BRDA:370,22,1,35
BRDA:371,23,0,35
BRDA:371,23,1,2
BRDA:372,24,0,0
BRDA:372,24,1,35
BRDA:373,25,0,35
BRDA:373,25,1,2
BRF:49
BRH:24
end_of_record
TN:
SF:src/core/logging/logger.service.interface.ts
FNF:0
FNH:0
LF:0
LH:0
BRF:0
BRH:0
end_of_record
TN:
SF:src/core/logging/sentry.logger.ts
FN:58,(anonymous_0)
FN:70,(anonymous_1)
FN:188,(anonymous_2)
FN:195,(anonymous_3)
FN:202,(anonymous_4)
FN:209,(anonymous_5)
FN:216,(anonymous_6)
FN:223,(anonymous_7)
FN:230,(anonymous_8)
FN:240,(anonymous_9)
FN:275,(anonymous_10)
FN:284,(anonymous_11)
FN:321,(anonymous_12)
FN:330,(anonymous_13)
FN:374,(anonymous_14)
FN:381,(anonymous_15)
FN:389,(anonymous_16)
FN:405,(anonymous_17)
FN:415,(anonymous_18)
FN:454,(anonymous_19)
FN:500,(anonymous_20)
FNF:21
FNH:0
FNDA:0,(anonymous_0)
FNDA:0,(anonymous_1)
FNDA:0,(anonymous_2)
FNDA:0,(anonymous_3)
FNDA:0,(anonymous_4)
FNDA:0,(anonymous_5)
FNDA:0,(anonymous_6)
FNDA:0,(anonymous_7)
FNDA:0,(anonymous_8)
FNDA:0,(anonymous_9)
FNDA:0,(anonymous_10)
FNDA:0,(anonymous_11)
FNDA:0,(anonymous_12)
FNDA:0,(anonymous_13)
FNDA:0,(anonymous_14)
FNDA:0,(anonymous_15)
FNDA:0,(anonymous_16)
FNDA:0,(anonymous_17)
FNDA:0,(anonymous_18)
FNDA:0,(anonymous_19)
FNDA:0,(anonymous_20)
DA:34,2
DA:59,0
DA:60,0
DA:61,0
DA:62,0
DA:71,0
DA:73,0
DA:79,0
DA:189,0
DA:196,0
DA:203,0
DA:210,0
DA:217,0
DA:224,0
DA:231,0
DA:232,0
DA:240,0
DA:242,0
DA:243,0
DA:244,0
DA:246,0
DA:247,0
DA:251,0
DA:262,0
DA:264,0
DA:265,0
DA:267,0
DA:276,0
DA:277,0
DA:284,0
DA:286,0
DA:287,0
DA:290,0
DA:301,0
DA:304,0
DA:314,0
DA:322,0
DA:323,0
DA:330,0
DA:332,0
DA:333,0
DA:335,0
DA:336,0
DA:339,0
DA:340,0
DA:344,0
DA:354,0
DA:357,0
DA:367,0
DA:375,0
DA:382,0
DA:383,0
DA:392,0
DA:412,0
DA:413,0
DA:415,0
DA:417,0
DA:420,0
DA:421,0
DA:425,0
DA:428,0
DA:431,0
DA:439,0
DA:440,0
DA:442,0
DA:456,0
DA:457,0
DA:461,0
DA:462,0
DA:465,0
DA:466,0
DA:469,0
DA:470,0
DA:473,0
DA:474,0
DA:478,0
DA:479,0
DA:482,0
DA:483,0
DA:487,0
DA:488,0
DA:501,0
DA:502,0
DA:505,0
LF:84
LH:1
BRDA:188,0,0,0
BRDA:231,1,0,0
BRDA:231,1,1,0
BRDA:246,2,0,0
BRDA:246,2,1,0
BRDA:264,3,0,0
BRDA:264,3,1,0
BRDA:276,4,0,0
BRDA:276,4,1,0
BRDA:322,5,0,0
BRDA:322,5,1,0
BRDA:335,6,0,0
BRDA:335,6,1,0
BRDA:339,7,0,0
BRDA:339,7,1,0
BRDA:420,8,0,0
BRDA:420,8,1,0
BRDA:432,9,0,0
BRDA:432,9,1,0
BRDA:439,10,0,0
BRDA:439,10,1,0
BRDA:456,11,0,0
BRDA:456,11,1,0
BRDA:461,12,0,0
BRDA:461,12,1,0
BRDA:465,13,0,0
BRDA:465,13,1,0
BRDA:469,14,0,0
BRDA:469,14,1,0
BRDA:473,15,0,0
BRDA:473,15,1,0
BRDA:478,16,0,0
BRDA:478,16,1,0
BRDA:482,17,0,0
BRDA:482,17,1,0
BRDA:487,18,0,0
BRDA:487,18,1,0
BRDA:501,19,0,0
BRDA:501,19,1,0
BRF:39
BRH:0
end_of_record
TN:
SF:src/core/monitoring/error-monitoring.service.ts
FN:377,(anonymous_0)
FN:385,(anonymous_1)
FN:422,(anonymous_2)
FN:439,(anonymous_3)
FN:475,(anonymous_4)
FN:481,(anonymous_5)
FN:512,(anonymous_6)
FN:518,(anonymous_7)
FN:539,(anonymous_8)
FN:555,(anonymous_9)
FN:572,(anonymous_10)
FN:583,(anonymous_11)
FN:595,(anonymous_12)
FN:612,(anonymous_13)
FN:624,(anonymous_14)
FN:667,(anonymous_15)
FN:702,(anonymous_16)
FN:717,(anonymous_17)
FN:730,(anonymous_18)
FNF:19
FNH:0
FNDA:0,(anonymous_0)
FNDA:0,(anonymous_1)
FNDA:0,(anonymous_2)
FNDA:0,(anonymous_3)
FNDA:0,(anonymous_4)
FNDA:0,(anonymous_5)
FNDA:0,(anonymous_6)
FNDA:0,(anonymous_7)
FNDA:0,(anonymous_8)
FNDA:0,(anonymous_9)
FNDA:0,(anonymous_10)
FNDA:0,(anonymous_11)
FNDA:0,(anonymous_12)
FNDA:0,(anonymous_13)
FNDA:0,(anonymous_14)
FNDA:0,(anonymous_15)
FNDA:0,(anonymous_16)
FNDA:0,(anonymous_17)
FNDA:0,(anonymous_18)
DA:337,0
DA:347,0
DA:378,0
DA:386,0
DA:387,0
DA:390,0
DA:392,0
DA:393,0
DA:394,0
DA:395,0
DA:399,0
DA:404,0
DA:424,0
DA:425,0
DA:427,0
DA:431,0
DA:432,0
DA:435,0
DA:441,0
DA:442,0
DA:445,0
DA:450,0
DA:451,0
DA:452,0
DA:453,0
DA:455,0
DA:456,0
DA:459,0
DA:465,0
DA:467,0
DA:476,0
DA:477,0
DA:478,0
DA:481,0
DA:483,0
DA:484,0
DA:488,0
DA:489,0
DA:491,0
DA:492,0
DA:494,0
DA:495,0
DA:499,0
DA:500,0
DA:504,0
DA:505,0
DA:508,0
DA:513,0
DA:514,0
DA:515,0
DA:518,0
DA:519,0
DA:521,0
DA:522,0
DA:524,0
DA:525,0
DA:527,0
DA:528,0
DA:531,0
DA:541,0
DA:548,0
DA:556,0
DA:557,0
DA:560,0
DA:573,0
DA:575,0
DA:576,0
DA:584,0
DA:586,0
DA:587,0
DA:596,0
DA:597,0
DA:600,0
DA:613,0
DA:625,0
DA:635,0
DA:646,0
DA:659,0
DA:660,0
DA:668,0
DA:676,0
DA:685,0
DA:694,0
DA:695,0
DA:703,0
DA:705,0
DA:707,0
DA:709,0
DA:711,0
DA:713,0
DA:718,0
DA:719,0
DA:721,0
DA:722,0
DA:723,0
DA:724,0
DA:726,0
DA:732,0
DA:733,0
DA:734,0
DA:739,0
LF:101
LH:0
BRDA:386,0,0,0
BRDA:386,0,1,0
BRDA:392,1,0,0
BRDA:392,1,1,0
BRDA:405,2,0,0
BRDA:405,2,1,0
BRDA:405,2,2,0
BRDA:407,3,0,0
BRDA:407,3,1,0
BRDA:411,4,0,0
BRDA:411,4,1,0
BRDA:425,5,0,0
BRDA:425,5,1,0
BRDA:425,6,0,0
BRDA:425,6,1,0
BRDA:425,6,2,0
BRDA:425,6,3,0
BRDA:425,6,4,0
BRDA:427,7,0,0
BRDA:427,7,1,0
BRDA:431,8,0,0
BRDA:431,8,1,0
BRDA:441,9,0,0
BRDA:441,9,1,0
BRDA:441,10,0,0
BRDA:441,10,1,0
BRDA:476,11,0,0
BRDA:476,11,1,0
BRDA:483,12,0,0
BRDA:483,12,1,0
BRDA:488,13,0,0
BRDA:488,13,1,0
BRDA:491,14,0,0
BRDA:491,14,1,0
BRDA:494,15,0,0
BRDA:494,15,1,0
BRDA:499,16,0,0
BRDA:499,16,1,0
BRDA:504,17,0,0
BRDA:504,17,1,0
BRDA:504,18,0,0
BRDA:504,18,1,0
BRDA:512,19,0,0
BRDA:513,20,0,0
BRDA:513,20,1,0
BRDA:521,21,0,0
BRDA:521,21,1,0
BRDA:524,22,0,0
BRDA:524,22,1,0
BRDA:527,23,0,0
BRDA:527,23,1,0
BRDA:556,24,0,0
BRDA:556,24,1,0
BRDA:575,25,0,0
BRDA:575,25,1,0
BRDA:586,26,0,0
BRDA:586,26,1,0
BRDA:595,27,0,0
BRDA:596,28,0,0
BRDA:596,28,1,0
BRDA:703,29,0,0
BRDA:703,29,1,0
BRDA:703,29,2,0
BRDA:703,29,3,0
BRDA:703,29,4,0
BRF:65
BRH:0
end_of_record
TN:
SF:src/core/monitoring/profile-observability.service.ts
FN:71,(anonymous_0)
FN:82,(anonymous_1)
FN:126,(anonymous_2)
FN:209,(anonymous_3)
FN:235,(anonymous_4)
FN:238,(anonymous_5)
FN:256,(anonymous_6)
FN:308,(anonymous_7)
FN:317,(anonymous_8)
FN:321,(anonymous_9)
FN:322,(anonymous_10)
FN:325,(anonymous_11)
FN:326,(anonymous_12)
FN:329,(anonymous_13)
FN:330,(anonymous_14)
FN:333,(anonymous_15)
FN:339,(anonymous_16)
FN:342,(anonymous_17)
FN:353,(anonymous_18)
FN:357,(anonymous_19)
FN:361,(anonymous_20)
FN:365,(anonymous_21)
FN:370,(anonymous_22)
FN:371,(anonymous_23)
FN:379,(anonymous_24)
FN:383,(anonymous_25)
FN:388,(anonymous_26)
FN:391,(anonymous_27)
FN:397,(anonymous_28)
FN:400,(anonymous_29)
FNF:30
FNH:7
FNDA:33,(anonymous_0)
FNDA:8,(anonymous_1)
FNDA:8,(anonymous_2)
FNDA:16,(anonymous_3)
FNDA:0,(anonymous_4)
FNDA:0,(anonymous_5)
FNDA:0,(anonymous_6)
FNDA:0,(anonymous_7)
FNDA:0,(anonymous_8)
FNDA:0,(anonymous_9)
FNDA:0,(anonymous_10)
FNDA:0,(anonymous_11)
FNDA:0,(anonymous_12)
FNDA:0,(anonymous_13)
FNDA:0,(anonymous_14)
FNDA:0,(anonymous_15)
FNDA:0,(anonymous_16)
FNDA:0,(anonymous_17)
FNDA:8,(anonymous_18)
FNDA:8,(anonymous_19)
FNDA:8,(anonymous_20)
FNDA:0,(anonymous_21)
FNDA:0,(anonymous_22)
FNDA:0,(anonymous_23)
FNDA:0,(anonymous_24)
FNDA:0,(anonymous_25)
FNDA:0,(anonymous_26)
FNDA:0,(anonymous_27)
FNDA:0,(anonymous_28)
FNDA:0,(anonymous_29)
DA:67,33
DA:68,33
DA:69,33
DA:72,33
DA:87,8
DA:88,8
DA:90,8
DA:104,8
DA:107,8
DA:118,8
DA:120,8
DA:132,8
DA:133,8
DA:134,0
DA:138,0
DA:141,8
DA:142,8
DA:143,8
DA:144,8
DA:147,8
DA:148,8
DA:149,8
DA:152,8
DA:164,8
DA:177,8
DA:183,8
DA:195,8
DA:197,8
DA:198,4
DA:202,8
DA:210,16
DA:211,16
DA:212,16
DA:215,16
DA:216,0
DA:219,16
DA:222,16
DA:223,8
DA:231,8
DA:236,0
DA:238,0
DA:239,0
DA:240,0
DA:264,0
DA:278,0
DA:288,0
DA:290,0
DA:291,0
DA:293,0
DA:294,0
DA:296,0
DA:297,0
DA:299,0
DA:300,0
DA:315,0
DA:316,0
DA:317,0
DA:320,0
DA:321,0
DA:322,0
DA:324,0
DA:325,0
DA:326,0
DA:328,0
DA:329,0
DA:330,0
DA:332,0
DA:333,0
DA:336,0
DA:339,0
DA:342,0
DA:354,8
DA:358,8
DA:362,8
DA:366,0
DA:369,0
DA:370,0
DA:371,0
DA:380,0
DA:382,0
DA:383,0
DA:384,0
DA:388,0
DA:392,0
DA:393,0
DA:396,0
DA:397,0
DA:401,0
DA:402,0
DA:403,0
DA:404,0
DA:409,1
LF:92
LH:40
BRDA:72,0,0,33
BRDA:72,0,1,33
BRDA:85,1,0,3
BRDA:128,2,0,0
BRDA:133,3,0,0
BRDA:133,3,1,8
BRDA:147,4,0,8
BRDA:147,4,1,8
BRDA:180,5,0,8
BRDA:180,5,1,0
BRDA:190,6,0,3
BRDA:190,6,1,5
BRDA:197,7,0,4
BRDA:197,7,1,4
BRDA:211,8,0,16
BRDA:211,8,1,16
BRDA:215,9,0,0
BRDA:215,9,1,16
BRDA:222,10,0,8
BRDA:222,10,1,8
BRDA:222,11,0,16
BRDA:222,11,1,16
BRDA:239,12,0,0
BRDA:239,12,1,0
BRDA:243,13,0,0
BRDA:243,13,1,0
BRDA:244,14,0,0
BRDA:244,14,1,0
BRDA:269,15,0,0
BRDA:269,15,1,0
BRDA:288,16,0,0
BRDA:288,16,1,0
BRDA:288,16,2,0
BRDA:288,16,3,0
BRDA:316,17,0,0
BRDA:316,17,1,0
BRDA:338,18,0,0
BRDA:338,18,1,0
BRDA:341,19,0,0
BRDA:341,19,1,0
BRDA:344,20,0,0
BRDA:344,20,1,0
BRDA:382,21,0,0
BRDA:382,21,1,0
BRDA:384,22,0,0
BRDA:384,22,1,0
BRDA:392,23,0,0
BRDA:392,23,1,0
BRDA:393,24,0,0
BRDA:393,24,1,0
BRF:50
BRH:18
end_of_record
TN:
SF:src/core/monitoring/sentry.ts
FN:884,(anonymous_0)
FN:935,(anonymous_1)
FN:956,(anonymous_2)
FN:1037,(anonymous_3)
FN:1073,(anonymous_4)
FN:1082,(anonymous_5)
FN:1089,(anonymous_6)
FN:1111,(anonymous_7)
FN:1139,(anonymous_8)
FN:1195,(anonymous_9)
FN:1202,(anonymous_10)
FN:1209,(anonymous_11)
FN:1220,(anonymous_12)
FN:1242,(anonymous_13)
FN:1266,(anonymous_14)
FN:1276,(anonymous_15)
FN:1288,(anonymous_16)
FN:1296,(anonymous_17)
FN:1313,(anonymous_18)
FN:1321,(anonymous_19)
FN:1323,(anonymous_20)
FN:1329,(anonymous_21)
FN:1349,(anonymous_22)
FN:1359,(anonymous_23)
FN:1369,(anonymous_24)
FN:1376,(anonymous_25)
FN:1388,(anonymous_26)
FN:1396,(anonymous_27)
FN:1398,(anonymous_28)
FN:1404,(anonymous_29)
FN:1420,(anonymous_30)
FN:1429,(anonymous_31)
FN:1442,(anonymous_32)
FN:1472,(anonymous_33)
FN:1496,(anonymous_34)
FN:1501,(anonymous_35)
FN:1516,(anonymous_36)
FN:1540,(anonymous_37)
FN:1553,(anonymous_38)
FN:1559,(anonymous_39)
FN:1579,(anonymous_40)
FN:1586,(anonymous_41)
FN:1590,(anonymous_42)
FN:1596,(anonymous_43)
FN:1600,(anonymous_44)
FN:1606,(anonymous_45)
FN:1624,(anonymous_46)
FN:1642,(anonymous_47)
FN:1652,(anonymous_48)
FN:1666,(anonymous_49)
FN:1680,(anonymous_50)
FN:1689,(anonymous_51)
FN:1695,(anonymous_52)
FN:1714,(anonymous_53)
FN:1716,(anonymous_54)
FN:1720,(anonymous_55)
FN:1722,(anonymous_56)
FN:1733,(anonymous_57)
FNF:58
FNH:0
FNDA:0,(anonymous_0)
FNDA:0,(anonymous_1)
FNDA:0,(anonymous_2)
FNDA:0,(anonymous_3)
FNDA:0,(anonymous_4)
FNDA:0,(anonymous_5)
FNDA:0,(anonymous_6)
FNDA:0,(anonymous_7)
FNDA:0,(anonymous_8)
FNDA:0,(anonymous_9)
FNDA:0,(anonymous_10)
FNDA:0,(anonymous_11)
FNDA:0,(anonymous_12)
FNDA:0,(anonymous_13)
FNDA:0,(anonymous_14)
FNDA:0,(anonymous_15)
FNDA:0,(anonymous_16)
FNDA:0,(anonymous_17)
FNDA:0,(anonymous_18)
FNDA:0,(anonymous_19)
FNDA:0,(anonymous_20)
FNDA:0,(anonymous_21)
FNDA:0,(anonymous_22)
FNDA:0,(anonymous_23)
FNDA:0,(anonymous_24)
FNDA:0,(anonymous_25)
FNDA:0,(anonymous_26)
FNDA:0,(anonymous_27)
FNDA:0,(anonymous_28)
FNDA:0,(anonymous_29)
FNDA:0,(anonymous_30)
FNDA:0,(anonymous_31)
FNDA:0,(anonymous_32)
FNDA:0,(anonymous_33)
FNDA:0,(anonymous_34)
FNDA:0,(anonymous_35)
FNDA:0,(anonymous_36)
FNDA:0,(anonymous_37)
FNDA:0,(anonymous_38)
FNDA:0,(anonymous_39)
FNDA:0,(anonymous_40)
FNDA:0,(anonymous_41)
FNDA:0,(anonymous_42)
FNDA:0,(anonymous_43)
FNDA:0,(anonymous_44)
FNDA:0,(anonymous_45)
FNDA:0,(anonymous_46)
FNDA:0,(anonymous_47)
FNDA:0,(anonymous_48)
FNDA:0,(anonymous_49)
FNDA:0,(anonymous_50)
FNDA:0,(anonymous_51)
FNDA:0,(anonymous_52)
FNDA:0,(anonymous_53)
FNDA:0,(anonymous_54)
FNDA:0,(anonymous_55)
FNDA:0,(anonymous_56)
FNDA:0,(anonymous_57)
DA:746,0
DA:761,0
DA:778,0
DA:885,0
DA:886,0
DA:887,0
DA:890,0
DA:891,0
DA:893,0
DA:923,0
DA:925,0
DA:926,0
DA:928,0
DA:936,0
DA:937,0
DA:938,0
DA:940,0
DA:956,0
DA:958,0
DA:959,0
DA:962,0
DA:967,0
DA:968,0
DA:972,0
DA:973,0
DA:977,0
DA:989,0
DA:1001,0
DA:1002,0
DA:1010,0
DA:1014,0
DA:1015,0
DA:1023,0
DA:1024,0
DA:1031,0
DA:1037,0
DA:1041,0
DA:1045,0
DA:1049,0
DA:1050,0
DA:1051,0
DA:1053,0
DA:1054,0
DA:1059,0
DA:1060,0
DA:1067,0
DA:1074,0
DA:1075,0
DA:1076,0
DA:1083,0
DA:1090,0
DA:1112,0
DA:1151,0
DA:1152,0
DA:1165,0
DA:1170,0
DA:1171,0
DA:1172,0
DA:1176,0
DA:1177,0
DA:1182,0
DA:1183,0
DA:1186,0
DA:1187,0
DA:1188,0
DA:1196,0
DA:1203,0
DA:1210,0
DA:1226,0
DA:1248,0
DA:1276,0
DA:1278,0
DA:1279,0
DA:1280,0
DA:1282,0
DA:1283,0
DA:1287,0
DA:1288,0
DA:1289,0
DA:1294,0
DA:1295,0
DA:1296,0
DA:1297,0
DA:1302,0
DA:1303,0
DA:1306,0
DA:1321,0
DA:1322,0
DA:1323,0
DA:1324,0
DA:1328,0
DA:1329,0
DA:1330,0
DA:1334,0
DA:1335,0
DA:1338,0
DA:1359,0
DA:1360,0
DA:1361,0
DA:1362,0
DA:1364,0
DA:1365,0
DA:1368,0
DA:1369,0
DA:1370,0
DA:1374,0
DA:1375,0
DA:1376,0
DA:1377,0
DA:1381,0
DA:1396,0
DA:1397,0
DA:1398,0
DA:1399,0
DA:1403,0
DA:1404,0
DA:1405,0
DA:1409,0
DA:1422,0
DA:1423,0
DA:1431,0
DA:1432,0
DA:1443,0
DA:1446,0
DA:1447,0
DA:1451,0
DA:1452,0
DA:1473,0
DA:1475,0
DA:1494,0
DA:1496,0
DA:1497,0
DA:1499,0
DA:1500,0
DA:1501,0
DA:1502,0
DA:1503,0
DA:1504,0
DA:1507,0
DA:1510,0
DA:1517,0
DA:1520,0
DA:1521,0
DA:1522,0
DA:1523,0
DA:1524,0
DA:1525,0
DA:1526,0
DA:1527,0
DA:1531,0
DA:1541,0
DA:1543,0
DA:1553,0
DA:1560,0
DA:1575,0
DA:1576,0
DA:1578,0
DA:1579,0
DA:1587,0
DA:1589,0
DA:1590,0
DA:1597,0
DA:1599,0
DA:1600,0
DA:1608,0
DA:1610,0
DA:1611,0
DA:1612,0
DA:1613,0
DA:1614,0
DA:1615,0
DA:1616,0
DA:1618,0
DA:1626,0
DA:1628,0
DA:1632,0
DA:1633,0
DA:1634,0
DA:1636,0
DA:1643,0
DA:1644,0
DA:1646,0
DA:1654,0
DA:1656,0
DA:1657,0
DA:1658,0
DA:1660,0
DA:1668,0
DA:1670,0
DA:1671,0
DA:1672,0
DA:1674,0
DA:1681,0
DA:1682,0
DA:1684,0
DA:1685,0
DA:1688,0
DA:1689,0
DA:1698,0
DA:1700,0
DA:1701,0
DA:1702,0
DA:1703,0
DA:1705,0
DA:1706,0
DA:1707,0
DA:1708,0
DA:1715,0
DA:1716,0
DA:1719,0
DA:1720,0
DA:1722,0
DA:1724,0
DA:1725,0
DA:1726,0
DA:1727,0
DA:1734,0
DA:1739,0
LF:218
LH:0
BRDA:885,0,0,0
BRDA:885,0,1,0
BRDA:936,1,0,0
BRDA:936,1,1,0
BRDA:941,2,0,0
BRDA:941,2,1,0
BRDA:945,3,0,0
BRDA:945,3,1,0
BRDA:947,4,0,0
BRDA:947,4,1,0
BRDA:948,5,0,0
BRDA:948,5,1,0
BRDA:948,6,0,0
BRDA:948,6,1,0
BRDA:958,7,0,0
BRDA:958,7,1,0
BRDA:959,8,0,0
BRDA:959,8,1,0
BRDA:967,9,0,0
BRDA:967,9,1,0
BRDA:972,10,0,0
BRDA:972,10,1,0
BRDA:993,11,0,0
BRDA:993,11,1,0
BRDA:996,12,0,0
BRDA:996,12,1,0
BRDA:1001,13,0,0
BRDA:1001,13,1,0
BRDA:1014,14,0,0
BRDA:1014,14,1,0
BRDA:1023,15,0,0
BRDA:1023,15,1,0
BRDA:1041,16,0,0
BRDA:1041,16,1,0
BRDA:1042,17,0,0
BRDA:1042,17,1,0
BRDA:1049,18,0,0
BRDA:1049,18,1,0
BRDA:1050,19,0,0
BRDA:1050,19,1,0
BRDA:1053,20,0,0
BRDA:1053,20,1,0
BRDA:1059,21,0,0
BRDA:1059,21,1,0
BRDA:1096,22,0,0
BRDA:1096,22,1,0
BRDA:1098,23,0,0
BRDA:1098,23,1,0
BRDA:1098,24,0,0
BRDA:1098,24,1,0
BRDA:1102,25,0,0
BRDA:1102,25,1,0
BRDA:1151,26,0,0
BRDA:1151,26,1,0
BRDA:1171,27,0,0
BRDA:1171,27,1,0
BRDA:1174,28,0,0
BRDA:1174,28,1,0
BRDA:1176,29,0,0
BRDA:1176,29,1,0
BRDA:1179,30,0,0
BRDA:1179,30,1,0
BRDA:1182,31,0,0
BRDA:1182,31,1,0
BRDA:1182,32,0,0
BRDA:1182,32,1,0
BRDA:1228,33,0,0
BRDA:1228,33,1,0
BRDA:1229,34,0,0
BRDA:1229,34,1,0
BRDA:1250,35,0,0
BRDA:1250,35,1,0
BRDA:1251,36,0,0
BRDA:1251,36,1,0
BRDA:1279,37,0,0
BRDA:1279,37,1,0
BRDA:1282,38,0,0
BRDA:1282,38,1,0
BRDA:1287,39,0,0
BRDA:1287,39,1,0
BRDA:1295,40,0,0
BRDA:1295,40,1,0
BRDA:1302,41,0,0
BRDA:1302,41,1,0
BRDA:1322,42,0,0
BRDA:1322,42,1,0
BRDA:1328,43,0,0
BRDA:1328,43,1,0
BRDA:1334,44,0,0
BRDA:1334,44,1,0
BRDA:1361,45,0,0
BRDA:1361,45,1,0
BRDA:1364,46,0,0
BRDA:1364,46,1,0
BRDA:1368,47,0,0
BRDA:1368,47,1,0
BRDA:1375,48,0,0
BRDA:1375,48,1,0
BRDA:1381,49,0,0
BRDA:1381,49,1,0
BRDA:1397,50,0,0
BRDA:1397,50,1,0
BRDA:1403,51,0,0
BRDA:1403,51,1,0
BRDA:1409,52,0,0
BRDA:1409,52,1,0
BRDA:1446,53,0,0
BRDA:1446,53,1,0
BRDA:1451,54,0,0
BRDA:1451,54,1,0
BRDA:1451,55,0,0
BRDA:1451,55,1,0
BRDA:1453,56,0,0
BRDA:1453,56,1,0
BRDA:1473,57,0,0
BRDA:1473,57,1,0
BRDA:1473,58,0,0
BRDA:1473,58,1,0
BRDA:1497,59,0,0
BRDA:1497,59,1,0
BRDA:1497,60,0,0
BRDA:1497,60,1,0
BRDA:1501,61,0,0
BRDA:1501,61,1,0
BRDA:1503,62,0,0
BRDA:1503,62,1,0
BRDA:1503,63,0,0
BRDA:1503,63,1,0
BRDA:1517,64,0,0
BRDA:1517,64,1,0
BRDA:1520,65,0,0
BRDA:1520,65,1,0
BRDA:1541,66,0,0
BRDA:1541,66,1,0
BRDA:1575,67,0,0
BRDA:1575,67,1,0
BRDA:1576,68,0,0
BRDA:1576,68,1,0
BRDA:1579,69,0,0
BRDA:1579,69,1,0
BRDA:1589,70,0,0
BRDA:1589,70,1,0
BRDA:1599,71,0,0
BRDA:1599,71,1,0
BRDA:1608,72,0,0
BRDA:1608,72,1,0
BRDA:1610,73,0,0
BRDA:1610,73,1,0
BRDA:1611,74,0,0
BRDA:1611,74,1,0
BRDA:1612,75,0,0
BRDA:1612,75,1,0
BRDA:1613,76,0,0
BRDA:1613,76,1,0
BRDA:1614,77,0,0
BRDA:1614,77,1,0
BRDA:1614,78,0,0
BRDA:1614,78,1,0
BRDA:1616,79,0,0
BRDA:1616,79,1,0
BRDA:1626,80,0,0
BRDA:1626,80,1,0
BRDA:1628,81,0,0
BRDA:1628,81,1,0
BRDA:1629,82,0,0
BRDA:1629,82,1,0
BRDA:1633,83,0,0
BRDA:1633,83,1,0
BRDA:1633,84,0,0
BRDA:1633,84,1,0
BRDA:1644,85,0,0
BRDA:1644,85,1,0
BRDA:1654,86,0,0
BRDA:1654,86,1,0
BRDA:1656,87,0,0
BRDA:1656,87,1,0
BRDA:1657,88,0,0
BRDA:1657,88,1,0
BRDA:1658,89,0,0
BRDA:1658,89,1,0
BRDA:1668,90,0,0
BRDA:1668,90,1,0
BRDA:1670,91,0,0
BRDA:1670,91,1,0
BRDA:1671,92,0,0
BRDA:1671,92,1,0
BRDA:1672,93,0,0
BRDA:1672,93,1,0
BRDA:1684,94,0,0
BRDA:1684,94,1,0
BRDA:1684,95,0,0
BRDA:1684,95,1,0
BRDA:1688,96,0,0
BRDA:1688,96,1,0
BRDA:1700,97,0,0
BRDA:1700,97,1,0
BRDA:1701,98,0,0
BRDA:1701,98,1,0
BRDA:1702,99,0,0
BRDA:1702,99,1,0
BRDA:1703,100,0,0
BRDA:1703,100,1,0
BRDA:1705,101,0,0
BRDA:1705,101,1,0
BRDA:1706,102,0,0
BRDA:1706,102,1,0
BRDA:1707,103,0,0
BRDA:1707,103,1,0
BRDA:1724,104,0,0
BRDA:1724,104,1,0
BRDA:1725,105,0,0
BRDA:1725,105,1,0
BRDA:1726,106,0,0
BRDA:1726,106,1,0
BRF:214
BRH:0
end_of_record
TN:
SF:src/core/monitoring/web-vitals.service.ts
FN:98,(anonymous_0)
FN:131,(anonymous_1)
FN:152,(anonymous_2)
FN:163,(anonymous_3)
FN:175,(anonymous_4)
FN:190,(anonymous_5)
FN:196,(anonymous_6)
FN:229,(anonymous_7)
FN:233,(anonymous_8)
FN:245,(anonymous_9)
FN:262,(anonymous_10)
FN:287,(anonymous_11)
FN:288,(anonymous_12)
FN:297,(anonymous_13)
FN:308,(anonymous_14)
FN:310,(anonymous_15)
FNF:16
FNH:0
FNDA:0,(anonymous_0)
FNDA:0,(anonymous_1)
FNDA:0,(anonymous_2)
FNDA:0,(anonymous_3)
FNDA:0,(anonymous_4)
FNDA:0,(anonymous_5)
FNDA:0,(anonymous_6)
FNDA:0,(anonymous_7)
FNDA:0,(anonymous_8)
FNDA:0,(anonymous_9)
FNDA:0,(anonymous_10)
FNDA:0,(anonymous_11)
FNDA:0,(anonymous_12)
FNDA:0,(anonymous_13)
FNDA:0,(anonymous_14)
FNDA:0,(anonymous_15)
DA:94,0
DA:96,0
DA:102,0
DA:132,0
DA:134,0
DA:135,0
DA:136,0
DA:137,0
DA:139,0
DA:141,0
DA:142,0
DA:153,0
DA:154,0
DA:164,0
DA:176,0
DA:177,0
DA:179,0
DA:180,0
DA:181,0
DA:191,0
DA:192,0
DA:193,0
DA:196,0
DA:197,0
DA:198,0
DA:199,0
DA:202,0
DA:203,0
DA:208,0
DA:217,0
DA:219,0
DA:230,0
DA:233,0
DA:234,0
DA:247,0
DA:263,0
DA:276,0
DA:288,0
DA:289,0
DA:290,0
DA:291,0
DA:292,0
DA:293,0
DA:297,0
DA:309,0
DA:310,0
LF:46
LH:0
BRDA:132,0,0,0
BRDA:132,0,1,0
BRDA:179,1,0,0
BRDA:179,1,1,0
BRDA:180,2,0,0
BRDA:180,2,1,0
BRDA:197,3,0,0
BRDA:197,3,1,0
BRDA:202,4,0,0
BRDA:202,4,1,0
BRDA:202,5,0,0
BRDA:202,5,1,0
BRDA:276,6,0,0
BRDA:276,6,1,0
BRDA:289,7,0,0
BRDA:289,7,1,0
BRDA:289,7,2,0
BRDA:289,7,3,0
BRDA:297,8,0,0
BRDA:297,8,1,0
BRF:20
BRH:0
end_of_record
TN:
SF:src/core/navigation/app-navigator.tsx
FN:282,AppNavigator
FN:283,(anonymous_1)
FNF:2
FNH:0
FNDA:0,AppNavigator
FNDA:0,(anonymous_1)
DA:30,0
DA:283,0
DA:284,0
DA:326,0
DA:339,0
LF:5
LH:0
BRDA:327,0,0,0
BRDA:327,0,1,0
BRDA:329,1,0,0
BRDA:329,1,1,0
BRDA:342,2,0,0
BRDA:342,2,1,0
BRF:6
BRH:0
end_of_record
TN:
SF:src/core/navigation/main-tabs.tsx
FN:218,(anonymous_0)
FN:244,(anonymous_1)
FN:269,(anonymous_2)
FN:297,(anonymous_3)
FN:325,(anonymous_4)
FN:462,(anonymous_5)
FN:682,MainTabNavigator
FN:689,(anonymous_7)
FN:691,(anonymous_8)
FNF:9
FNH:0
FNDA:0,(anonymous_0)
FNDA:0,(anonymous_1)
FNDA:0,(anonymous_2)
FNDA:0,(anonymous_3)
FNDA:0,(anonymous_4)
FNDA:0,(anonymous_5)
FNDA:0,MainTabNavigator
FNDA:0,(anonymous_7)
FNDA:0,(anonymous_8)
DA:40,0
DA:50,0
DA:218,0
DA:219,0
DA:221,0
DA:244,0
DA:271,0
DA:299,0
DA:327,0
DA:328,0
DA:329,0
DA:462,0
DA:463,0
DA:465,0
DA:683,0
DA:684,0
DA:686,0
DA:689,0
DA:694,0
DA:696,0
DA:697,0
DA:699,0
DA:700,0
DA:702,0
DA:703,0
DA:705,0
DA:706,0
DA:708,0
DA:711,0
LF:29
LH:0
BRDA:328,0,0,0
BRDA:328,0,1,0
BRDA:694,1,0,0
BRDA:694,1,1,0
BRDA:694,1,2,0
BRDA:694,1,3,0
BRDA:694,1,4,0
BRDA:696,2,0,0
BRDA:696,2,1,0
BRDA:699,3,0,0
BRDA:699,3,1,0
BRDA:702,4,0,0
BRDA:702,4,1,0
BRDA:705,5,0,0
BRDA:705,5,1,0
BRDA:724,6,0,0
BRDA:724,6,1,0
BRDA:726,7,0,0
BRDA:726,7,1,0
BRF:19
BRH:0
end_of_record
TN:
SF:src/core/navigation/navigation.types.ts
FNF:0
FNH:0
LF:0
LH:0
BRF:0
BRH:0
end_of_record
TN:
SF:src/core/scripts/fix-console-logs.ts
FN:234,fixConsoleLogsInFile
FN:239,(anonymous_1)
FN:260,main
FNF:3
FNH:0
FNDA:0,fixConsoleLogsInFile
FNDA:0,(anonymous_1)
FNDA:0,main
DA:19,0
DA:235,0
DA:236,0
DA:237,0
DA:239,0
DA:240,0
DA:241,0
DA:242,0
DA:246,0
DA:247,0
DA:248,0
DA:250,0
DA:253,0
DA:261,0
DA:263,0
DA:264,0
DA:265,0
DA:269,0
DA:270,0
LF:19
LH:0
BRDA:240,0,0,0
BRDA:240,0,1,0
BRDA:246,1,0,0
BRDA:246,1,1,0
BRDA:269,2,0,0
BRDA:269,2,1,0
BRF:6
BRH:0
end_of_record
TN:
SF:src/core/services/alert.service.ts
FN:406,(anonymous_0)
FN:476,(anonymous_1)
FN:560,(anonymous_2)
FN:645,(anonymous_3)
FN:739,(anonymous_4)
FN:845,(anonymous_5)
FN:858,(anonymous_6)
FN:940,(anonymous_7)
FN:1007,(anonymous_8)
FN:1063,(anonymous_9)
FN:1122,(anonymous_10)
FN:1198,(anonymous_11)
FNF:12
FNH:0
FNDA:0,(anonymous_0)
FNDA:0,(anonymous_1)
FNDA:0,(anonymous_2)
FNDA:0,(anonymous_3)
FNDA:0,(anonymous_4)
FNDA:0,(anonymous_5)
FNDA:0,(anonymous_6)
FNDA:0,(anonymous_7)
FNDA:0,(anonymous_8)
FNDA:0,(anonymous_9)
FNDA:0,(anonymous_10)
FNDA:0,(anonymous_11)
DA:409,0
DA:410,0
DA:477,0
DA:561,0
DA:646,0
DA:740,0
DA:846,0
DA:859,0
DA:860,0
DA:862,0
DA:941,0
DA:1008,0
DA:1064,0
DA:1123,0
DA:1199,0
LF:15
LH:0
BRDA:409,0,0,0
BRDA:409,0,1,0
BRDA:480,1,0,0
BRDA:480,1,1,0
BRDA:564,2,0,0
BRDA:564,2,1,0
BRDA:649,3,0,0
BRDA:649,3,1,0
BRDA:743,4,0,0
BRDA:743,4,1,0
BRDA:851,5,0,0
BRDA:851,5,1,0
BRDA:856,6,0,0
BRDA:856,6,1,0
BRDA:857,7,0,0
BRDA:857,7,1,0
BRDA:864,8,0,0
BRDA:864,8,1,0
BRDA:1066,9,0,0
BRDA:1066,9,1,0
BRDA:1131,10,0,0
BRDA:1131,10,1,0
BRF:22
BRH:0
end_of_record
TN:
SF:src/core/store/snackbar.store.ts
FN:186,(anonymous_0)
FN:191,(anonymous_1)
FN:193,(anonymous_2)
FNF:3
FNH:0
FNDA:0,(anonymous_0)
FNDA:0,(anonymous_1)
FNDA:0,(anonymous_2)
DA:186,0
DA:191,0
DA:193,0
LF:3
LH:0
BRDA:191,0,0,0
BRF:1
BRH:0
end_of_record
TN:
SF:src/core/store/theme.store.ts
FN:279,(anonymous_0)
FN:316,(anonymous_1)
FNF:2
FNH:0
FNDA:0,(anonymous_0)
FNDA:0,(anonymous_1)
DA:279,0
DA:317,0
LF:2
LH:0
BRF:0
BRH:0
end_of_record
TN:
SF:src/core/theme/colors.ts
FNF:0
FNH:0
DA:194,0
LF:1
LH:0
BRF:0
BRH:0
end_of_record
TN:
SF:src/core/theme/spacing.system.ts
FNF:0
FNH:0
DA:6,0
DA:29,0
LF:2
LH:0
BRF:0
BRH:0
end_of_record
TN:
SF:src/core/theme/spacing.ts
FNF:0
FNH:0
DA:16,0
LF:1
LH:0
BRF:0
BRH:0
end_of_record
TN:
SF:src/core/theme/theme-adapter.ts
FN:12,adaptThemeToMD3
FN:181,useAdaptedTheme
FNF:2
FNH:0
FNDA:0,adaptThemeToMD3
FNDA:0,useAdaptedTheme
DA:13,0
DA:182,0
LF:2
LH:0
BRDA:15,0,0,0
BRDA:15,0,1,0
BRDA:23,1,0,0
BRDA:23,1,1,0
BRDA:25,2,0,0
BRDA:25,2,1,0
BRDA:27,3,0,0
BRDA:27,3,1,0
BRDA:29,4,0,0
BRDA:29,4,1,0
BRDA:31,5,0,0
BRDA:31,5,1,0
BRDA:33,6,0,0
BRDA:33,6,1,0
BRDA:37,7,0,0
BRDA:37,7,1,0
BRDA:39,8,0,0
BRDA:39,8,1,0
BRDA:39,8,2,0
BRDA:40,9,0,0
BRDA:40,9,1,0
BRDA:41,10,0,0
BRDA:41,10,1,0
BRDA:42,11,0,0
BRDA:42,11,1,0
BRDA:42,11,2,0
BRDA:44,12,0,0
BRDA:44,12,1,0
BRDA:50,13,0,0
BRDA:50,13,1,0
BRDA:51,14,0,0
BRDA:51,14,1,0
BRDA:52,15,0,0
BRDA:52,15,1,0
BRDA:53,16,0,0
BRDA:53,16,1,0
BRDA:54,17,0,0
BRDA:54,17,1,0
BRDA:58,18,0,0
BRDA:58,18,1,0
BRF:40
BRH:0
end_of_record
TN:
SF:src/core/theme/theme-migration.service.ts
FN:14,(anonymous_0)
FNF:1
FNH:0
FNDA:0,(anonymous_0)
DA:14,0
DA:15,0
DA:17,0
DA:19,0
DA:32,0
DA:35,0
LF:6
LH:0
BRDA:17,0,0,0
BRDA:17,0,1,0
BRF:2
BRH:0
end_of_record
TN:
SF:src/core/theme/theme.system.ts
FN:499,(anonymous_0)
FN:505,(anonymous_1)
FN:506,(anonymous_2)
FN:518,(anonymous_3)
FN:519,(anonymous_4)
FN:533,(anonymous_5)
FN:542,(anonymous_6)
FN:568,(anonymous_7)
FN:579,(anonymous_8)
FN:584,(anonymous_9)
FN:601,(anonymous_10)
FN:604,(anonymous_11)
FNF:12
FNH:0
FNDA:0,(anonymous_0)
FNDA:0,(anonymous_1)
FNDA:0,(anonymous_2)
FNDA:0,(anonymous_3)
FNDA:0,(anonymous_4)
FNDA:0,(anonymous_5)
FNDA:0,(anonymous_6)
FNDA:0,(anonymous_7)
FNDA:0,(anonymous_8)
FNDA:0,(anonymous_9)
FNDA:0,(anonymous_10)
FNDA:0,(anonymous_11)
DA:15,0
DA:91,0
DA:136,0
DA:158,0
DA:171,0
DA:297,0
DA:372,0
DA:491,0
DA:493,0
DA:499,0
DA:500,0
DA:501,0
DA:502,0
DA:505,0
DA:506,0
DA:507,0
DA:508,0
DA:510,0
DA:514,0
DA:518,0
DA:519,0
DA:520,0
DA:521,0
DA:522,0
DA:523,0
DA:526,0
DA:530,0
DA:533,0
DA:534,0
DA:535,0
DA:536,0
DA:538,0
DA:542,0
DA:543,0
DA:544,0
DA:547,0
DA:549,0
DA:557,0
DA:568,0
DA:569,0
DA:570,0
DA:571,0
DA:573,0
DA:577,0
DA:579,0
DA:580,0
DA:581,0
DA:582,0
DA:584,0
DA:585,0
DA:586,0
DA:587,0
DA:590,0
DA:601,0
DA:604,0
LF:55
LH:0
BRDA:507,0,0,0
BRDA:507,0,1,0
BRDA:522,1,0,0
BRDA:522,1,1,0
BRDA:522,2,0,0
BRDA:522,2,1,0
BRDA:543,3,0,0
BRDA:543,3,1,0
BRDA:547,4,0,0
BRDA:547,4,1,0
BRDA:570,5,0,0
BRDA:570,5,1,0
BRDA:581,6,0,0
BRDA:581,6,1,0
BRDA:585,7,0,0
BRDA:585,7,1,0
BRDA:585,8,0,0
BRDA:585,8,1,0
BRDA:586,9,0,0
BRDA:586,9,1,0
BRDA:586,10,0,0
BRDA:586,10,1,0
BRF:22
BRH:0
end_of_record
TN:
SF:src/core/theme/theme.ts
FNF:0
FNH:0
DA:122,0
DA:462,0
LF:2
LH:0
BRF:0
BRH:0
end_of_record
TN:
SF:src/core/theme/typography.ts
FNF:0
FNH:0
DA:16,0
LF:1
LH:0
BRF:0
BRH:0
end_of_record
TN:
SF:src/core/types/result.type.ts
FN:22,(anonymous_0)
FN:33,(anonymous_1)
FNF:2
FNH:0
FNDA:0,(anonymous_0)
FNDA:0,(anonymous_1)
DA:23,0
DA:34,0
LF:2
LH:0
BRF:0
BRH:0
end_of_record
TN:
SF:src/core/types/security.types.ts
FNF:0
FNH:0
LF:0
LH:0
BRF:0
BRH:0
end_of_record
TN:
SF:src/core/ui/snackbar.host.tsx
FN:216,(anonymous_0)
FNF:1
FNH:0
FNDA:0,(anonymous_0)
DA:216,0
DA:217,0
DA:218,0
DA:220,0
LF:4
LH:0
BRDA:228,0,0,0
BRDA:228,0,1,0
BRDA:230,1,0,0
BRDA:230,1,1,0
BRDA:234,2,0,0
BRDA:234,2,1,0
BRF:6
BRH:0
end_of_record
TN:
SF:src/features/auth/application/di/auth.container.ts
FN:200,(anonymous_0)
FN:228,(anonymous_1)
FN:248,(anonymous_2)
FN:263,(anonymous_3)
FN:295,(anonymous_4)
FN:310,(anonymous_5)
FN:325,(anonymous_6)
FN:380,(anonymous_7)
FN:404,(anonymous_8)
FN:415,(anonymous_9)
FN:426,(anonymous_10)
FN:437,(anonymous_11)
FN:448,(anonymous_12)
FN:459,(anonymous_13)
FN:470,(anonymous_14)
FN:481,(anonymous_15)
FN:492,(anonymous_16)
FN:503,(anonymous_17)
FN:514,(anonymous_18)
FN:525,(anonymous_19)
FN:536,(anonymous_20)
FN:547,(anonymous_21)
FN:558,(anonymous_22)
FN:588,(anonymous_23)
FN:637,(anonymous_24)
FN:649,(anonymous_25)
FN:662,(anonymous_26)
FN:675,(anonymous_27)
FN:686,(anonymous_28)
FN:715,(anonymous_29)
FNF:30
FNH:0
FNDA:0,(anonymous_0)
FNDA:0,(anonymous_1)
FNDA:0,(anonymous_2)
FNDA:0,(anonymous_3)
FNDA:0,(anonymous_4)
FNDA:0,(anonymous_5)
FNDA:0,(anonymous_6)
FNDA:0,(anonymous_7)
FNDA:0,(anonymous_8)
FNDA:0,(anonymous_9)
FNDA:0,(anonymous_10)
FNDA:0,(anonymous_11)
FNDA:0,(anonymous_12)
FNDA:0,(anonymous_13)
FNDA:0,(anonymous_14)
FNDA:0,(anonymous_15)
FNDA:0,(anonymous_16)
FNDA:0,(anonymous_17)
FNDA:0,(anonymous_18)
FNDA:0,(anonymous_19)
FNDA:0,(anonymous_20)
FNDA:0,(anonymous_21)
FNDA:0,(anonymous_22)
FNDA:0,(anonymous_23)
FNDA:0,(anonymous_24)
FNDA:0,(anonymous_25)
FNDA:0,(anonymous_26)
FNDA:0,(anonymous_27)
FNDA:0,(anonymous_28)
FNDA:0,(anonymous_29)
DA:143,2
DA:144,2
DA:145,2
DA:146,2
DA:147,2
DA:148,2
DA:149,2
DA:150,2
DA:163,2
DA:164,2
DA:165,2
DA:166,2
DA:167,2
DA:168,2
DA:169,2
DA:172,2
DA:173,2
DA:174,2
DA:175,2
DA:176,2
DA:177,2
DA:178,2
DA:179,2
DA:185,2
DA:186,2
DA:187,2
DA:201,0
DA:203,0
DA:204,0
DA:218,0
DA:220,0
DA:229,0
DA:230,0
DA:236,0
DA:240,0
DA:249,0
DA:250,0
DA:251,0
DA:255,0
DA:264,0
DA:265,0
DA:282,0
DA:283,0
DA:287,0
DA:296,0
DA:297,0
DA:298,0
DA:302,0
DA:311,0
DA:312,0
DA:313,0
DA:317,0
DA:326,0
DA:327,0
DA:368,0
DA:372,0
DA:381,0
DA:382,0
DA:383,0
DA:387,0
DA:405,0
DA:406,0
DA:408,0
DA:416,0
DA:417,0
DA:419,0
DA:427,0
DA:428,0
DA:430,0
DA:438,0
DA:439,0
DA:441,0
DA:449,0
DA:450,0
DA:452,0
DA:460,0
DA:461,0
DA:463,0
DA:471,0
DA:472,0
DA:474,0
DA:482,0
DA:483,0
DA:485,0
DA:493,0
DA:494,0
DA:496,0
DA:504,0
DA:505,0
DA:507,0
DA:515,0
DA:516,0
DA:518,0
DA:526,0
DA:527,0
DA:529,0
DA:537,0
DA:538,0
DA:540,0
DA:548,0
DA:549,0
DA:551,0
DA:559,0
DA:560,0
DA:562,0
DA:592,0
DA:593,0
DA:596,0
DA:597,0
DA:613,0
DA:615,0
DA:641,0
DA:650,0
DA:663,0
DA:665,0
DA:676,0
DA:678,0
DA:687,0
DA:688,0
DA:689,0
DA:690,0
DA:691,0
DA:692,0
DA:693,0
DA:694,0
DA:695,0
DA:696,0
DA:697,0
DA:698,0
DA:699,0
DA:700,0
DA:701,0
DA:717,0
DA:718,0
DA:719,0
DA:720,0
DA:721,0
DA:722,0
DA:723,0
DA:724,0
DA:729,0
DA:732,0
DA:733,0
DA:734,0
DA:768,2
LF:145
LH:27
BRDA:201,0,0,0
BRDA:201,0,1,0
BRDA:203,1,0,0
BRDA:203,1,1,0
BRDA:229,2,0,0
BRDA:229,2,1,0
BRDA:249,3,0,0
BRDA:249,3,1,0
BRDA:264,4,0,0
BRDA:264,4,1,0
BRDA:267,5,0,0
BRDA:267,5,1,0
BRDA:268,6,0,0
BRDA:268,6,1,0
BRDA:269,7,0,0
BRDA:269,7,1,0
BRDA:272,8,0,0
BRDA:272,8,1,0
BRDA:273,9,0,0
BRDA:273,9,1,0
BRDA:277,10,0,0
BRDA:277,10,1,0
BRDA:278,11,0,0
BRDA:278,11,1,0
BRDA:296,12,0,0
BRDA:296,12,1,0
BRDA:311,13,0,0
BRDA:311,13,1,0
BRDA:326,14,0,0
BRDA:326,14,1,0
BRDA:381,15,0,0
BRDA:381,15,1,0
BRDA:405,16,0,0
BRDA:405,16,1,0
BRDA:416,17,0,0
BRDA:416,17,1,0
BRDA:427,18,0,0
BRDA:427,18,1,0
BRDA:438,19,0,0
BRDA:438,19,1,0
BRDA:449,20,0,0
BRDA:449,20,1,0
BRDA:460,21,0,0
BRDA:460,21,1,0
BRDA:471,22,0,0
BRDA:471,22,1,0
BRDA:482,23,0,0
BRDA:482,23,1,0
BRDA:493,24,0,0
BRDA:493,24,1,0
BRDA:504,25,0,0
BRDA:504,25,1,0
BRDA:515,26,0,0
BRDA:515,26,1,0
BRDA:526,27,0,0
BRDA:526,27,1,0
BRDA:537,28,0,0
BRDA:537,28,1,0
BRDA:548,29,0,0
BRDA:548,29,1,0
BRDA:559,30,0,0
BRDA:559,30,1,0
BRDA:589,31,0,0
BRDA:592,32,0,0
BRDA:592,32,1,0
BRDA:596,33,0,0
BRDA:596,33,1,0
BRF:67
BRH:0
end_of_record
TN:
SF:src/features/auth/application/dtos/auth-user.dto.ts
FNF:0
FNH:0
LF:0
LH:0
BRF:0
BRH:0
end_of_record
TN:
SF:src/features/auth/application/dtos/auth.dto.ts
FNF:0
FNH:0
LF:0
LH:0
BRF:0
BRH:0
end_of_record
TN:
SF:src/features/auth/application/interfaces/auth-service.interface.ts
FNF:0
FNH:0
LF:0
LH:0
BRF:0
BRH:0
end_of_record
TN:
SF:src/features/auth/application/usecases/authenticate-with-biometric.usecase.ts
FN:277,(anonymous_0)
FN:402,(anonymous_1)
FNF:2
FNH:0
FNDA:0,(anonymous_0)
FNDA:0,(anonymous_1)
DA:278,0
DA:279,0
DA:403,0
DA:405,0
DA:406,0
DA:407,0
DA:413,0
DA:416,0
DA:432,0
DA:439,0
DA:455,0
LF:11
LH:0
BRDA:278,0,0,0
BRDA:278,0,1,0
BRDA:406,1,0,0
BRDA:406,1,1,0
BRDA:447,2,0,0
BRDA:447,2,1,0
BRF:6
BRH:0
end_of_record
TN:
SF:src/features/auth/application/usecases/check-suspicious-activity.usecase.ts
FN:332,(anonymous_0)
FN:550,(anonymous_1)
FN:626,(anonymous_2)
FN:631,(anonymous_3)
FN:632,(anonymous_4)
FN:633,(anonymous_5)
FN:652,(anonymous_6)
FN:677,(anonymous_7)
FNF:8
FNH:0
FNDA:0,(anonymous_0)
FNDA:0,(anonymous_1)
FNDA:0,(anonymous_2)
FNDA:0,(anonymous_3)
FNDA:0,(anonymous_4)
FNDA:0,(anonymous_5)
FNDA:0,(anonymous_6)
FNDA:0,(anonymous_7)
DA:333,0
DA:334,0
DA:552,0
DA:553,0
DA:554,0
DA:557,0
DA:559,0
DA:562,0
DA:565,0
DA:568,0
DA:590,0
DA:598,0
DA:613,0
DA:629,0
DA:631,0
DA:632,0
DA:633,0
DA:635,0
DA:636,0
DA:637,0
DA:639,0
DA:656,0
DA:658,0
DA:659,0
DA:660,0
DA:661,0
DA:662,0
DA:665,0
DA:666,0
DA:667,0
DA:668,0
DA:669,0
DA:670,0
DA:671,0
DA:673,0
DA:677,0
DA:678,0
DA:679,0
DA:681,0
DA:682,0
DA:684,0
DA:685,0
DA:688,0
LF:43
LH:0
BRDA:333,0,0,0
BRDA:333,0,1,0
BRDA:553,1,0,0
BRDA:553,1,1,0
BRDA:574,2,0,0
BRDA:574,2,1,0
BRDA:576,3,0,0
BRDA:576,3,1,0
BRDA:606,4,0,0
BRDA:606,4,1,0
BRDA:629,5,0,0
BRDA:629,5,1,0
BRDA:635,6,0,0
BRDA:635,6,1,0
BRDA:636,7,0,0
BRDA:636,7,1,0
BRDA:637,8,0,0
BRDA:637,8,1,0
BRDA:637,9,0,0
BRDA:637,9,1,0
BRDA:658,10,0,0
BRDA:658,10,1,0
BRDA:665,11,0,0
BRDA:665,11,1,0
BRDA:669,12,0,0
BRDA:669,12,1,0
BRDA:678,13,0,0
BRDA:678,13,1,0
BRDA:681,14,0,0
BRDA:681,14,1,0
BRDA:684,15,0,0
BRDA:684,15,1,0
BRF:32
BRH:0
end_of_record
TN:
SF:src/features/auth/application/usecases/enable-biometric.usecase.ts
FN:311,(anonymous_0)
FN:471,(anonymous_1)
FNF:2
FNH:0
FNDA:0,(anonymous_0)
FNDA:0,(anonymous_1)
DA:312,0
DA:313,0
DA:473,0
DA:474,0
DA:475,0
DA:478,0
DA:480,0
DA:481,0
DA:482,0
DA:488,0
DA:491,0
DA:506,0
DA:512,0
DA:527,0
LF:14
LH:0
BRDA:312,0,0,0
BRDA:312,0,1,0
BRDA:474,1,0,0
BRDA:474,1,1,0
BRDA:481,2,0,0
BRDA:481,2,1,0
BRDA:520,3,0,0
BRDA:520,3,1,0
BRF:8
BRH:0
end_of_record
TN:
SF:src/features/auth/application/usecases/enable-mfa.usecase.ts
FN:301,(anonymous_0)
FN:450,(anonymous_1)
FNF:2
FNH:0
FNDA:0,(anonymous_0)
FNDA:0,(anonymous_1)
DA:302,0
DA:303,0
DA:452,0
DA:453,0
DA:454,0
DA:458,0
DA:459,0
DA:462,0
DA:464,0
DA:467,0
DA:483,0
DA:491,0
DA:507,0
LF:13
LH:0
BRDA:302,0,0,0
BRDA:302,0,1,0
BRDA:453,1,0,0
BRDA:453,1,1,0
BRDA:458,2,0,0
BRDA:458,2,1,0
BRDA:458,3,0,0
BRDA:458,3,1,0
BRDA:500,4,0,0
BRDA:500,4,1,0
BRF:10
BRH:0
end_of_record
TN:
SF:src/features/auth/application/usecases/get-active-sessions.usecase.ts
FN:386,(anonymous_0)
FN:604,(anonymous_1)
FNF:2
FNH:0
FNDA:0,(anonymous_0)
FNDA:0,(anonymous_1)
DA:387,0
DA:388,0
DA:606,0
DA:607,0
DA:608,0
DA:611,0
DA:613,0
DA:616,0
DA:631,0
DA:637,0
DA:652,0
LF:11
LH:0
BRDA:387,0,0,0
BRDA:387,0,1,0
BRDA:607,1,0,0
BRDA:607,1,1,0
BRDA:645,2,0,0
BRDA:645,2,1,0
BRF:6
BRH:0
end_of_record
TN:
SF:src/features/auth/application/usecases/get-current-user.usecase.ts
FN:285,(anonymous_0)
FN:425,(anonymous_1)
FNF:2
FNH:0
FNDA:0,(anonymous_0)
FNDA:0,(anonymous_1)
DA:286,0
DA:287,0
DA:426,0
DA:427,0
DA:430,0
DA:433,0
DA:437,0
DA:441,0
LF:8
LH:0
BRDA:286,0,0,0
BRDA:286,0,1,0
BRDA:433,1,0,0
BRDA:433,1,1,0
BRDA:433,2,0,0
BRDA:433,2,1,0
BRDA:433,2,2,0
BRDA:433,2,3,0
BRF:8
BRH:0
end_of_record
TN:
SF:src/features/auth/application/usecases/has-permission.usecase.ts
FN:433,(anonymous_0)
FN:621,(anonymous_1)
FN:652,(anonymous_2)
FNF:3
FNH:0
FNDA:0,(anonymous_0)
FNDA:0,(anonymous_1)
FNDA:0,(anonymous_2)
DA:434,0
DA:435,0
DA:623,0
DA:624,0
DA:625,0
DA:626,0
DA:627,0
DA:629,0
DA:632,0
DA:634,0
DA:640,0
DA:643,0
DA:651,0
DA:652,0
DA:654,0
DA:674,0
DA:683,0
DA:699,0
LF:18
LH:0
BRDA:434,0,0,0
BRDA:434,0,1,0
BRDA:624,1,0,0
BRDA:624,1,1,0
BRDA:626,2,0,0
BRDA:626,2,1,0
BRDA:651,3,0,0
BRDA:651,3,1,0
BRDA:677,4,0,0
BRDA:677,4,1,0
BRDA:692,5,0,0
BRDA:692,5,1,0
BRF:12
BRH:0
end_of_record
TN:
SF:src/features/auth/application/usecases/is-authenticated.usecase.ts
FN:257,(anonymous_0)
FN:400,(anonymous_1)
FNF:2
FNH:0
FNDA:0,(anonymous_0)
FNDA:0,(anonymous_1)
DA:258,0
DA:259,0
DA:401,0
DA:402,0
DA:403,0
DA:406,0
DA:409,0
LF:7
LH:0
BRDA:258,0,0,0
BRDA:258,0,1,0
BRF:2
BRH:0
end_of_record
TN:
SF:src/features/auth/application/usecases/login-with-email.usecase.ts
FN:171,(anonymous_0)
FN:285,(anonymous_1)
FNF:2
FNH:0
FNDA:0,(anonymous_0)
FNDA:0,(anonymous_1)
DA:172,0
DA:173,0
DA:286,0
DA:289,0
DA:290,0
DA:294,0
DA:295,0
DA:298,0
DA:304,0
DA:307,0
DA:315,0
DA:316,0
DA:318,0
LF:13
LH:0
BRDA:172,0,0,0
BRDA:172,0,1,0
BRDA:289,1,0,0
BRDA:289,1,1,0
BRDA:289,2,0,0
BRDA:289,2,1,0
BRDA:315,3,0,0
BRDA:315,3,1,0
BRF:8
BRH:0
end_of_record
TN:
SF:src/features/auth/application/usecases/login-with-google.usecase.ts
FN:349,(anonymous_0)
FN:522,(anonymous_1)
FNF:2
FNH:0
FNDA:0,(anonymous_0)
FNDA:0,(anonymous_1)
DA:350,0
DA:351,0
DA:523,0
DA:525,0
DA:529,0
DA:530,0
DA:536,0
DA:538,0
DA:539,0
DA:542,0
DA:543,0
DA:544,0
DA:546,0
DA:550,0
DA:554,0
DA:565,0
DA:568,0
DA:577,0
DA:595,0
DA:603,0
DA:620,0
LF:21
LH:0
BRDA:350,0,0,0
BRDA:350,0,1,0
BRDA:536,1,0,0
BRDA:536,1,1,0
BRDA:536,2,0,0
BRDA:536,2,1,0
BRDA:539,3,0,0
BRDA:539,3,1,0
BRDA:543,4,0,0
BRDA:543,4,1,0
BRDA:550,5,0,0
BRDA:550,5,1,0
BRDA:565,6,0,0
BRDA:565,6,1,0
BRDA:572,7,0,0
BRDA:572,7,1,0
BRDA:573,8,0,0
BRDA:573,8,1,0
BRDA:611,9,0,0
BRDA:611,9,1,0
BRF:20
BRH:0
end_of_record
TN:
SF:src/features/auth/application/usecases/logout.usecase.ts
FN:224,(anonymous_0)
FN:350,(anonymous_1)
FNF:2
FNH:0
FNDA:0,(anonymous_0)
FNDA:0,(anonymous_1)
DA:225,0
DA:226,0
DA:351,0
DA:352,0
DA:355,0
DA:358,0
DA:359,0
LF:7
LH:0
BRDA:225,0,0,0
BRDA:225,0,1,0
BRDA:358,1,0,0
BRDA:358,1,1,0
BRDA:358,2,0,0
BRDA:358,2,1,0
BRF:6
BRH:0
end_of_record
TN:
SF:src/features/auth/application/usecases/password-reset.usecase.ts
FN:261,(anonymous_0)
FN:379,(anonymous_1)
FNF:2
FNH:0
FNDA:0,(anonymous_0)
FNDA:0,(anonymous_1)
DA:262,0
DA:263,0
DA:381,0
DA:382,0
DA:386,0
DA:387,0
DA:390,0
DA:391,0
DA:393,0
LF:9
LH:0
BRDA:262,0,0,0
BRDA:262,0,1,0
BRDA:381,1,0,0
BRDA:381,1,1,0
BRDA:390,2,0,0
BRDA:390,2,1,0
BRF:6
BRH:0
end_of_record
TN:
SF:src/features/auth/application/usecases/register-with-email.usecase.ts
FN:212,(anonymous_0)
FN:338,(anonymous_1)
FNF:2
FNH:0
FNDA:0,(anonymous_0)
FNDA:0,(anonymous_1)
DA:213,0
DA:214,0
DA:339,0
DA:342,0
DA:343,0
DA:347,0
DA:348,0
DA:351,0
DA:356,0
DA:359,0
DA:360,0
DA:362,0
LF:12
LH:0
BRDA:213,0,0,0
BRDA:213,0,1,0
BRDA:342,1,0,0
BRDA:342,1,1,0
BRDA:342,2,0,0
BRDA:342,2,1,0
BRDA:359,3,0,0
BRDA:359,3,1,0
BRF:8
BRH:0
end_of_record
TN:
SF:src/features/auth/application/usecases/update-password.usecase.ts
FN:398,(anonymous_0)
FN:562,(anonymous_1)
FNF:2
FNH:0
FNDA:0,(anonymous_0)
FNDA:0,(anonymous_1)
DA:399,0
DA:400,0
DA:566,0
DA:567,0
DA:568,0
DA:572,0
DA:573,0
DA:576,0
DA:580,0
DA:583,0
DA:584,0
DA:587,0
DA:589,0
DA:595,0
DA:611,0
DA:617,0
DA:634,0
DA:635,0
DA:638,0
LF:19
LH:0
BRDA:399,0,0,0
BRDA:399,0,1,0
BRDA:567,1,0,0
BRDA:567,1,1,0
BRDA:572,2,0,0
BRDA:572,2,1,0
BRDA:572,3,0,0
BRDA:572,3,1,0
BRDA:576,4,0,0
BRDA:576,4,1,0
BRDA:577,5,0,0
BRDA:577,5,1,0
BRDA:583,6,0,0
BRDA:583,6,1,0
BRDA:625,7,0,0
BRDA:625,7,1,0
BRDA:634,8,0,0
BRDA:634,8,1,0
BRF:18
BRH:0
end_of_record
TN:
SF:src/features/auth/application/usecases/verify-mfa.usecase.ts
FN:385,(anonymous_0)
FN:544,(anonymous_1)
FNF:2
FNH:0
FNDA:0,(anonymous_0)
FNDA:0,(anonymous_1)
DA:386,0
DA:387,0
DA:546,0
DA:547,0
DA:550,0
DA:551,0
DA:554,0
DA:556,0
DA:562,0
DA:579,0
DA:585,0
DA:603,0
LF:12
LH:0
BRDA:386,0,0,0
BRDA:386,0,1,0
BRDA:546,1,0,0
BRDA:546,1,1,0
BRDA:546,2,0,0
BRDA:546,2,1,0
BRDA:550,3,0,0
BRDA:550,3,1,0
BRDA:550,4,0,0
BRDA:550,4,1,0
BRDA:595,5,0,0
BRDA:595,5,1,0
BRF:12
BRH:0
end_of_record
TN:
SF:src/features/auth/data/dtos/auth-user.dto.ts
FNF:0
FNH:0
LF:0
LH:0
BRF:0
BRH:0
end_of_record
TN:
SF:src/features/auth/data/factories/auth-service.container.ts
FN:217,(anonymous_0)
FN:231,(anonymous_1)
FN:261,(anonymous_2)
FN:313,(anonymous_3)
FN:337,(anonymous_4)
FN:359,(anonymous_5)
FN:381,(anonymous_6)
FN:403,(anonymous_7)
FN:425,(anonymous_8)
FN:447,(anonymous_9)
FN:475,(anonymous_10)
FN:492,(anonymous_11)
FN:510,(anonymous_12)
FN:523,(anonymous_13)
FN:584,(anonymous_14)
FN:649,(anonymous_15)
FN:664,(anonymous_16)
FN:695,(anonymous_17)
FN:710,(anonymous_18)
FN:725,(anonymous_19)
FN:742,(anonymous_20)
FN:753,(anonymous_21)
FN:768,(anonymous_22)
FN:790,(anonymous_23)
FN:806,(anonymous_24)
FN:815,(anonymous_25)
FN:829,(anonymous_26)
FN:848,(anonymous_27)
FN:858,(anonymous_28)
FN:867,(anonymous_29)
FN:876,(anonymous_30)
FN:885,(anonymous_31)
FN:896,(anonymous_32)
FN:908,(anonymous_33)
FNF:34
FNH:0
FNDA:0,(anonymous_0)
FNDA:0,(anonymous_1)
FNDA:0,(anonymous_2)
FNDA:0,(anonymous_3)
FNDA:0,(anonymous_4)
FNDA:0,(anonymous_5)
FNDA:0,(anonymous_6)
FNDA:0,(anonymous_7)
FNDA:0,(anonymous_8)
FNDA:0,(anonymous_9)
FNDA:0,(anonymous_10)
FNDA:0,(anonymous_11)
FNDA:0,(anonymous_12)
FNDA:0,(anonymous_13)
FNDA:0,(anonymous_14)
FNDA:0,(anonymous_15)
FNDA:0,(anonymous_16)
FNDA:0,(anonymous_17)
FNDA:0,(anonymous_18)
FNDA:0,(anonymous_19)
FNDA:0,(anonymous_20)
FNDA:0,(anonymous_21)
FNDA:0,(anonymous_22)
FNDA:0,(anonymous_23)
FNDA:0,(anonymous_24)
FNDA:0,(anonymous_25)
FNDA:0,(anonymous_26)
FNDA:0,(anonymous_27)
FNDA:0,(anonymous_28)
FNDA:0,(anonymous_29)
FNDA:0,(anonymous_30)
FNDA:0,(anonymous_31)
FNDA:0,(anonymous_32)
FNDA:0,(anonymous_33)
DA:192,0
DA:198,0
DA:204,0
DA:210,0
DA:232,0
DA:233,0
DA:235,0
DA:262,0
DA:263,0
DA:266,0
DA:269,0
DA:270,0
DA:272,0
DA:287,0
DA:289,0
DA:291,0
DA:314,0
DA:316,0
DA:317,0
DA:320,0
DA:338,0
DA:340,0
DA:341,0
DA:344,0
DA:345,0
DA:348,0
DA:360,0
DA:362,0
DA:363,0
DA:366,0
DA:367,0
DA:370,0
DA:382,0
DA:384,0
DA:385,0
DA:388,0
DA:389,0
DA:392,0
DA:404,0
DA:406,0
DA:407,0
DA:410,0
DA:411,0
DA:414,0
DA:426,0
DA:428,0
DA:429,0
DA:432,0
DA:433,0
DA:436,0
DA:448,0
DA:450,0
DA:451,0
DA:454,0
DA:455,0
DA:458,0
DA:476,0
DA:477,0
DA:493,0
DA:494,0
DA:495,0
DA:497,0
DA:498,0
DA:511,0
DA:524,0
DA:526,0
DA:528,0
DA:531,0
DA:535,0
DA:540,0
DA:556,0
DA:557,0
DA:559,0
DA:560,0
DA:563,0
DA:572,0
DA:575,0
DA:585,0
DA:587,0
DA:591,0
DA:635,0
DA:650,0
DA:652,0
DA:656,0
DA:665,0
DA:667,0
DA:672,0
DA:686,0
DA:687,0
DA:696,0
DA:698,0
DA:702,0
DA:711,0
DA:713,0
DA:717,0
DA:726,0
DA:728,0
DA:732,0
DA:743,0
DA:744,0
DA:754,0
DA:755,0
DA:756,0
DA:769,0
DA:770,0
DA:771,0
DA:772,0
DA:777,0
DA:778,0
DA:779,0
DA:783,0
DA:791,0
DA:792,0
DA:793,0
DA:794,0
DA:795,0
DA:796,0
DA:797,0
DA:799,0
DA:807,0
DA:808,0
DA:816,0
DA:817,0
DA:818,0
DA:819,0
DA:820,0
DA:822,0
DA:830,0
DA:831,0
DA:832,0
DA:833,0
DA:836,0
DA:837,0
DA:839,0
DA:840,0
DA:849,0
DA:850,0
DA:851,0
DA:859,0
DA:860,0
DA:868,0
DA:869,0
DA:877,0
DA:878,0
DA:886,0
DA:887,0
DA:888,0
DA:889,0
DA:897,0
DA:898,0
DA:899,0
DA:900,0
DA:909,0
DA:910,0
DA:911,0
DA:912,0
LF:156
LH:0
BRDA:232,0,0,0
BRDA:232,0,1,0
BRDA:262,1,0,0
BRDA:262,1,1,0
BRDA:282,2,0,0
BRDA:282,2,1,0
BRDA:316,3,0,0
BRDA:316,3,1,0
BRDA:340,4,0,0
BRDA:340,4,1,0
BRDA:344,5,0,0
BRDA:344,5,1,0
BRDA:362,6,0,0
BRDA:362,6,1,0
BRDA:366,7,0,0
BRDA:366,7,1,0
BRDA:384,8,0,0
BRDA:384,8,1,0
BRDA:388,9,0,0
BRDA:388,9,1,0
BRDA:406,10,0,0
BRDA:406,10,1,0
BRDA:410,11,0,0
BRDA:410,11,1,0
BRDA:428,12,0,0
BRDA:428,12,1,0
BRDA:432,13,0,0
BRDA:432,13,1,0
BRDA:450,14,0,0
BRDA:450,14,1,0
BRDA:454,15,0,0
BRDA:454,15,1,0
BRDA:497,16,0,0
BRDA:497,16,1,0
BRDA:531,17,0,0
BRDA:531,17,1,0
BRDA:535,18,0,0
BRDA:535,18,1,0
BRDA:542,19,0,0
BRDA:542,19,1,0
BRDA:543,20,0,0
BRDA:543,20,1,0
BRDA:556,21,0,0
BRDA:556,21,1,0
BRDA:559,22,0,0
BRDA:559,22,1,0
BRDA:686,23,0,0
BRDA:686,23,1,0
BRDA:743,24,0,0
BRDA:743,24,1,0
BRDA:754,25,0,0
BRDA:754,25,1,0
BRDA:770,26,0,0
BRDA:770,26,1,0
BRDA:777,27,0,0
BRDA:777,27,1,0
BRDA:777,28,0,0
BRDA:777,28,1,0
BRDA:792,29,0,0
BRDA:792,29,1,0
BRDA:795,30,0,0
BRDA:795,30,1,0
BRDA:818,31,0,0
BRDA:818,31,1,0
BRDA:832,32,0,0
BRDA:832,32,1,0
BRDA:839,33,0,0
BRDA:839,33,1,0
BRDA:840,34,0,0
BRDA:840,34,1,0
BRDA:899,35,0,0
BRDA:899,35,1,0
BRDA:900,36,0,0
BRDA:900,36,1,0
BRDA:911,37,0,0
BRDA:911,37,1,0
BRDA:912,38,0,0
BRDA:912,38,1,0
BRF:78
BRH:0
end_of_record
TN:
SF:src/features/auth/data/factories/auth.integration.ts
FN:90,(anonymous_0)
FN:158,(anonymous_1)
FN:226,(anonymous_2)
FN:296,(anonymous_3)
FN:349,(anonymous_4)
FN:380,(anonymous_5)
FN:399,(anonymous_6)
FN:421,getServiceContainer
FN:454,createEnterpriseAuthServices
FN:471,createSecurityConfig
FNF:10
FNH:0
FNDA:0,(anonymous_0)
FNDA:0,(anonymous_1)
FNDA:0,(anonymous_2)
FNDA:0,(anonymous_3)
FNDA:0,(anonymous_4)
FNDA:0,(anonymous_5)
FNDA:0,(anonymous_6)
FNDA:0,getServiceContainer
FNDA:0,createEnterpriseAuthServices
FNDA:0,createSecurityConfig
DA:94,0
DA:96,0
DA:127,0
DA:129,0
DA:143,0
DA:162,0
DA:164,0
DA:195,0
DA:197,0
DA:211,0
DA:231,0
DA:232,0
DA:234,0
DA:265,0
DA:267,0
DA:281,0
DA:300,0
DA:302,0
DA:333,0
DA:336,0
DA:350,0
DA:352,0
DA:354,0
DA:362,0
DA:381,0
DA:382,0
DA:400,0
DA:425,0
DA:427,0
DA:429,0
DA:431,0
DA:433,0
DA:435,0
DA:457,0
DA:472,0
LF:35
LH:0
BRDA:92,0,0,0
BRDA:160,1,0,0
BRDA:228,2,0,0
BRDA:298,3,0,0
BRDA:357,4,0,0
BRDA:357,4,1,0
BRDA:382,5,0,0
BRDA:382,5,1,0
BRDA:425,6,0,0
BRDA:425,6,1,0
BRDA:425,6,2,0
BRDA:425,6,3,0
BRDA:425,6,4,0
BRDA:471,7,0,0
BRF:14
BRH:0
end_of_record
TN:
SF:src/features/auth/data/factories/security-service.factory.ts
FN:265,(anonymous_0)
FN:394,(anonymous_1)
FN:426,(anonymous_2)
FN:525,(anonymous_3)
FN:561,(anonymous_4)
FN:577,(anonymous_5)
FN:587,(anonymous_6)
FN:597,(anonymous_7)
FN:626,(anonymous_8)
FN:671,(anonymous_9)
FN:704,(anonymous_10)
FN:731,(anonymous_11)
FN:754,(anonymous_12)
FN:755,(anonymous_13)
FN:765,(anonymous_14)
FN:790,(anonymous_15)
FN:813,(anonymous_16)
FN:818,(anonymous_17)
FN:843,(anonymous_18)
FN:887,(anonymous_19)
FN:888,(anonymous_20)
FN:889,(anonymous_21)
FN:900,(anonymous_22)
FN:901,(anonymous_23)
FN:902,(anonymous_24)
FN:913,(anonymous_25)
FNF:26
FNH:0
FNDA:0,(anonymous_0)
FNDA:0,(anonymous_1)
FNDA:0,(anonymous_2)
FNDA:0,(anonymous_3)
FNDA:0,(anonymous_4)
FNDA:0,(anonymous_5)
FNDA:0,(anonymous_6)
FNDA:0,(anonymous_7)
FNDA:0,(anonymous_8)
FNDA:0,(anonymous_9)
FNDA:0,(anonymous_10)
FNDA:0,(anonymous_11)
FNDA:0,(anonymous_12)
FNDA:0,(anonymous_13)
FNDA:0,(anonymous_14)
FNDA:0,(anonymous_15)
FNDA:0,(anonymous_16)
FNDA:0,(anonymous_17)
FNDA:0,(anonymous_18)
FNDA:0,(anonymous_19)
FNDA:0,(anonymous_20)
FNDA:0,(anonymous_21)
FNDA:0,(anonymous_22)
FNDA:0,(anonymous_23)
FNDA:0,(anonymous_24)
FNDA:0,(anonymous_25)
DA:120,0
DA:127,0
DA:142,0
DA:154,0
DA:161,0
DA:269,0
DA:271,0
DA:273,0
DA:274,0
DA:275,0
DA:278,0
DA:281,0
DA:284,0
DA:287,0
DA:290,0
DA:291,0
DA:294,0
DA:295,0
DA:296,0
DA:297,0
DA:299,0
DA:309,0
DA:312,0
DA:316,0
DA:318,0
DA:333,0
DA:341,0
DA:342,0
DA:343,0
DA:347,0
DA:348,0
DA:352,0
DA:353,0
DA:357,0
DA:358,0
DA:360,0
DA:370,0
DA:373,0
DA:375,0
DA:383,0
DA:397,0
DA:399,0
DA:402,0
DA:429,0
DA:496,0
DA:504,0
DA:526,0
DA:527,0
DA:536,0
DA:543,0
DA:544,0
DA:545,0
DA:562,0
DA:578,0
DA:588,0
DA:598,0
DA:599,0
DA:627,0
DA:672,0
DA:684,0
DA:685,0
DA:686,0
DA:687,0
DA:688,0
DA:689,0
DA:692,0
DA:709,0
DA:718,0
DA:719,0
DA:720,0
DA:723,0
DA:732,0
DA:733,0
DA:735,0
DA:736,0
DA:737,0
DA:738,0
DA:742,0
DA:743,0
DA:755,0
DA:756,0
DA:766,0
DA:767,0
DA:769,0
DA:770,0
DA:771,0
DA:772,0
DA:776,0
DA:777,0
DA:780,0
DA:791,0
DA:793,0
DA:794,0
DA:796,0
DA:797,0
DA:799,0
DA:800,0
DA:801,0
DA:817,0
DA:819,0
DA:821,0
DA:828,0
DA:832,0
DA:844,0
DA:845,0
DA:848,0
DA:849,0
DA:853,0
DA:854,0
DA:855,0
DA:856,0
DA:861,0
DA:862,0
DA:866,0
DA:867,0
DA:870,0
DA:871,0
DA:874,0
DA:876,0
DA:888,0
DA:889,0
DA:891,0
DA:900,0
DA:901,0
DA:915,0
DA:916,0
DA:917,0
LF:127
LH:0
BRDA:267,0,0,0
BRDA:273,1,0,0
BRDA:273,1,1,0
BRDA:273,2,0,0
BRDA:273,2,1,0
BRDA:287,3,0,0
BRDA:287,3,1,0
BRDA:290,4,0,0
BRDA:290,4,1,0
BRDA:290,5,0,0
BRDA:290,5,1,0
BRDA:290,5,2,0
BRDA:294,6,0,0
BRDA:294,6,1,0
BRDA:294,7,0,0
BRDA:294,7,1,0
BRDA:347,8,0,0
BRDA:347,8,1,0
BRDA:347,9,0,0
BRDA:347,9,1,0
BRDA:352,10,0,0
BRDA:352,10,1,0
BRDA:352,11,0,0
BRDA:352,11,1,0
BRDA:353,12,0,0
BRDA:353,12,1,0
BRDA:397,13,0,0
BRDA:397,13,1,0
BRDA:497,14,0,0
BRDA:497,14,1,0
BRDA:543,15,0,0
BRDA:543,15,1,0
BRDA:600,16,0,0
BRDA:600,16,1,0
BRDA:609,17,0,0
BRDA:609,17,1,0
BRDA:631,18,0,0
BRDA:631,18,1,0
BRDA:632,19,0,0
BRDA:632,19,1,0
BRDA:633,20,0,0
BRDA:633,20,1,0
BRDA:634,21,0,0
BRDA:634,21,1,0
BRDA:637,22,0,0
BRDA:637,22,1,0
BRDA:638,23,0,0
BRDA:638,23,1,0
BRDA:639,24,0,0
BRDA:639,24,1,0
BRDA:640,25,0,0
BRDA:640,25,1,0
BRDA:643,26,0,0
BRDA:643,26,1,0
BRDA:644,27,0,0
BRDA:644,27,1,0
BRDA:645,28,0,0
BRDA:645,28,1,0
BRDA:646,29,0,0
BRDA:646,29,1,0
BRDA:649,30,0,0
BRDA:649,30,1,0
BRDA:650,31,0,0
BRDA:650,31,1,0
BRDA:651,32,0,0
BRDA:651,32,1,0
BRDA:652,33,0,0
BRDA:652,33,1,0
BRDA:653,34,0,0
BRDA:653,34,1,0
BRDA:656,35,0,0
BRDA:656,35,1,0
BRDA:657,36,0,0
BRDA:657,36,1,0
BRDA:658,37,0,0
BRDA:658,37,1,0
BRDA:718,38,0,0
BRDA:718,38,1,0
BRDA:719,39,0,0
BRDA:719,39,1,0
BRDA:736,40,0,0
BRDA:736,40,1,0
BRDA:742,41,0,0
BRDA:742,41,1,0
BRDA:770,42,0,0
BRDA:770,42,1,0
BRDA:771,43,0,0
BRDA:771,43,1,0
BRDA:791,44,0,0
BRDA:791,44,1,0
BRDA:796,45,0,0
BRDA:796,45,1,0
BRDA:797,46,0,0
BRDA:797,46,1,0
BRDA:799,47,0,0
BRDA:799,47,1,0
BRDA:819,48,0,0
BRDA:819,48,1,0
BRDA:844,49,0,0
BRDA:844,49,1,0
BRDA:848,50,0,0
BRDA:848,50,1,0
BRDA:855,51,0,0
BRDA:855,51,1,0
BRDA:861,52,0,0
BRDA:861,52,1,0
BRDA:866,53,0,0
BRDA:866,53,1,0
BRDA:866,54,0,0
BRDA:866,54,1,0
BRDA:870,55,0,0
BRDA:870,55,1,0
BRDA:870,56,0,0
BRDA:870,56,1,0
BRDA:874,57,0,0
BRDA:874,57,1,0
BRDA:874,58,0,0
BRDA:874,58,1,0
BRF:118
BRH:0
end_of_record
TN:
SF:src/features/auth/data/interfaces/auth.datasource.interface.ts
FNF:0
FNH:0
LF:0
LH:0
BRF:0
BRH:0
end_of_record
TN:
SF:src/features/auth/data/interfaces/security-service-factory.interfaces.ts
FNF:0
FNH:0
LF:0
LH:0
BRF:0
BRH:0
end_of_record
TN:
SF:src/features/auth/data/mappers/auth-user.mapper.ts
FN:150,(anonymous_0)
FNF:1
FNH:0
FNDA:0,(anonymous_0)
DA:152,0
DA:153,0
DA:156,0
DA:157,0
DA:161,0
DA:164,0
DA:165,0
DA:166,0
DA:170,0
DA:171,0
DA:172,0
DA:175,0
DA:177,0
DA:178,0
DA:183,0
DA:184,0
DA:185,0
DA:188,0
DA:189,0
DA:190,0
DA:192,0
DA:196,0
DA:201,0
LF:23
LH:0
BRDA:152,0,0,0
BRDA:152,0,1,0
BRDA:156,1,0,0
BRDA:156,1,1,0
BRDA:165,2,0,0
BRDA:165,2,1,0
BRDA:171,3,0,0
BRDA:171,3,1,0
BRDA:177,4,0,0
BRDA:177,4,1,0
BRDA:184,5,0,0
BRDA:184,5,1,0
BRDA:190,6,0,0
BRDA:190,6,1,0
BRDA:204,7,0,0
BRDA:204,7,1,0
BRDA:205,8,0,0
BRDA:205,8,1,0
BRDA:207,9,0,0
BRDA:207,9,1,0
BRF:20
BRH:0
end_of_record
TN:
SF:src/features/auth/data/mappers/supabase-auth-error.mapper.ts
FN:66,isSupabaseAuthError
FN:116,(anonymous_1)
FNF:2
FNH:0
FNDA:0,isSupabaseAuthError
FNDA:0,(anonymous_1)
DA:67,0
DA:117,0
DA:118,0
DA:119,0
DA:122,0
DA:128,0
DA:131,0
DA:136,0
DA:139,0
DA:145,0
DA:148,0
DA:154,0
DA:158,0
DA:165,0
DA:168,0
DA:175,0
DA:178,0
DA:185,0
DA:189,0
DA:191,0
DA:193,0
DA:195,0
DA:197,0
DA:199,0
DA:201,0
DA:203,0
DA:205,0
DA:210,0
DA:211,0
DA:215,0
LF:30
LH:0
BRDA:68,0,0,0
BRDA:68,0,1,0
BRDA:68,0,2,0
BRDA:68,0,3,0
BRDA:117,1,0,0
BRDA:117,1,1,0
BRDA:122,2,0,0
BRDA:122,2,1,0
BRDA:123,3,0,0
BRDA:123,3,1,0
BRDA:123,3,2,0
BRDA:123,3,3,0
BRDA:131,4,0,0
BRDA:131,4,1,0
BRDA:132,5,0,0
BRDA:132,5,1,0
BRDA:132,5,2,0
BRDA:139,6,0,0
BRDA:139,6,1,0
BRDA:140,7,0,0
BRDA:140,7,1,0
BRDA:140,7,2,0
BRDA:140,7,3,0
BRDA:148,8,0,0
BRDA:148,8,1,0
BRDA:149,9,0,0
BRDA:149,9,1,0
BRDA:149,9,2,0
BRDA:149,9,3,0
BRDA:158,10,0,0
BRDA:158,10,1,0
BRDA:159,11,0,0
BRDA:159,11,1,0
BRDA:159,11,2,0
BRDA:159,11,3,0
BRDA:159,11,4,0
BRDA:168,12,0,0
BRDA:168,12,1,0
BRDA:169,13,0,0
BRDA:169,13,1,0
BRDA:169,13,2,0
BRDA:169,13,3,0
BRDA:169,13,4,0
BRDA:178,14,0,0
BRDA:178,14,1,0
BRDA:179,15,0,0
BRDA:179,15,1,0
BRDA:179,15,2,0
BRDA:179,15,3,0
BRDA:179,15,4,0
BRDA:189,16,0,0
BRDA:189,16,1,0
BRDA:189,16,2,0
BRDA:189,16,3,0
BRDA:189,16,4,0
BRDA:189,16,5,0
BRDA:189,16,6,0
BRDA:189,16,7,0
BRDA:210,17,0,0
BRDA:210,17,1,0
BRF:60
BRH:0
end_of_record
TN:
SF:src/features/auth/data/repository/auth.repository.impl.ts
FN:150,(anonymous_0)
FN:157,(anonymous_1)
FN:172,(anonymous_2)
FN:280,(anonymous_3)
FN:390,(anonymous_4)
FN:423,(anonymous_5)
FN:449,(anonymous_6)
FN:461,(anonymous_7)
FN:462,(anonymous_8)
FN:477,(anonymous_9)
FN:580,(anonymous_10)
FN:588,(anonymous_11)
FN:618,(anonymous_12)
FN:634,(anonymous_13)
FN:647,(anonymous_14)
FN:666,(anonymous_15)
FN:691,(anonymous_16)
FN:758,(anonymous_17)
FN:830,(anonymous_18)
FN:878,(anonymous_19)
FN:951,(anonymous_20)
FN:997,(anonymous_21)
FN:1063,(anonymous_22)
FN:1105,(anonymous_23)
FN:1151,(anonymous_24)
FN:1156,(anonymous_25)
FN:1161,(anonymous_26)
FN:1166,(anonymous_27)
FN:1171,(anonymous_28)
FN:1176,(anonymous_29)
FN:1185,(anonymous_30)
FN:1192,(anonymous_31)
FN:1234,(anonymous_32)
FN:1256,(anonymous_33)
FN:1273,(anonymous_34)
FN:1290,(anonymous_35)
FN:1295,(anonymous_36)
FN:1313,(anonymous_37)
FN:1338,(anonymous_38)
FN:1358,(anonymous_39)
FN:1361,(anonymous_40)
FN:1397,(anonymous_41)
FN:1422,(anonymous_42)
FN:1427,(anonymous_43)
FN:1432,(anonymous_44)
FN:1447,(anonymous_45)
FN:1599,(anonymous_46)
FNF:47
FNH:0
FNDA:0,(anonymous_0)
FNDA:0,(anonymous_1)
FNDA:0,(anonymous_2)
FNDA:0,(anonymous_3)
FNDA:0,(anonymous_4)
FNDA:0,(anonymous_5)
FNDA:0,(anonymous_6)
FNDA:0,(anonymous_7)
FNDA:0,(anonymous_8)
FNDA:0,(anonymous_9)
FNDA:0,(anonymous_10)
FNDA:0,(anonymous_11)
FNDA:0,(anonymous_12)
FNDA:0,(anonymous_13)
FNDA:0,(anonymous_14)
FNDA:0,(anonymous_15)
FNDA:0,(anonymous_16)
FNDA:0,(anonymous_17)
FNDA:0,(anonymous_18)
FNDA:0,(anonymous_19)
FNDA:0,(anonymous_20)
FNDA:0,(anonymous_21)
FNDA:0,(anonymous_22)
FNDA:0,(anonymous_23)
FNDA:0,(anonymous_24)
FNDA:0,(anonymous_25)
FNDA:0,(anonymous_26)
FNDA:0,(anonymous_27)
FNDA:0,(anonymous_28)
FNDA:0,(anonymous_29)
FNDA:0,(anonymous_30)
FNDA:0,(anonymous_31)
FNDA:0,(anonymous_32)
FNDA:0,(anonymous_33)
FNDA:0,(anonymous_34)
FNDA:0,(anonymous_35)
FNDA:0,(anonymous_36)
FNDA:0,(anonymous_37)
FNDA:0,(anonymous_38)
FNDA:0,(anonymous_39)
FNDA:0,(anonymous_40)
FNDA:0,(anonymous_41)
FNDA:0,(anonymous_42)
FNDA:0,(anonymous_43)
FNDA:0,(anonymous_44)
FNDA:0,(anonymous_45)
FNDA:0,(anonymous_46)
DA:158,0
DA:173,0
DA:175,0
DA:176,0
DA:182,0
DA:189,0
DA:192,0
DA:193,0
DA:195,0
DA:197,0
DA:198,0
DA:202,0
DA:206,0
DA:207,0
DA:208,0
DA:210,0
DA:211,0
DA:217,0
DA:218,0
DA:219,0
DA:223,0
DA:226,0
DA:231,0
DA:234,0
DA:240,0
DA:243,0
DA:249,0
DA:257,0
DA:261,0
DA:265,0
DA:266,0
DA:281,0
DA:283,0
DA:284,0
DA:289,0
DA:292,0
DA:296,0
DA:297,0
DA:310,0
DA:312,0
DA:313,0
DA:319,0
DA:350,0
DA:355,0
DA:358,0
DA:363,0
DA:366,0
DA:372,0
DA:375,0
DA:379,0
DA:380,0
DA:391,0
DA:393,0
DA:395,0
DA:397,0
DA:400,0
DA:401,0
DA:408,0
DA:412,0
DA:424,0
DA:426,0
DA:427,0
DA:430,0
DA:436,0
DA:440,0
DA:450,0
DA:451,0
DA:453,0
DA:462,0
DA:463,0
DA:464,0
DA:465,0
DA:468,0
DA:469,0
DA:481,0
DA:482,0
DA:483,0
DA:484,0
DA:487,0
DA:492,0
DA:495,0
DA:500,0
DA:502,0
DA:507,0
DA:514,0
DA:515,0
DA:519,0
DA:525,0
DA:527,0
DA:532,0
DA:538,0
DA:543,0
DA:546,0
DA:552,0
DA:557,0
DA:561,0
DA:564,0
DA:570,0
DA:572,0
DA:576,0
DA:582,0
DA:593,0
DA:595,0
DA:600,0
DA:603,0
DA:604,0
DA:605,0
DA:608,0
DA:610,0
DA:614,0
DA:619,0
DA:620,0
DA:622,0
DA:624,0
DA:626,0
DA:630,0
DA:635,0
DA:636,0
DA:640,0
DA:642,0
DA:643,0
DA:648,0
DA:649,0
DA:653,0
DA:655,0
DA:657,0
DA:658,0
DA:667,0
DA:668,0
DA:670,0
DA:675,0
DA:677,0
DA:682,0
DA:683,0
DA:687,0
DA:692,0
DA:693,0
DA:694,0
DA:695,0
DA:698,0
DA:704,0
DA:705,0
DA:706,0
DA:710,0
DA:715,0
DA:724,0
DA:738,0
DA:743,0
DA:748,0
DA:750,0
DA:754,0
DA:759,0
DA:760,0
DA:761,0
DA:762,0
DA:766,0
DA:767,0
DA:768,0
DA:772,0
DA:773,0
DA:778,0
DA:783,0
DA:785,0
DA:800,0
DA:804,0
DA:819,0
DA:823,0
DA:825,0
DA:826,0
DA:831,0
DA:832,0
DA:833,0
DA:834,0
DA:838,0
DA:841,0
DA:850,0
DA:864,0
DA:869,0
DA:870,0
DA:879,0
DA:881,0
DA:896,0
DA:898,0
DA:899,0
DA:903,0
DA:908,0
DA:911,0
DA:927,0
DA:936,0
DA:937,0
DA:938,0
DA:941,0
DA:943,0
DA:947,0
DA:952,0
DA:953,0
DA:955,0
DA:956,0
DA:960,0
DA:965,0
DA:968,0
DA:985,0
DA:986,0
DA:987,0
DA:990,0
DA:992,0
DA:993,0
DA:998,0
DA:999,0
DA:1001,0
DA:1002,0
DA:1010,0
DA:1015,0
DA:1017,0
DA:1030,0
DA:1034,0
DA:1051,0
DA:1052,0
DA:1053,0
DA:1056,0
DA:1058,0
DA:1059,0
DA:1066,0
DA:1067,0
DA:1068,0
DA:1069,0
DA:1073,0
DA:1081,0
DA:1096,0
DA:1100,0
DA:1101,0
DA:1108,0
DA:1109,0
DA:1110,0
DA:1111,0
DA:1115,0
DA:1123,0
DA:1138,0
DA:1142,0
DA:1143,0
DA:1153,0
DA:1158,0
DA:1163,0
DA:1168,0
DA:1173,0
DA:1178,0
DA:1194,0
DA:1195,0
DA:1196,0
DA:1197,0
DA:1198,0
DA:1200,0
DA:1201,0
DA:1202,0
DA:1203,0
DA:1204,0
DA:1205,0
DA:1206,0
DA:1207,0
DA:1209,0
DA:1210,0
DA:1212,0
DA:1213,0
DA:1214,0
DA:1215,0
DA:1216,0
DA:1218,0
DA:1219,0
DA:1220,0
DA:1222,0
DA:1235,0
DA:1239,0
DA:1241,0
DA:1244,0
DA:1251,0
DA:1252,0
DA:1257,0
DA:1259,0
DA:1260,0
DA:1261,0
DA:1266,0
DA:1268,0
DA:1269,0
DA:1274,0
DA:1280,0
DA:1283,0
DA:1285,0
DA:1286,0
DA:1292,0
DA:1296,0
DA:1298,0
DA:1304,0
DA:1305,0
DA:1314,0
DA:1315,0
DA:1318,0
DA:1328,0
DA:1329,0
DA:1333,0
DA:1339,0
DA:1340,0
DA:1341,0
DA:1344,0
DA:1345,0
DA:1347,0
DA:1353,0
DA:1356,0
DA:1357,0
DA:1358,0
DA:1360,0
DA:1361,0
DA:1364,0
DA:1367,0
DA:1368,0
DA:1379,0
DA:1380,0
DA:1390,0
DA:1392,0
DA:1393,0
DA:1398,0
DA:1399,0
DA:1400,0
DA:1402,0
DA:1409,0
DA:1411,0
DA:1413,0
DA:1414,0
DA:1424,0
DA:1429,0
DA:1434,0
DA:1448,0
DA:1449,0
DA:1458,0
DA:1459,0
DA:1466,0
DA:1471,0
DA:1472,0
DA:1473,0
DA:1476,0
DA:1479,0
DA:1484,0
DA:1485,0
DA:1495,0
DA:1496,0
DA:1500,0
DA:1502,0
DA:1503,0
DA:1507,0
DA:1511,0
DA:1512,0
DA:1520,0
DA:1524,0
DA:1532,0
DA:1533,0
DA:1534,0
DA:1538,0
DA:1542,0
DA:1552,0
DA:1567,0
DA:1570,0
DA:1579,0
DA:1583,0
DA:1587,0
DA:1588,0
DA:1600,0
LF:365
LH:0
BRDA:193,0,0,0
BRDA:193,0,1,0
BRDA:197,1,0,0
BRDA:197,1,1,0
BRDA:197,2,0,0
BRDA:197,2,1,0
BRDA:207,3,0,0
BRDA:207,3,1,0
BRDA:208,4,0,0
BRDA:208,4,1,0
BRDA:210,5,0,0
BRDA:210,5,1,0
BRDA:210,6,0,0
BRDA:210,6,1,0
BRDA:218,7,0,0
BRDA:218,7,1,0
BRDA:219,8,0,0
BRDA:219,8,1,0
BRDA:257,9,0,0
BRDA:257,9,1,0
BRDA:257,10,0,0
BRDA:257,10,1,0
BRDA:257,10,2,0
BRDA:257,10,3,0
BRDA:296,11,0,0
BRDA:296,11,1,0
BRDA:296,12,0,0
BRDA:296,12,1,0
BRDA:312,13,0,0
BRDA:312,13,1,0
BRDA:372,14,0,0
BRDA:372,14,1,0
BRDA:372,15,0,0
BRDA:372,15,1,0
BRDA:372,15,2,0
BRDA:400,16,0,0
BRDA:400,16,1,0
BRDA:451,17,0,0
BRDA:451,17,1,0
BRDA:463,18,0,0
BRDA:463,18,1,0
BRDA:483,19,0,0
BRDA:483,19,1,0
BRDA:492,20,0,0
BRDA:492,20,1,0
BRDA:492,20,2,0
BRDA:492,20,3,0
BRDA:500,21,0,0
BRDA:500,21,1,0
BRDA:514,22,0,0
BRDA:514,22,1,0
BRDA:525,23,0,0
BRDA:525,23,1,0
BRDA:543,24,0,0
BRDA:543,24,1,0
BRDA:570,25,0,0
BRDA:570,25,1,0
BRDA:570,26,0,0
BRDA:570,26,1,0
BRDA:596,27,0,0
BRDA:596,27,1,0
BRDA:600,28,0,0
BRDA:600,28,1,0
BRDA:604,29,0,0
BRDA:604,29,1,0
BRDA:613,30,0,0
BRDA:613,30,1,0
BRDA:622,31,0,0
BRDA:622,31,1,0
BRDA:624,32,0,0
BRDA:624,32,1,0
BRDA:629,33,0,0
BRDA:629,33,1,0
BRDA:640,34,0,0
BRDA:640,34,1,0
BRDA:653,35,0,0
BRDA:653,35,1,0
BRDA:682,36,0,0
BRDA:682,36,1,0
BRDA:694,37,0,0
BRDA:694,37,1,0
BRDA:705,38,0,0
BRDA:705,38,1,0
BRDA:706,39,0,0
BRDA:706,39,1,0
BRDA:748,40,0,0
BRDA:748,40,1,0
BRDA:748,41,0,0
BRDA:748,41,1,0
BRDA:761,42,0,0
BRDA:761,42,1,0
BRDA:767,43,0,0
BRDA:767,43,1,0
BRDA:783,44,0,0
BRDA:783,44,1,0
BRDA:800,45,0,0
BRDA:800,45,1,0
BRDA:833,46,0,0
BRDA:833,46,1,0
BRDA:884,47,0,0
BRDA:884,47,1,0
BRDA:890,48,0,0
BRDA:890,48,1,0
BRDA:898,49,0,0
BRDA:898,49,1,0
BRDA:898,50,0,0
BRDA:898,50,1,0
BRDA:899,51,0,0
BRDA:899,51,1,0
BRDA:908,52,0,0
BRDA:908,52,1,0
BRDA:914,53,0,0
BRDA:914,53,1,0
BRDA:937,54,0,0
BRDA:937,54,1,0
BRDA:946,55,0,0
BRDA:946,55,1,0
BRDA:955,56,0,0
BRDA:955,56,1,0
BRDA:955,57,0,0
BRDA:955,57,1,0
BRDA:956,58,0,0
BRDA:956,58,1,0
BRDA:965,59,0,0
BRDA:965,59,1,0
BRDA:971,60,0,0
BRDA:971,60,1,0
BRDA:986,61,0,0
BRDA:986,61,1,0
BRDA:1001,62,0,0
BRDA:1001,62,1,0
BRDA:1001,63,0,0
BRDA:1001,63,1,0
BRDA:1002,64,0,0
BRDA:1002,64,1,0
BRDA:1015,65,0,0
BRDA:1015,65,1,0
BRDA:1030,66,0,0
BRDA:1030,66,1,0
BRDA:1052,67,0,0
BRDA:1052,67,1,0
BRDA:1068,68,0,0
BRDA:1068,68,1,0
BRDA:1110,69,0,0
BRDA:1110,69,1,0
BRDA:1201,70,0,0
BRDA:1201,70,1,0
BRDA:1203,71,0,0
BRDA:1203,71,1,0
BRDA:1204,72,0,0
BRDA:1204,72,1,0
BRDA:1205,73,0,0
BRDA:1205,73,1,0
BRDA:1206,74,0,0
BRDA:1206,74,1,0
BRDA:1212,75,0,0
BRDA:1212,75,1,0
BRDA:1213,76,0,0
BRDA:1213,76,1,0
BRDA:1214,77,0,0
BRDA:1214,77,1,0
BRDA:1215,78,0,0
BRDA:1215,78,1,0
BRDA:1216,79,0,0
BRDA:1216,79,1,0
BRDA:1218,80,0,0
BRDA:1218,80,1,0
BRDA:1219,81,0,0
BRDA:1219,81,1,0
BRDA:1220,82,0,0
BRDA:1220,82,1,0
BRDA:1241,83,0,0
BRDA:1241,83,1,0
BRDA:1259,84,0,0
BRDA:1259,84,1,0
BRDA:1319,85,0,0
BRDA:1319,85,1,0
BRDA:1323,86,0,0
BRDA:1323,86,1,0
BRDA:1324,87,0,0
BRDA:1324,87,1,0
BRDA:1328,88,0,0
BRDA:1328,88,1,0
BRDA:1341,89,0,0
BRDA:1341,89,1,0
BRDA:1353,90,0,0
BRDA:1353,90,1,0
BRDA:1356,91,0,0
BRDA:1356,91,1,0
BRDA:1367,92,0,0
BRDA:1367,92,1,0
BRDA:1379,93,0,0
BRDA:1379,93,1,0
BRDA:1397,94,0,0
BRDA:1400,95,0,0
BRDA:1400,95,1,0
BRDA:1409,96,0,0
BRDA:1409,96,1,0
BRDA:1411,97,0,0
BRDA:1411,97,1,0
BRDA:1458,98,0,0
BRDA:1458,98,1,0
BRDA:1458,99,0,0
BRDA:1458,99,1,0
BRDA:1458,99,2,0
BRDA:1463,100,0,0
BRDA:1463,100,1,0
BRDA:1472,101,0,0
BRDA:1472,101,1,0
BRDA:1484,102,0,0
BRDA:1484,102,1,0
BRDA:1502,103,0,0
BRDA:1502,103,1,0
BRDA:1511,104,0,0
BRDA:1511,104,1,0
BRDA:1511,105,0,0
BRDA:1511,105,1,0
BRDA:1533,106,0,0
BRDA:1533,106,1,0
BRDA:1579,107,0,0
BRDA:1579,107,1,0
BRDA:1579,108,0,0
BRDA:1579,108,1,0
BRDA:1579,108,2,0
BRDA:1579,108,3,0
BRDA:1603,109,0,0
BRDA:1603,109,1,0
BRDA:1605,110,0,0
BRDA:1605,110,1,0
BRDA:1611,111,0,0
BRDA:1611,111,1,0
BRDA:1612,112,0,0
BRDA:1612,112,1,0
BRF:233
BRH:0
end_of_record
TN:
SF:src/features/auth/data/services/advanced-security.service.impl.ts
FN:264,(anonymous_0)
FN:288,(anonymous_1)
FN:300,(anonymous_2)
FN:304,(anonymous_3)
FN:311,(anonymous_4)
FN:328,(anonymous_5)
FN:352,(anonymous_6)
FN:353,(anonymous_7)
FN:354,(anonymous_8)
FN:441,(anonymous_9)
FN:494,(anonymous_10)
FN:567,(anonymous_11)
FN:622,(anonymous_12)
FN:676,(anonymous_13)
FN:696,(anonymous_14)
FN:722,(anonymous_15)
FN:746,(anonymous_16)
FN:763,(anonymous_17)
FN:786,(anonymous_18)
FN:811,(anonymous_19)
FN:837,(anonymous_20)
FN:888,(anonymous_21)
FN:905,(anonymous_22)
FN:927,(anonymous_23)
FN:957,(anonymous_24)
FN:995,(anonymous_25)
FN:1034,(anonymous_26)
FN:1085,(anonymous_27)
FNF:28
FNH:0
FNDA:0,(anonymous_0)
FNDA:0,(anonymous_1)
FNDA:0,(anonymous_2)
FNDA:0,(anonymous_3)
FNDA:0,(anonymous_4)
FNDA:0,(anonymous_5)
FNDA:0,(anonymous_6)
FNDA:0,(anonymous_7)
FNDA:0,(anonymous_8)
FNDA:0,(anonymous_9)
FNDA:0,(anonymous_10)
FNDA:0,(anonymous_11)
FNDA:0,(anonymous_12)
FNDA:0,(anonymous_13)
FNDA:0,(anonymous_14)
FNDA:0,(anonymous_15)
FNDA:0,(anonymous_16)
FNDA:0,(anonymous_17)
FNDA:0,(anonymous_18)
FNDA:0,(anonymous_19)
FNDA:0,(anonymous_20)
FNDA:0,(anonymous_21)
FNDA:0,(anonymous_22)
FNDA:0,(anonymous_23)
FNDA:0,(anonymous_24)
FNDA:0,(anonymous_25)
FNDA:0,(anonymous_26)
FNDA:0,(anonymous_27)
DA:270,0
DA:289,0
DA:290,0
DA:291,0
DA:302,0
DA:304,0
DA:305,0
DA:311,0
DA:312,0
DA:313,0
DA:329,0
DA:330,0
DA:344,0
DA:352,0
DA:353,0
DA:354,0
DA:358,0
DA:359,0
DA:360,0
DA:361,0
DA:363,0
DA:374,0
DA:383,0
DA:385,0
DA:388,0
DA:442,0
DA:443,0
DA:450,0
DA:463,0
DA:471,0
DA:473,0
DA:476,0
DA:499,0
DA:500,0
DA:506,0
DA:507,0
DA:508,0
DA:509,0
DA:512,0
DA:521,0
DA:522,0
DA:523,0
DA:524,0
DA:527,0
DA:528,0
DA:530,0
DA:537,0
DA:547,0
DA:549,0
DA:553,0
DA:571,0
DA:572,0
DA:574,0
DA:575,0
DA:580,0
DA:593,0
DA:604,0
DA:608,0
DA:626,0
DA:627,0
DA:629,0
DA:630,0
DA:632,0
DA:645,0
DA:656,0
DA:678,0
DA:679,0
DA:680,0
DA:681,0
DA:682,0
DA:683,0
DA:685,0
DA:697,0
DA:700,0
DA:701,0
DA:704,0
DA:708,0
DA:711,0
DA:723,0
DA:726,0
DA:727,0
DA:730,0
DA:731,0
DA:732,0
DA:735,0
DA:747,0
DA:749,0
DA:755,0
DA:756,0
DA:759,0
DA:760,0
DA:763,0
DA:764,0
DA:766,0
DA:768,0
DA:770,0
DA:774,0
DA:787,0
DA:790,0
DA:791,0
DA:792,0
DA:796,0
DA:798,0
DA:816,0
DA:818,0
DA:819,0
DA:820,0
DA:821,0
DA:822,0
DA:823,0
DA:825,0
DA:841,0
DA:844,0
DA:846,0
DA:847,0
DA:848,0
DA:849,0
DA:851,0
DA:852,0
DA:853,0
DA:854,0
DA:856,0
DA:857,0
DA:858,0
DA:859,0
DA:861,0
DA:862,0
DA:866,0
DA:867,0
DA:869,0
DA:870,0
DA:872,0
DA:873,0
DA:876,0
DA:893,0
DA:909,0
DA:911,0
DA:914,0
DA:915,0
DA:931,0
DA:933,0
DA:937,0
DA:938,0
DA:939,0
DA:941,0
DA:946,0
DA:947,0
DA:958,0
DA:959,0
DA:972,0
DA:996,0
DA:998,0
DA:1005,0
DA:1013,0
DA:1015,0
DA:1018,0
DA:1035,0
DA:1036,0
DA:1039,0
DA:1040,0
DA:1043,0
DA:1044,0
DA:1047,0
DA:1048,0
DA:1051,0
DA:1052,0
DA:1055,0
DA:1064,0
DA:1066,0
DA:1069,0
DA:1086,0
DA:1087,0
DA:1090,0
DA:1091,0
DA:1092,0
DA:1093,0
DA:1094,0
DA:1095,0
DA:1098,0
DA:1100,0
DA:1108,0
DA:1110,0
DA:1113,0
LF:183
LH:0
BRDA:305,0,0,0
BRDA:305,0,1,0
BRDA:521,1,0,0
BRDA:521,1,1,0
BRDA:522,2,0,0
BRDA:522,2,1,0
BRDA:523,3,0,0
BRDA:523,3,1,0
BRDA:534,4,0,0
BRDA:534,4,1,0
BRDA:574,5,0,0
BRDA:574,5,1,0
BRDA:574,6,0,0
BRDA:574,6,1,0
BRDA:629,7,0,0
BRDA:629,7,1,0
BRDA:629,8,0,0
BRDA:629,8,1,0
BRDA:635,9,0,0
BRDA:635,9,1,0
BRDA:647,10,0,0
BRDA:647,10,1,0
BRDA:700,11,0,0
BRDA:700,11,1,0
BRDA:701,12,0,0
BRDA:701,12,1,0
BRDA:704,13,0,0
BRDA:704,13,1,0
BRDA:704,14,0,0
BRDA:704,14,1,0
BRDA:704,14,2,0
BRDA:704,14,3,0
BRDA:726,15,0,0
BRDA:726,15,1,0
BRDA:727,16,0,0
BRDA:727,16,1,0
BRDA:731,17,0,0
BRDA:731,17,1,0
BRDA:731,18,0,0
BRDA:731,18,1,0
BRDA:756,19,0,0
BRDA:756,19,1,0
BRDA:759,20,0,0
BRDA:759,20,1,0
BRDA:760,21,0,0
BRDA:760,21,1,0
BRDA:763,22,0,0
BRDA:763,22,1,0
BRDA:791,23,0,0
BRDA:791,23,1,0
BRDA:791,24,0,0
BRDA:791,24,1,0
BRDA:796,25,0,0
BRDA:796,25,1,0
BRDA:818,26,0,0
BRDA:818,26,1,0
BRDA:819,27,0,0
BRDA:819,27,1,0
BRDA:820,28,0,0
BRDA:820,28,1,0
BRDA:821,29,0,0
BRDA:821,29,1,0
BRDA:822,30,0,0
BRDA:822,30,1,0
BRDA:823,31,0,0
BRDA:823,31,1,0
BRDA:844,32,0,0
BRDA:844,32,1,0
BRDA:844,32,2,0
BRDA:844,32,3,0
BRDA:866,33,0,0
BRDA:866,33,1,0
BRDA:869,34,0,0
BRDA:869,34,1,0
BRDA:872,35,0,0
BRDA:872,35,1,0
BRDA:893,36,0,0
BRDA:893,36,1,0
BRDA:909,37,0,0
BRDA:909,37,1,0
BRDA:909,38,0,0
BRDA:909,38,1,0
BRDA:909,38,2,0
BRDA:909,38,3,0
BRDA:931,39,0,0
BRDA:931,39,1,0
BRDA:931,40,0,0
BRDA:931,40,1,0
BRDA:931,40,2,0
BRDA:931,40,3,0
BRDA:1039,41,0,0
BRDA:1039,41,1,0
BRDA:1043,42,0,0
BRDA:1043,42,1,0
BRDA:1047,43,0,0
BRDA:1047,43,1,0
BRDA:1051,44,0,0
BRDA:1051,44,1,0
BRDA:1057,45,0,0
BRDA:1057,45,1,0
BRDA:1057,46,0,0
BRDA:1057,46,1,0
BRDA:1090,47,0,0
BRDA:1090,47,1,0
BRDA:1091,48,0,0
BRDA:1091,48,1,0
BRDA:1092,49,0,0
BRDA:1092,49,1,0
BRDA:1093,50,0,0
BRDA:1093,50,1,0
BRDA:1094,51,0,0
BRDA:1094,51,1,0
BRDA:1095,52,0,0
BRDA:1095,52,1,0
BRF:114
BRH:0
end_of_record
TN:
SF:src/features/auth/data/services/auth-gdpr-audit.service.ts
FN:130,(anonymous_0)
FN:141,(anonymous_1)
FN:182,(anonymous_2)
FN:231,(anonymous_3)
FN:273,(anonymous_4)
FN:316,(anonymous_5)
FN:362,(anonymous_6)
FN:407,(anonymous_7)
FN:417,(anonymous_8)
FN:424,(anonymous_9)
FN:443,(anonymous_10)
FN:477,(anonymous_11)
FN:486,(anonymous_12)
FN:490,(anonymous_13)
FN:497,(anonymous_14)
FNF:15
FNH:3
FNDA:2,(anonymous_0)
FNDA:0,(anonymous_1)
FNDA:0,(anonymous_2)
FNDA:0,(anonymous_3)
FNDA:0,(anonymous_4)
FNDA:0,(anonymous_5)
FNDA:0,(anonymous_6)
FNDA:0,(anonymous_7)
FNDA:2,(anonymous_8)
FNDA:0,(anonymous_9)
FNDA:0,(anonymous_10)
FNDA:0,(anonymous_11)
FNDA:0,(anonymous_12)
FNDA:0,(anonymous_13)
FNDA:2,(anonymous_14)
DA:13,2
DA:14,2
DA:17,2
DA:18,2
DA:22,2
DA:128,2
DA:131,2
DA:154,0
DA:176,0
DA:194,0
DA:225,0
DA:243,0
DA:267,0
DA:282,0
DA:310,0
DA:325,0
DA:356,0
DA:371,0
DA:397,0
DA:408,0
DA:409,0
DA:410,0
DA:411,0
DA:418,2
DA:426,0
DA:427,0
DA:428,0
DA:431,0
DA:432,0
DA:433,0
DA:435,0
DA:444,0
DA:445,0
DA:448,0
DA:469,0
DA:470,0
DA:482,0
DA:484,0
DA:485,0
DA:486,0
DA:489,0
DA:490,0
DA:498,2
DA:499,2
DA:502,2
DA:522,2
DA:527,2
LF:47
LH:13
BRDA:17,0,0,2
BRDA:17,0,1,0
BRDA:17,1,0,2
BRDA:17,1,1,0
BRDA:22,2,0,0
BRDA:22,2,1,2
BRDA:22,3,0,2
BRDA:22,3,1,0
BRDA:144,4,0,0
BRDA:145,5,0,0
BRDA:169,6,0,0
BRDA:169,6,1,0
BRDA:184,7,0,0
BRDA:185,8,0,0
BRDA:234,9,0,0
BRDA:235,10,0,0
BRDA:258,11,0,0
BRDA:258,11,1,0
BRDA:275,12,0,0
BRDA:276,13,0,0
BRDA:318,14,0,0
BRDA:365,15,0,0
BRDA:373,16,0,0
BRDA:373,16,1,0
BRDA:388,17,0,0
BRDA:388,17,1,0
BRDA:408,18,0,0
BRDA:408,18,1,0
BRDA:409,19,0,0
BRDA:409,19,1,0
BRDA:410,20,0,0
BRDA:410,20,1,0
BRDA:426,21,0,0
BRDA:426,21,1,0
BRDA:431,22,0,0
BRDA:431,22,1,0
BRDA:444,23,0,0
BRDA:444,23,1,0
BRDA:469,24,0,0
BRDA:469,24,1,0
BRDA:479,25,0,0
BRDA:482,26,0,0
BRDA:482,26,1,0
BRDA:485,27,0,0
BRDA:485,27,1,0
BRF:45
BRH:4
end_of_record
TN:
SF:src/features/auth/data/services/biometric-auth.service.impl.ts
FN:196,(anonymous_0)
FN:244,(anonymous_1)
FN:323,(anonymous_2)
FN:413,(anonymous_3)
FN:503,(anonymous_4)
FN:532,(anonymous_5)
FN:577,(anonymous_6)
FN:602,(anonymous_7)
FNF:8
FNH:0
FNDA:0,(anonymous_0)
FNDA:0,(anonymous_1)
FNDA:0,(anonymous_2)
FNDA:0,(anonymous_3)
FNDA:0,(anonymous_4)
FNDA:0,(anonymous_5)
FNDA:0,(anonymous_6)
FNDA:0,(anonymous_7)
DA:199,0
DA:203,0
DA:245,0
DA:246,0
DA:248,0
DA:253,0
DA:261,0
DA:263,0
DA:267,0
DA:324,0
DA:325,0
DA:326,0
DA:328,0
DA:338,0
DA:343,0
DA:347,0
DA:414,0
DA:416,0
DA:417,0
DA:418,0
DA:425,0
DA:428,0
DA:433,0
DA:434,0
DA:444,0
DA:449,0
DA:458,0
DA:464,0
DA:469,0
DA:504,0
DA:505,0
DA:506,0
DA:508,0
DA:511,0
DA:533,0
DA:534,0
DA:536,0
DA:544,0
DA:547,0
DA:578,0
DA:580,0
DA:582,0
DA:584,0
DA:586,0
DA:603,0
DA:605,0
DA:607,0
DA:609,0
DA:611,0
LF:49
LH:0
BRDA:270,0,0,0
BRDA:270,0,1,0
BRDA:417,1,0,0
BRDA:417,1,1,0
BRDA:433,2,0,0
BRDA:433,2,1,0
BRDA:433,3,0,0
BRDA:433,3,1,0
BRDA:471,4,0,0
BRDA:471,4,1,0
BRDA:578,5,0,0
BRDA:578,5,1,0
BRDA:578,5,2,0
BRDA:578,5,3,0
BRDA:603,6,0,0
BRDA:603,6,1,0
BRDA:603,6,2,0
BRDA:603,6,3,0
BRF:18
BRH:0
end_of_record
TN:
SF:src/features/auth/data/services/compliance.service.impl.ts
FN:304,(anonymous_0)
FN:369,(anonymous_1)
FN:528,(anonymous_2)
FN:607,(anonymous_3)
FN:686,(anonymous_4)
FN:744,(anonymous_5)
FN:801,(anonymous_6)
[...]
FN:270,(anonymous_5)
FN:277,(anonymous_6)
FN:284,(anonymous_7)
FN:291,(anonymous_8)
FN:298,(anonymous_9)
FN:318,(anonymous_10)
FN:357,isAppError
FN:365,createAppError
FNF:13
FNH:0
FNDA:0,(anonymous_0)
FNDA:0,(anonymous_1)
FNDA:0,(anonymous_2)
FNDA:0,(anonymous_3)
FNDA:0,(anonymous_4)
FNDA:0,(anonymous_5)
FNDA:0,(anonymous_6)
FNDA:0,(anonymous_7)
FNDA:0,(anonymous_8)
FNDA:0,(anonymous_9)
FNDA:0,(anonymous_10)
FNDA:0,isAppError
FNDA:0,createAppError
DA:189,0
DA:192,0
DA:193,0
DA:196,0
DA:197,0
DA:198,0
DA:199,0
DA:200,0
DA:201,0
DA:202,0
DA:203,0
DA:204,0
DA:205,0
DA:208,0
DA:209,0
DA:210,0
DA:214,0
DA:215,0
DA:223,0
DA:224,0
DA:225,0
DA:232,0
DA:257,0
DA:264,0
DA:271,0
DA:278,0
DA:285,0
DA:292,0
DA:299,0
DA:323,0
DA:324,0
DA:327,0
DA:328,0
DA:339,0
DA:358,0
DA:366,0
LF:36
LH:0
BRDA:208,0,0,0
BRDA:208,0,1,0
BRDA:214,1,0,0
BRDA:214,1,1,0
BRDA:245,2,0,0
BRDA:245,2,1,0
BRDA:264,3,0,0
BRDA:264,3,1,0
BRDA:292,4,0,0
BRDA:292,4,1,0
BRDA:320,5,0,0
BRDA:321,6,0,0
BRDA:323,7,0,0
BRDA:323,7,1,0
BRDA:327,8,0,0
BRDA:327,8,1,0
BRF:16
BRH:0
end_of_record
TN:
SF:src/shared/errors/error-boundary.tsx
FN:274,(anonymous_0)
FN:298,(anonymous_1)
FN:321,(anonymous_2)
FN:341,(anonymous_3)
FN:355,(anonymous_4)
FN:464,(anonymous_5)
FNF:6
FNH:0
FNDA:0,(anonymous_0)
FNDA:0,(anonymous_1)
FNDA:0,(anonymous_2)
FNDA:0,(anonymous_3)
FNDA:0,(anonymous_4)
FNDA:0,(anonymous_5)
DA:275,0
DA:276,0
DA:299,0
DA:322,0
DA:341,0
DA:342,0
DA:356,0
DA:357,0
DA:360,0
DA:464,0
DA:465,0
DA:467,0
DA:485,0
LF:13
LH:0
BRDA:356,0,0,0
BRDA:356,0,1,0
BRF:2
BRH:0
end_of_record
TN:
SF:src/shared/errors/validation.error.ts
FN:245,(anonymous_0)
FNF:1
FNH:0
FNDA:0,(anonymous_0)
DA:246,0
DA:261,0
LF:2
LH:0
BRDA:245,0,0,0
BRDA:253,1,0,0
BRDA:253,1,1,0
BRF:3
BRH:0
end_of_record
TN:
SF:src/shared/hoc/with-auth.guard.tsx
FN:183,(anonymous_0)
FN:186,(anonymous_1)
FNF:2
FNH:0
FNDA:0,(anonymous_0)
FNDA:0,(anonymous_1)
DA:183,0
DA:186,0
DA:187,0
DA:188,0
DA:191,0
DA:193,0
LF:6
LH:0
BRDA:191,0,0,0
BRDA:191,0,1,0
BRDA:191,0,2,0
BRF:3
BRH:0
end_of_record
TN:
SF:src/shared/hoc/with-guest.guard.tsx
FN:205,(anonymous_0)
FN:208,(anonymous_1)
FNF:2
FNH:0
FNDA:0,(anonymous_0)
FNDA:0,(anonymous_1)
DA:205,0
DA:208,0
DA:209,0
DA:210,0
DA:213,0
DA:215,0
LF:6
LH:0
BRDA:213,0,0,0
BRDA:213,0,1,0
BRDA:213,0,2,0
BRF:3
BRH:0
end_of_record
TN:
SF:src/shared/hoc/with-role-guard.tsx
FN:356,(anonymous_0)
FN:357,(anonymous_1)
FN:358,(anonymous_2)
FN:391,(anonymous_3)
FN:428,(anonymous_4)
FN:433,(anonymous_5)
FN:536,(anonymous_6)
FN:537,(anonymous_7)
FN:627,(anonymous_8)
FN:691,(anonymous_9)
FNF:10
FNH:0
FNDA:0,(anonymous_0)
FNDA:0,(anonymous_1)
FNDA:0,(anonymous_2)
FNDA:0,(anonymous_3)
FNDA:0,(anonymous_4)
FNDA:0,(anonymous_5)
FNDA:0,(anonymous_6)
FNDA:0,(anonymous_7)
FNDA:0,(anonymous_8)
FNDA:0,(anonymous_9)
DA:356,0
DA:357,0
DA:358,0
DA:370,0
DA:372,0
DA:382,0
DA:391,0
DA:392,0
DA:394,0
DA:396,0
DA:397,0
DA:401,0
DA:402,0
DA:404,0
DA:406,0
DA:407,0
DA:411,0
DA:412,0
DA:428,0
DA:429,0
DA:433,0
DA:434,0
DA:435,0
DA:436,0
DA:437,0
DA:440,0
DA:445,0
DA:446,0
DA:450,0
DA:451,0
DA:460,0
DA:461,0
DA:465,0
DA:474,0
DA:478,0
DA:536,0
DA:537,0
DA:538,0
DA:539,0
DA:568,0
DA:578,0
DA:588,0
DA:604,0
DA:627,0
DA:628,0
DA:630,0
DA:691,0
DA:692,0
DA:694,0
LF:49
LH:0
BRDA:361,0,0,0
BRDA:363,1,0,0
BRDA:364,2,0,0
BRDA:365,3,0,0
BRDA:368,4,0,0
BRDA:369,5,0,0
BRDA:392,6,0,0
BRDA:392,6,1,0
BRDA:394,7,0,0
BRDA:394,7,1,0
BRDA:396,8,0,0
BRDA:396,8,1,0
BRDA:401,9,0,0
BRDA:401,9,1,0
BRDA:404,10,0,0
BRDA:404,10,1,0
BRDA:406,11,0,0
BRDA:406,11,1,0
BRDA:411,12,0,0
BRDA:411,12,1,0
BRDA:434,13,0,0
BRDA:434,13,1,0
BRDA:436,14,0,0
BRDA:436,14,1,0
BRDA:445,15,0,0
BRDA:445,15,1,0
BRDA:445,16,0,0
BRDA:445,16,1,0
BRDA:450,17,0,0
BRDA:450,17,1,0
BRDA:450,18,0,0
BRDA:450,18,1,0
BRDA:460,19,0,0
BRDA:460,19,1,0
BRDA:475,20,0,0
BRDA:475,20,1,0
BRDA:475,20,2,0
BRF:37
BRH:0
end_of_record
TN:
SF:src/shared/hoc/with-session.guard.tsx
FN:231,(anonymous_0)
FN:234,(anonymous_1)
FNF:2
FNH:0
FNDA:0,(anonymous_0)
FNDA:0,(anonymous_1)
DA:231,0
DA:234,0
DA:235,0
DA:236,0
DA:239,0
DA:241,0
LF:6
LH:0
BRDA:239,0,0,0
BRDA:239,0,1,0
BRDA:239,0,2,0
BRF:3
BRH:0
end_of_record
TN:
SF:src/shared/hooks/use-auth.guard.ts
FN:276,useAuthGuard
FN:281,(anonymous_1)
FNF:2
FNH:0
FNDA:0,useAuthGuard
FNDA:0,(anonymous_1)
DA:277,0
DA:278,0
DA:279,0
DA:281,0
DA:282,0
DA:288,0
DA:289,0
DA:290,0
DA:291,0
DA:300,0
DA:301,0
LF:11
LH:0
BRDA:288,0,0,0
BRDA:288,0,1,0
BRDA:288,1,0,0
BRDA:288,1,1,0
BRDA:300,2,0,0
BRDA:300,2,1,0
BRF:6
BRH:0
end_of_record
TN:
SF:src/shared/hooks/use-cache.ts
FN:595,(anonymous_0)
FN:611,(anonymous_1)
FN:612,(anonymous_2)
FN:625,(anonymous_3)
FN:635,(anonymous_4)
FN:638,(anonymous_5)
FN:661,(anonymous_6)
FN:674,(anonymous_7)
FN:679,(anonymous_8)
FN:683,(anonymous_9)
FN:689,(anonymous_10)
FN:702,(anonymous_11)
FN:715,(anonymous_12)
FNF:13
FNH:0
FNDA:0,(anonymous_0)
FNDA:0,(anonymous_1)
FNDA:0,(anonymous_2)
FNDA:0,(anonymous_3)
FNDA:0,(anonymous_4)
FNDA:0,(anonymous_5)
FNDA:0,(anonymous_6)
FNDA:0,(anonymous_7)
FNDA:0,(anonymous_8)
FNDA:0,(anonymous_9)
FNDA:0,(anonymous_10)
FNDA:0,(anonymous_11)
FNDA:0,(anonymous_12)
DA:595,0
DA:600,0
DA:602,0
DA:603,0
DA:608,0
DA:611,0
DA:612,0
DA:613,0
DA:614,0
DA:616,0
DA:617,0
DA:618,0
DA:623,0
DA:624,0
DA:625,0
DA:627,0
DA:628,0
DA:629,0
DA:634,0
DA:635,0
DA:638,0
DA:639,0
DA:640,0
DA:642,0
DA:643,0
DA:644,0
DA:647,0
DA:648,0
DA:649,0
DA:650,0
DA:651,0
DA:655,0
DA:656,0
DA:658,0
DA:661,0
DA:662,0
DA:664,0
DA:672,0
DA:673,0
DA:674,0
DA:675,0
DA:679,0
DA:680,0
DA:683,0
DA:684,0
DA:685,0
DA:686,0
DA:689,0
DA:690,0
DA:691,0
DA:693,0
DA:694,0
DA:695,0
DA:696,0
DA:699,0
DA:702,0
DA:703,0
DA:704,0
DA:706,0
DA:715,0
DA:720,0
DA:721,0
DA:722,0
DA:725,0
DA:726,0
DA:727,0
DA:730,0
LF:67
LH:0
BRDA:595,0,0,0
BRDA:597,1,0,0
BRDA:598,2,0,0
BRDA:599,3,0,0
BRDA:617,4,0,0
BRDA:617,4,1,0
BRDA:623,5,0,0
BRDA:623,5,1,0
BRDA:642,6,0,0
BRDA:642,6,1,0
BRDA:648,7,0,0
BRDA:648,7,1,0
BRDA:661,8,0,0
BRDA:672,9,0,0
BRDA:672,9,1,0
BRDA:691,10,0,0
BRDA:691,10,1,0
BRDA:694,11,0,0
BRDA:694,11,1,0
BRDA:709,12,0,0
BRDA:709,12,1,0
BRDA:718,13,0,0
BRDA:721,14,0,0
BRDA:721,14,1,0
BRF:24
BRH:0
end_of_record
TN:
SF:src/shared/hooks/use-dialog.hook.ts
FN:584,(anonymous_0)
FN:593,(anonymous_1)
FN:610,(anonymous_2)
FN:627,(anonymous_3)
FN:642,(anonymous_4)
FN:657,(anonymous_5)
FN:675,(anonymous_6)
FN:676,(anonymous_7)
FN:682,(anonymous_8)
FN:683,(anonymous_9)
FNF:10
FNH:0
FNDA:0,(anonymous_0)
FNDA:0,(anonymous_1)
FNDA:0,(anonymous_2)
FNDA:0,(anonymous_3)
FNDA:0,(anonymous_4)
FNDA:0,(anonymous_5)
FNDA:0,(anonymous_6)
FNDA:0,(anonymous_7)
FNDA:0,(anonymous_8)
FNDA:0,(anonymous_9)
DA:584,0
DA:585,0
DA:593,0
DA:599,0
DA:610,0
DA:616,0
DA:627,0
DA:632,0
DA:642,0
DA:647,0
DA:657,0
DA:664,0
DA:675,0
DA:676,0
DA:682,0
DA:683,0
DA:690,0
LF:17
LH:0
BRDA:602,0,0,0
BRDA:602,0,1,0
BRDA:603,1,0,0
BRDA:603,1,1,0
BRDA:619,2,0,0
BRDA:619,2,1,0
BRDA:620,3,0,0
BRDA:620,3,1,0
BRDA:635,4,0,0
BRDA:635,4,1,0
BRDA:650,5,0,0
BRDA:650,5,1,0
BRF:12
BRH:0
end_of_record
TN:
SF:src/shared/hooks/use-error-handler.ts
FN:525,(anonymous_0)
FN:532,(anonymous_1)
FN:554,(anonymous_2)
FN:554,(anonymous_3)
FN:568,(anonymous_4)
FN:575,(anonymous_5)
FN:579,(anonymous_6)
FN:586,(anonymous_7)
FN:630,mapErrorToUserMessage
FNF:9
FNH:0
FNDA:0,(anonymous_0)
FNDA:0,(anonymous_1)
FNDA:0,(anonymous_2)
FNDA:0,(anonymous_3)
FNDA:0,(anonymous_4)
FNDA:0,(anonymous_5)
FNDA:0,(anonymous_6)
FNDA:0,(anonymous_7)
FNDA:0,mapErrorToUserMessage
DA:525,0
DA:526,0
DA:527,0
DA:532,0
DA:533,0
DA:541,0
DA:547,0
DA:548,0
DA:554,0
DA:560,0
DA:568,0
DA:569,0
DA:575,0
DA:576,0
DA:579,0
DA:580,0
DA:586,0
DA:590,0
DA:591,0
DA:593,0
DA:594,0
DA:598,0
DA:632,0
DA:633,0
DA:637,0
DA:638,0
DA:642,0
DA:643,0
DA:647,0
DA:648,0
DA:652,0
DA:653,0
DA:657,0
LF:33
LH:0
BRDA:534,0,0,0
BRDA:534,0,1,0
BRDA:535,1,0,0
BRDA:535,1,1,0
BRDA:535,2,0,0
BRDA:535,2,1,0
BRDA:536,3,0,0
BRDA:536,3,1,0
BRDA:632,4,0,0
BRDA:632,4,1,0
BRDA:632,5,0,0
BRDA:632,5,1,0
BRDA:633,6,0,0
BRDA:633,6,1,0
BRDA:637,7,0,0
BRDA:637,7,1,0
BRDA:637,8,0,0
BRDA:637,8,1,0
BRDA:638,9,0,0
BRDA:638,9,1,0
BRDA:642,10,0,0
BRDA:642,10,1,0
BRDA:642,11,0,0
BRDA:642,11,1,0
BRDA:647,12,0,0
BRDA:647,12,1,0
BRDA:648,13,0,0
BRDA:648,13,1,0
BRDA:652,14,0,0
BRDA:652,14,1,0
BRDA:653,15,0,0
BRDA:653,15,1,0
BRDA:657,16,0,0
BRDA:657,16,1,0
BRF:34
BRH:0
end_of_record
TN:
SF:src/shared/hooks/use-guest.guard.ts
FN:318,useGuestGuard
FN:324,(anonymous_1)
FN:334,(anonymous_2)
FN:348,(anonymous_3)
FNF:4
FNH:0
FNDA:0,useGuestGuard
FNDA:0,(anonymous_1)
FNDA:0,(anonymous_2)
FNDA:0,(anonymous_3)
DA:319,0
DA:320,0
DA:321,0
DA:324,0
DA:325,0
DA:334,0
DA:335,0
DA:343,0
DA:344,0
DA:345,0
DA:348,0
DA:349,0
DA:350,0
DA:351,0
DA:357,0
DA:359,0
DA:365,0
DA:366,0
DA:367,0
LF:19
LH:0
BRDA:329,0,0,0
BRDA:329,0,1,0
BRDA:339,1,0,0
BRDA:339,1,1,0
BRDA:343,2,0,0
BRDA:343,2,1,0
BRDA:343,3,0,0
BRDA:343,3,1,0
BRDA:343,3,2,0
BRDA:365,4,0,0
BRDA:365,4,1,0
BRDA:365,5,0,0
BRDA:365,5,1,0
BRF:13
BRH:0
end_of_record
TN:
SF:src/shared/hooks/use-loading-state.ts
FN:385,(anonymous_0)
FN:388,(anonymous_1)
FN:392,(anonymous_2)
FN:394,(anonymous_3)
FN:395,(anonymous_4)
FN:401,(anonymous_5)
FN:414,(anonymous_6)
FNF:7
FNH:0
FNDA:0,(anonymous_0)
FNDA:0,(anonymous_1)
FNDA:0,(anonymous_2)
FNDA:0,(anonymous_3)
FNDA:0,(anonymous_4)
FNDA:0,(anonymous_5)
FNDA:0,(anonymous_6)
DA:385,0
DA:386,0
DA:388,0
DA:389,0
DA:392,0
DA:394,0
DA:395,0
DA:401,0
DA:405,0
DA:406,0
DA:407,0
DA:408,0
DA:410,0
DA:414,0
DA:415,0
DA:418,0
LF:16
LH:0
BRDA:388,0,0,0
BRDA:389,1,0,0
BRDA:389,1,1,0
BRF:3
BRH:0
end_of_record
TN:
SF:src/shared/hooks/use-network-status.ts
FN:247,(anonymous_0)
FN:250,(anonymous_1)
FN:252,(anonymous_2)
FN:260,(anonymous_3)
FN:264,(anonymous_4)
FNF:5
FNH:0
FNDA:0,(anonymous_0)
FNDA:0,(anonymous_1)
FNDA:0,(anonymous_2)
FNDA:0,(anonymous_3)
FNDA:0,(anonymous_4)
DA:247,0
DA:248,0
DA:250,0
DA:252,0
DA:253,0
DA:254,0
DA:257,0
DA:260,0
DA:261,0
DA:264,0
DA:265,0
DA:269,0
LF:12
LH:0
BRF:0
BRH:0
end_of_record
TN:
SF:src/shared/hooks/use-permission.ts
FN:472,(anonymous_0)
FN:502,(anonymous_1)
FN:525,(anonymous_2)
FN:544,(anonymous_3)
FN:602,(anonymous_4)
FN:628,(anonymous_5)
FN:633,(anonymous_6)
FN:636,(anonymous_7)
FN:655,(anonymous_8)
FN:662,(anonymous_9)
FN:663,(anonymous_10)
FNF:11
FNH:0
FNDA:0,(anonymous_0)
FNDA:0,(anonymous_1)
FNDA:0,(anonymous_2)
FNDA:0,(anonymous_3)
FNDA:0,(anonymous_4)
FNDA:0,(anonymous_5)
FNDA:0,(anonymous_6)
FNDA:0,(anonymous_7)
FNDA:0,(anonymous_8)
FNDA:0,(anonymous_9)
FNDA:0,(anonymous_10)
DA:217,0
DA:472,0
DA:483,0
DA:485,0
DA:488,0
DA:489,0
DA:490,0
DA:491,0
DA:492,0
DA:502,0
DA:503,0
DA:505,0
DA:506,0
DA:508,0
DA:509,0
DA:510,0
DA:513,0
DA:514,0
DA:525,0
DA:526,0
DA:528,0
DA:529,0
DA:544,0
DA:545,0
DA:546,0
DA:549,0
DA:550,0
DA:553,0
DA:554,0
DA:555,0
DA:559,0
DA:562,0
DA:565,0
DA:568,0
DA:569,0
DA:572,0
DA:575,0
DA:576,0
DA:579,0
DA:580,0
DA:583,0
DA:584,0
DA:602,0
DA:603,0
DA:605,0
DA:608,0
DA:609,0
DA:610,0
DA:613,0
DA:614,0
DA:615,0
DA:617,0
DA:628,0
DA:629,0
DA:633,0
DA:634,0
DA:636,0
DA:637,0
DA:638,0
DA:641,0
DA:642,0
DA:643,0
DA:645,0
DA:646,0
DA:651,0
DA:655,0
DA:656,0
DA:658,0
DA:662,0
DA:663,0
DA:664,0
DA:671,0
LF:72
LH:0
BRDA:474,0,0,0
BRDA:477,1,0,0
BRDA:478,2,0,0
BRDA:479,3,0,0
BRDA:480,4,0,0
BRDA:503,5,0,0
BRDA:503,5,1,0
BRDA:505,6,0,0
BRDA:505,6,1,0
BRDA:508,7,0,0
BRDA:508,7,1,0
BRDA:508,8,0,0
BRDA:508,8,1,0
BRDA:526,9,0,0
BRDA:526,9,1,0
BRDA:528,10,0,0
BRDA:528,10,1,0
BRDA:545,11,0,0
BRDA:545,11,1,0
BRDA:545,12,0,0
BRDA:545,12,1,0
BRDA:554,13,0,0
BRDA:554,13,1,0
BRDA:568,14,0,0
BRDA:568,14,1,0
BRDA:575,15,0,0
BRDA:575,15,1,0
BRDA:579,16,0,0
BRDA:579,16,1,0
BRDA:580,17,0,0
BRDA:580,17,1,0
BRDA:603,18,0,0
BRDA:603,18,1,0
BRDA:608,19,0,0
BRDA:608,19,1,0
BRDA:608,20,0,0
BRDA:608,20,1,0
BRDA:634,21,0,0
BRDA:634,21,1,0
BRDA:637,22,0,0
BRDA:637,22,1,0
BRDA:645,23,0,0
BRDA:645,23,1,0
BRDA:656,24,0,0
BRDA:656,24,1,0
BRDA:656,25,0,0
BRDA:656,25,1,0
BRDA:664,26,0,0
BRDA:664,26,1,0
BRDA:664,27,0,0
BRDA:664,27,1,0
BRF:51
BRH:0
end_of_record
TN:
SF:src/shared/hooks/use-role.ts
FN:497,(anonymous_0)
FN:529,(anonymous_1)
FN:551,(anonymous_2)
FN:570,(anonymous_3)
FN:573,(anonymous_4)
FN:590,(anonymous_5)
FN:601,(anonymous_6)
FN:612,(anonymous_7)
FN:667,(anonymous_8)
FN:670,(anonymous_9)
FN:693,(anonymous_10)
FN:728,(anonymous_11)
FN:731,(anonymous_12)
FN:767,(anonymous_13)
FN:774,(anonymous_14)
FN:775,(anonymous_15)
FN:809,(anonymous_16)
FNF:17
FNH:0
FNDA:0,(anonymous_0)
FNDA:0,(anonymous_1)
FNDA:0,(anonymous_2)
FNDA:0,(anonymous_3)
FNDA:0,(anonymous_4)
FNDA:0,(anonymous_5)
FNDA:0,(anonymous_6)
FNDA:0,(anonymous_7)
FNDA:0,(anonymous_8)
FNDA:0,(anonymous_9)
FNDA:0,(anonymous_10)
FNDA:0,(anonymous_11)
FNDA:0,(anonymous_12)
FNDA:0,(anonymous_13)
FNDA:0,(anonymous_14)
FNDA:0,(anonymous_15)
FNDA:0,(anonymous_16)
DA:266,0
DA:497,0
DA:509,0
DA:511,0
DA:514,0
DA:515,0
DA:516,0
DA:517,0
DA:518,0
DA:519,0
DA:520,0
DA:529,0
DA:530,0
DA:532,0
DA:533,0
DA:535,0
DA:536,0
DA:537,0
DA:540,0
DA:541,0
DA:551,0
DA:552,0
DA:554,0
DA:555,0
DA:570,0
DA:571,0
DA:573,0
DA:574,0
DA:575,0
DA:576,0
DA:580,0
DA:590,0
DA:591,0
DA:601,0
DA:602,0
DA:612,0
DA:613,0
DA:614,0
DA:617,0
DA:618,0
DA:621,0
DA:622,0
DA:623,0
DA:627,0
DA:630,0
DA:633,0
DA:635,0
DA:638,0
DA:639,0
DA:642,0
DA:643,0
DA:646,0
DA:647,0
DA:667,0
DA:668,0
DA:670,0
DA:671,0
DA:672,0
DA:674,0
DA:675,0
DA:677,0
DA:680,0
DA:683,0
DA:693,0
DA:694,0
DA:697,0
DA:698,0
DA:699,0
DA:702,0
DA:703,0
DA:704,0
DA:705,0
DA:707,0
DA:708,0
DA:711,0
DA:712,0
DA:715,0
DA:728,0
DA:729,0
DA:731,0
DA:732,0
DA:733,0
DA:736,0
DA:737,0
DA:738,0
DA:739,0
DA:741,0
DA:742,0
DA:745,0
DA:746,0
DA:749,0
DA:750,0
DA:755,0
DA:767,0
DA:768,0
DA:770,0
DA:774,0
DA:775,0
DA:776,0
DA:783,0
DA:809,0
DA:811,0
DA:822,0
LF:103
LH:0
BRDA:499,0,0,0
BRDA:502,1,0,0
BRDA:503,2,0,0
BRDA:504,3,0,0
BRDA:505,4,0,0
BRDA:508,5,0,0
BRDA:530,6,0,0
BRDA:530,6,1,0
BRDA:530,7,0,0
BRDA:530,7,1,0
BRDA:535,8,0,0
BRDA:535,8,1,0
BRDA:535,9,0,0
BRDA:535,9,1,0
BRDA:552,10,0,0
BRDA:552,10,1,0
BRDA:552,11,0,0
BRDA:552,11,1,0
BRDA:575,12,0,0
BRDA:575,12,1,0
BRDA:575,13,0,0
BRDA:575,13,1,0
BRDA:613,14,0,0
BRDA:613,14,1,0
BRDA:613,15,0,0
BRDA:613,15,1,0
BRDA:622,16,0,0
BRDA:622,16,1,0
BRDA:638,17,0,0
BRDA:638,17,1,0
BRDA:642,18,0,0
BRDA:642,18,1,0
BRDA:643,19,0,0
BRDA:643,19,1,0
BRDA:668,20,0,0
BRDA:668,20,1,0
BRDA:674,21,0,0
BRDA:674,21,1,0
BRDA:674,22,0,0
BRDA:674,22,1,0
BRDA:674,22,2,0
BRDA:697,23,0,0
BRDA:697,23,1,0
BRDA:697,24,0,0
BRDA:697,24,1,0
BRDA:711,25,0,0
BRDA:711,25,1,0
BRDA:729,26,0,0
BRDA:729,26,1,0
BRDA:729,27,0,0
BRDA:729,27,1,0
BRDA:732,28,0,0
BRDA:732,28,1,0
BRDA:745,29,0,0
BRDA:745,29,1,0
BRDA:749,30,0,0
BRDA:749,30,1,0
BRDA:768,31,0,0
BRDA:768,31,1,0
BRDA:768,32,0,0
BRDA:768,32,1,0
BRDA:776,33,0,0
BRDA:776,33,1,0
BRDA:776,34,0,0
BRDA:776,34,1,0
BRDA:811,35,0,0
BRDA:811,35,1,0
BRF:67
BRH:0
end_of_record
TN:
SF:src/shared/hooks/use-session.guard.ts
FN:274,(anonymous_0)
FN:279,(anonymous_1)
FNF:2
FNH:0
FNDA:0,(anonymous_0)
FNDA:0,(anonymous_1)
DA:274,0
DA:275,0
DA:277,0
DA:279,0
DA:280,0
DA:281,0
LF:6
LH:0
BRDA:280,0,0,0
BRDA:280,0,1,0
BRDA:280,1,0,0
BRDA:280,1,1,0
BRF:4
BRH:0
end_of_record
TN:
SF:src/shared/hooks/use-validation.ts
FN:728,(anonymous_0)
FN:732,(anonymous_1)
FN:745,(anonymous_2)
FN:753,(anonymous_3)
FN:770,(anonymous_4)
FN:783,(anonymous_5)
FN:788,(anonymous_6)
FN:797,(anonymous_7)
FN:804,(anonymous_8)
FN:855,(anonymous_9)
FN:864,(anonymous_10)
FN:886,(anonymous_11)
FN:899,(anonymous_12)
FN:900,(anonymous_13)
FN:906,(anonymous_14)
FN:908,(anonymous_15)
FN:918,(anonymous_16)
FN:919,(anonymous_17)
FNF:18
FNH:0
FNDA:0,(anonymous_0)
FNDA:0,(anonymous_1)
FNDA:0,(anonymous_2)
FNDA:0,(anonymous_3)
FNDA:0,(anonymous_4)
FNDA:0,(anonymous_5)
FNDA:0,(anonymous_6)
FNDA:0,(anonymous_7)
FNDA:0,(anonymous_8)
FNDA:0,(anonymous_9)
FNDA:0,(anonymous_10)
FNDA:0,(anonymous_11)
FNDA:0,(anonymous_12)
FNDA:0,(anonymous_13)
FNDA:0,(anonymous_14)
FNDA:0,(anonymous_15)
FNDA:0,(anonymous_16)
FNDA:0,(anonymous_17)
DA:728,0
DA:729,0
DA:732,0
DA:745,0
DA:753,0
DA:754,0
DA:757,0
DA:767,0
DA:770,0
DA:771,0
DA:774,0
DA:783,0
DA:784,0
DA:785,0
DA:788,0
DA:789,0
DA:790,0
DA:791,0
DA:793,0
DA:797,0
DA:799,0
DA:800,0
DA:801,0
DA:804,0
DA:805,0
DA:806,0
DA:809,0
DA:810,0
DA:811,0
DA:813,0
DA:817,0
DA:820,0
DA:821,0
DA:825,0
DA:826,0
DA:829,0
DA:830,0
DA:834,0
DA:835,0
DA:839,0
DA:840,0
DA:844,0
DA:845,0
DA:849,0
DA:850,0
DA:854,0
DA:855,0
DA:856,0
DA:857,0
DA:859,0
DA:863,0
DA:864,0
DA:865,0
DA:866,0
DA:868,0
DA:872,0
DA:873,0
DA:874,0
DA:875,0
DA:879,0
DA:886,0
DA:890,0
DA:892,0
DA:893,0
DA:896,0
DA:899,0
DA:900,0
DA:906,0
DA:907,0
DA:908,0
DA:909,0
DA:910,0
DA:911,0
DA:914,0
DA:918,0
DA:919,0
DA:922,0
LF:77
LH:0
BRDA:754,0,0,0
BRDA:754,0,1,0
BRDA:771,1,0,0
BRDA:771,1,1,0
BRDA:785,2,0,0
BRDA:785,2,1,0
BRDA:809,3,0,0
BRDA:809,3,1,0
BRDA:809,4,0,0
BRDA:809,4,1,0
BRDA:809,4,2,0
BRDA:810,5,0,0
BRDA:810,5,1,0
BRDA:820,6,0,0
BRDA:820,6,1,0
BRDA:820,7,0,0
BRDA:820,7,1,0
BRDA:825,8,0,0
BRDA:825,8,1,0
BRDA:825,9,0,0
BRDA:825,9,1,0
BRDA:829,10,0,0
BRDA:829,10,1,0
BRDA:829,11,0,0
BRDA:829,11,1,0
BRDA:834,12,0,0
BRDA:834,12,1,0
BRDA:834,13,0,0
BRDA:834,13,1,0
BRDA:839,14,0,0
BRDA:839,14,1,0
BRDA:839,15,0,0
BRDA:839,15,1,0
BRDA:844,16,0,0
BRDA:844,16,1,0
BRDA:844,17,0,0
BRDA:844,17,1,0
BRDA:849,18,0,0
BRDA:849,18,1,0
BRDA:849,19,0,0
BRDA:849,19,1,0
BRDA:854,20,0,0
BRDA:854,20,1,0
BRDA:856,21,0,0
BRDA:856,21,1,0
BRDA:863,22,0,0
BRDA:863,22,1,0
BRDA:865,23,0,0
BRDA:865,23,1,0
BRDA:872,24,0,0
BRDA:872,24,1,0
BRDA:874,25,0,0
BRDA:874,25,1,0
BRDA:902,26,0,0
BRDA:902,26,1,0
BRDA:907,27,0,0
BRDA:907,27,1,0
BRF:57
BRH:0
end_of_record
TN:
SF:src/shared/icons/icon.factory.tsx
FN:276,(anonymous_0)
FN:280,IconComponent
FN:429,(anonymous_2)
FN:433,SizeOnlyIconComponent
FN:611,(anonymous_4)
FNF:5
FNH:0
FNDA:0,(anonymous_0)
FNDA:0,IconComponent
FNDA:0,(anonymous_2)
FNDA:0,SizeOnlyIconComponent
FNDA:0,(anonymous_4)
DA:276,0
DA:280,0
DA:284,0
DA:287,0
DA:288,0
DA:429,0
DA:433,0
DA:436,0
DA:439,0
DA:440,0
DA:611,0
DA:617,0
LF:12
LH:0
BRDA:614,0,0,0
BRF:1
BRH:0
end_of_record
TN:
SF:src/shared/icons/icons.tsx
FNF:0
FNH:0
DA:122,0
LF:1
LH:0
BRF:0
BRH:0
end_of_record
TN:
SF:src/shared/theme/colors.ts
FNF:0
FNH:0
DA:132,0
DA:336,0
LF:2
LH:0
BRF:0
BRH:0
end_of_record
TN:
SF:src/shared/theme/spacing.ts
FNF:0
FNH:0
DA:153,0
LF:1
LH:0
BRF:0
BRH:0
end_of_record
TN:
SF:src/shared/theme/typography.ts
FNF:0
FNH:0
DA:148,0
LF:1
LH:0
BRF:0
BRH:0
end_of_record
TN:
SF:src/shared/theme/useTheme.ts
FN:355,(anonymous_0)
FNF:1
FNH:0
FNDA:0,(anonymous_0)
DA:355,0
DA:357,0
DA:360,0
DA:363,0
LF:4
LH:0
BRDA:364,0,0,0
BRDA:364,0,1,0
BRF:2
BRH:0
end_of_record
TN:
SF:src/shared/utils/date-utils.ts
FN:199,(anonymous_0)
FN:374,(anonymous_1)
FN:577,(anonymous_2)
FN:843,(anonymous_3)
FNF:4
FNH:0
FNDA:0,(anonymous_0)
FNDA:0,(anonymous_1)
FNDA:0,(anonymous_2)
FNDA:0,(anonymous_3)
DA:199,0
DA:200,0
DA:202,0
DA:205,0
DA:206,0
DA:210,0
DA:211,0
DA:212,0
DA:215,0
DA:217,0
DA:218,0
DA:374,0
DA:375,0
DA:377,0
DA:380,0
DA:381,0
DA:385,0
DA:386,0
DA:387,0
DA:390,0
DA:391,0
DA:394,0
DA:396,0
DA:397,0
DA:577,0
DA:578,0
DA:580,0
DA:581,0
DA:584,0
DA:587,0
DA:843,0
DA:844,0
DA:846,0
DA:849,0
DA:852,0
DA:855,0
DA:858,0
DA:861,0
LF:38
LH:0
BRDA:205,0,0,0
BRDA:205,0,1,0
BRDA:380,1,0,0
BRDA:380,1,1,0
BRDA:849,2,0,0
BRDA:849,2,1,0
BRDA:849,3,0,0
BRDA:849,3,1,0
BRDA:849,3,2,0
BRDA:855,4,0,0
BRDA:855,4,1,0
BRF:11
BRH:0
end_of_record
TN:
SF:src/shared/utils/sanitize-input.ts
FN:256,(anonymous_0)
FN:503,(anonymous_1)
FN:803,(anonymous_2)
FNF:3
FNH:0
FNDA:0,(anonymous_0)
FNDA:0,(anonymous_1)
FNDA:0,(anonymous_2)
DA:256,0
DA:257,0
DA:258,0
DA:262,0
DA:266,0
DA:269,0
DA:503,0
DA:504,0
DA:505,0
DA:509,0
DA:803,0
DA:804,0
DA:805,0
DA:809,0
DA:812,0
DA:815,0
DA:818,0
DA:819,0
DA:822,0
DA:823,0
DA:824,0
DA:828,0
DA:829,0
DA:832,0
LF:24
LH:0
BRDA:257,0,0,0
BRDA:257,0,1,0
BRDA:257,1,0,0
BRDA:257,1,1,0
BRDA:504,2,0,0
BRDA:504,2,1,0
BRDA:504,3,0,0
BRDA:504,3,1,0
BRDA:804,4,0,0
BRDA:804,4,1,0
BRDA:804,5,0,0
BRDA:804,5,1,0
BRDA:818,6,0,0
BRDA:818,6,1,0
BRDA:818,7,0,0
BRDA:818,7,1,0
BRDA:823,8,0,0
BRDA:823,8,1,0
BRDA:823,9,0,0
BRDA:823,9,1,0
BRDA:828,10,0,0
BRDA:828,10,1,0
BRDA:828,11,0,0
BRDA:828,11,1,0
BRDA:828,11,2,0
BRF:25
BRH:0
end_of_record
