TN:
SF:src/App.tsx
FN:39,(anonymous_0)
FN:42,(anonymous_1)
FN:46,App
FNF:3
FNH:0
FNDA:0,(anonymous_0)
FNDA:0,(anonymous_1)
FNDA:0,App
DA:20,0
DA:30,0
DA:33,0
DA:40,0
DA:43,0
DA:47,0
DA:60,0
LF:7
LH:0
BRF:0
BRH:0
end_of_record
TN:
SF:src/core/config/environment.config.interface.ts
FN:278,getEnvironmentDefaults
FN:335,isProductionEnvironment
FN:348,isDevelopmentEnvironment
FN:361,isTestingEnvironment
FNF:4
FNH:0
FNDA:0,getEnvironmentDefaults
FNDA:0,isProductionEnvironment
FNDA:0,isDevelopmentEnvironment
FNDA:0,isTestingEnvironment
DA:279,0
DA:282,0
DA:291,0
DA:300,0
DA:309,0
DA:317,0
DA:336,0
DA:349,0
DA:362,0
LF:9
LH:0
BRDA:279,0,0,0
BRDA:279,0,1,0
BRDA:279,0,2,0
BRDA:279,0,3,0
BRDA:279,0,4,0
BRDA:279,0,5,0
BRDA:279,0,6,0
BRDA:279,0,7,0
BRDA:279,0,8,0
BRDA:336,1,0,0
BRDA:336,1,1,0
BRDA:349,2,0,0
BRDA:349,2,1,0
BRDA:362,3,0,0
BRDA:362,3,1,0
BRF:15
BRH:0
end_of_record
TN:
SF:src/core/config/paper-theme.config.ts
FN:19,(anonymous_0)
FNF:1
FNH:0
FNDA:0,(anonymous_0)
DA:4,0
DA:19,0
DA:21,0
DA:23,0
LF:4
LH:0
BRDA:21,0,0,0
BRDA:21,0,1,0
BRDA:31,1,0,0
BRDA:31,1,1,0
BRDA:34,2,0,0
BRDA:34,2,1,0
BRF:6
BRH:0
end_of_record
TN:
SF:src/core/config/supabase.config.ts
FN:105,(anonymous_0)
FN:132,(anonymous_1)
FN:159,(anonymous_2)
FN:185,(anonymous_3)
FNF:4
FNH:0
FNDA:0,(anonymous_0)
FNDA:0,(anonymous_1)
FNDA:0,(anonymous_2)
FNDA:0,(anonymous_3)
DA:35,0
DA:71,0
DA:105,0
DA:132,0
DA:133,0
DA:134,0
DA:137,0
DA:159,0
DA:160,0
DA:162,0
DA:163,0
DA:164,0
DA:165,0
DA:170,0
DA:171,0
DA:173,0
DA:174,0
DA:177,0
DA:185,0
DA:186,0
DA:187,0
DA:191,0
DA:197,0
LF:23
LH:0
BRDA:36,0,0,0
BRDA:36,0,1,0
BRDA:37,1,0,0
BRDA:37,1,1,0
BRDA:40,2,0,0
BRDA:40,2,1,0
BRDA:133,3,0,0
BRDA:133,3,1,0
BRDA:163,4,0,0
BRDA:163,4,1,0
BRDA:199,5,0,0
BRDA:199,5,1,0
BRF:12
BRH:0
end_of_record
TN:
SF:src/core/config/types/database.types.ts
FNF:0
FNH:0
LF:0
LH:0
BRF:0
BRH:0
end_of_record
TN:
SF:src/core/features/FeatureFlags.ts
FN:345,(anonymous_0)
FN:357,(anonymous_1)
FN:365,(anonymous_2)
FN:382,(anonymous_3)
FN:389,(anonymous_4)
FN:399,(anonymous_5)
FN:404,(anonymous_6)
FN:418,(anonymous_7)
FN:449,(anonymous_8)
FN:468,(anonymous_9)
FN:479,(anonymous_10)
FN:486,(anonymous_11)
FN:504,(anonymous_12)
FN:536,evaluateTargetingRule
FN:566,getNestedValue
FN:567,(anonymous_15)
FN:570,simpleHash
FN:584,fetchFirebaseFlags
FN:592,fetchLaunchDarklyFlags
FN:599,fetchOptimizelyFlags
FN:610,useFeatureFlag
FN:611,(anonymous_21)
FN:614,useFeatureFlagValue
FN:618,(anonymous_23)
FNF:24
FNH:0
FNDA:0,(anonymous_0)
FNDA:0,(anonymous_1)
FNDA:0,(anonymous_2)
FNDA:0,(anonymous_3)
FNDA:0,(anonymous_4)
FNDA:0,(anonymous_5)
FNDA:0,(anonymous_6)
FNDA:0,(anonymous_7)
FNDA:0,(anonymous_8)
FNDA:0,(anonymous_9)
FNDA:0,(anonymous_10)
FNDA:0,(anonymous_11)
FNDA:0,(anonymous_12)
FNDA:0,evaluateTargetingRule
FNDA:0,getNestedValue
FNDA:0,(anonymous_15)
FNDA:0,simpleHash
FNDA:0,fetchFirebaseFlags
FNDA:0,fetchLaunchDarklyFlags
FNDA:0,fetchOptimizelyFlags
FNDA:0,useFeatureFlag
FNDA:0,(anonymous_21)
FNDA:0,useFeatureFlagValue
FNDA:0,(anonymous_23)
DA:245,0
DA:344,0
DA:345,0
DA:358,0
DA:360,0
DA:361,0
DA:364,0
DA:365,0
DA:366,0
DA:370,0
DA:372,0
DA:383,0
DA:386,0
DA:387,0
DA:389,0
DA:390,0
DA:396,0
DA:400,0
DA:401,0
DA:404,0
DA:405,0
DA:411,0
DA:419,0
DA:421,0
DA:422,0
DA:424,0
DA:426,0
DA:427,0
DA:429,0
DA:430,0
DA:432,0
DA:433,0
DA:436,0
DA:439,0
DA:441,0
DA:442,0
DA:450,0
DA:451,0
DA:453,0
DA:454,0
DA:455,0
DA:458,0
DA:461,0
DA:462,0
DA:465,0
DA:469,0
DA:470,0
DA:472,0
DA:473,0
DA:476,0
DA:482,0
DA:487,0
DA:490,0
DA:491,0
DA:495,0
DA:496,0
DA:497,0
DA:498,0
DA:503,0
DA:504,0
DA:505,0
DA:508,0
DA:509,0
DA:514,0
DA:518,0
DA:519,0
DA:520,0
DA:522,0
DA:523,0
DA:527,0
DA:540,0
DA:542,0
DA:543,0
DA:546,0
DA:548,0
DA:550,0
DA:552,0
DA:554,0
DA:556,0
DA:558,0
DA:560,0
DA:562,0
DA:567,0
DA:571,0
DA:572,0
DA:573,0
DA:574,0
DA:575,0
DA:577,0
DA:589,0
DA:596,0
DA:603,0
DA:611,0
DA:618,0
DA:625,0
LF:95
LH:0
BRDA:364,0,0,0
BRDA:364,0,1,0
BRDA:364,1,0,0
BRDA:364,1,1,0
BRDA:374,2,0,0
BRDA:374,2,1,0
BRDA:424,3,0,0
BRDA:424,3,1,0
BRDA:424,3,2,0
BRDA:424,3,3,0
BRDA:444,4,0,0
BRDA:444,4,1,0
BRDA:453,5,0,0
BRDA:453,5,1,0
BRDA:461,6,0,0
BRDA:461,6,1,0
BRDA:472,7,0,0
BRDA:472,7,1,0
BRDA:472,8,0,0
BRDA:472,8,1,0
BRDA:476,9,0,0
BRDA:476,9,1,0
BRDA:490,10,0,0
BRDA:490,10,1,0
BRDA:490,11,0,0
BRDA:490,11,1,0
BRDA:495,12,0,0
BRDA:495,12,1,0
BRDA:495,13,0,0
BRDA:495,13,1,0
BRDA:496,14,0,0
BRDA:496,14,1,0
BRDA:497,15,0,0
BRDA:497,15,1,0
BRDA:503,16,0,0
BRDA:503,16,1,0
BRDA:503,17,0,0
BRDA:503,17,1,0
BRDA:508,18,0,0
BRDA:508,18,1,0
BRDA:514,19,0,0
BRDA:514,19,1,0
BRDA:515,20,0,0
BRDA:515,20,1,0
BRDA:518,21,0,0
BRDA:518,21,1,0
BRDA:522,22,0,0
BRDA:522,22,1,0
BRDA:542,23,0,0
BRDA:542,23,1,0
BRDA:542,24,0,0
BRDA:542,24,1,0
BRDA:546,25,0,0
BRDA:546,25,1,0
BRDA:546,25,2,0
BRDA:546,25,3,0
BRDA:546,25,4,0
BRDA:546,25,5,0
BRDA:546,25,6,0
BRDA:546,25,7,0
BRDA:556,26,0,0
BRDA:556,26,1,0
BRF:62
BRH:0
end_of_record
TN:
SF:src/core/i18n/i18n.ts
FNF:0
FNH:0
DA:6,0
LF:1
LH:0
BRF:0
BRH:0
end_of_record
TN:
SF:src/core/i18n/hooks/useAuthTranslations.ts
FN:231,(anonymous_0)
FN:235,(anonymous_1)
FN:241,(anonymous_2)
FN:290,(anonymous_3)
FN:292,(anonymous_4)
FN:296,(anonymous_5)
FN:304,(anonymous_6)
FN:306,(anonymous_7)
FN:313,(anonymous_8)
FN:376,(anonymous_9)
FN:417,(anonymous_10)
FNF:11
FNH:0
FNDA:0,(anonymous_0)
FNDA:0,(anonymous_1)
FNDA:0,(anonymous_2)
FNDA:0,(anonymous_3)
FNDA:0,(anonymous_4)
FNDA:0,(anonymous_5)
FNDA:0,(anonymous_6)
FNDA:0,(anonymous_7)
FNDA:0,(anonymous_8)
FNDA:0,(anonymous_9)
FNDA:0,(anonymous_10)
DA:231,0
DA:232,0
DA:235,0
DA:236,0
DA:241,0
DA:242,0
DA:247,0
DA:291,0
DA:293,0
DA:297,0
DA:305,0
DA:307,0
DA:314,0
DA:377,0
DA:378,0
DA:379,0
DA:417,0
LF:17
LH:0
BRDA:236,0,0,0
BRDA:236,0,1,0
BRDA:242,1,0,0
BRDA:242,1,1,0
BRF:4
BRH:0
end_of_record
TN:
SF:src/core/logging/console.logger.ts
FN:22,(anonymous_0)
FN:26,(anonymous_1)
FN:30,(anonymous_2)
FN:34,(anonymous_3)
FN:38,(anonymous_4)
FN:42,(anonymous_5)
FN:46,(anonymous_6)
FN:50,(anonymous_7)
FN:54,(anonymous_8)
FN:57,(anonymous_9)
FN:68,(anonymous_10)
FN:72,(anonymous_11)
FNF:12
FNH:0
FNDA:0,(anonymous_0)
FNDA:0,(anonymous_1)
FNDA:0,(anonymous_2)
FNDA:0,(anonymous_3)
FNDA:0,(anonymous_4)
FNDA:0,(anonymous_5)
FNDA:0,(anonymous_6)
FNDA:0,(anonymous_7)
FNDA:0,(anonymous_8)
FNDA:0,(anonymous_9)
FNDA:0,(anonymous_10)
FNDA:0,(anonymous_11)
DA:13,0
DA:23,0
DA:27,0
DA:31,0
DA:35,0
DA:39,0
DA:43,0
DA:47,0
DA:51,0
DA:55,0
DA:56,0
DA:58,0
DA:59,0
DA:69,0
LF:14
LH:0
BRDA:23,0,0,0
BRDA:23,0,1,0
BRDA:27,1,0,0
BRDA:27,1,1,0
BRDA:31,2,0,0
BRDA:31,2,1,0
BRDA:35,3,0,0
BRDA:35,3,1,0
BRDA:39,4,0,0
BRDA:39,4,1,0
BRF:10
BRH:0
end_of_record
TN:
SF:src/core/logging/logger.service.interface.ts
FNF:0
FNH:0
LF:0
LH:0
BRF:0
BRH:0
end_of_record
TN:
SF:src/core/monitoring/error-monitoring.service.ts
FN:30,(anonymous_0)
FN:38,(anonymous_1)
FN:68,(anonymous_2)
FN:85,(anonymous_3)
FN:119,(anonymous_4)
FN:125,(anonymous_5)
FN:156,(anonymous_6)
FN:162,(anonymous_7)
FN:183,(anonymous_8)
FN:199,(anonymous_9)
FN:216,(anonymous_10)
FN:227,(anonymous_11)
FN:239,(anonymous_12)
FN:256,(anonymous_13)
FN:268,(anonymous_14)
FN:311,(anonymous_15)
FN:346,(anonymous_16)
FN:361,(anonymous_17)
FN:374,(anonymous_18)
FNF:19
FNH:0
FNDA:0,(anonymous_0)
FNDA:0,(anonymous_1)
FNDA:0,(anonymous_2)
FNDA:0,(anonymous_3)
FNDA:0,(anonymous_4)
FNDA:0,(anonymous_5)
FNDA:0,(anonymous_6)
FNDA:0,(anonymous_7)
FNDA:0,(anonymous_8)
FNDA:0,(anonymous_9)
FNDA:0,(anonymous_10)
FNDA:0,(anonymous_11)
FNDA:0,(anonymous_12)
FNDA:0,(anonymous_13)
FNDA:0,(anonymous_14)
FNDA:0,(anonymous_15)
FNDA:0,(anonymous_16)
FNDA:0,(anonymous_17)
FNDA:0,(anonymous_18)
DA:26,0
DA:27,0
DA:31,0
DA:39,0
DA:40,0
DA:43,0
DA:45,0
DA:50,0
DA:70,0
DA:71,0
DA:73,0
DA:77,0
DA:78,0
DA:81,0
DA:87,0
DA:88,0
DA:91,0
DA:96,0
DA:97,0
DA:98,0
DA:99,0
DA:101,0
DA:102,0
DA:105,0
DA:111,0
DA:120,0
DA:121,0
DA:122,0
DA:125,0
DA:127,0
DA:128,0
DA:132,0
DA:133,0
DA:135,0
DA:136,0
DA:138,0
DA:139,0
DA:143,0
DA:144,0
DA:148,0
DA:149,0
DA:152,0
DA:157,0
DA:158,0
DA:159,0
DA:162,0
DA:163,0
DA:165,0
DA:166,0
DA:168,0
DA:169,0
DA:171,0
DA:172,0
DA:175,0
DA:185,0
DA:192,0
DA:200,0
DA:201,0
DA:204,0
DA:217,0
DA:219,0
DA:220,0
DA:228,0
DA:230,0
DA:231,0
DA:240,0
DA:241,0
DA:244,0
DA:257,0
DA:269,0
DA:279,0
DA:290,0
DA:303,0
DA:304,0
DA:312,0
DA:320,0
DA:329,0
DA:338,0
DA:339,0
DA:347,0
DA:349,0
DA:351,0
DA:353,0
DA:355,0
DA:357,0
DA:362,0
DA:363,0
DA:365,0
DA:366,0
DA:367,0
DA:368,0
DA:370,0
DA:375,0
DA:380,0
LF:94
LH:0
BRDA:39,0,0,0
BRDA:39,0,1,0
BRDA:51,1,0,0
BRDA:51,1,1,0
BRDA:51,1,2,0
BRDA:51,2,0,0
BRDA:51,2,1,0
BRDA:53,3,0,0
BRDA:53,3,1,0
BRDA:57,4,0,0
BRDA:57,4,1,0
BRDA:71,5,0,0
BRDA:71,5,1,0
BRDA:71,6,0,0
BRDA:71,6,1,0
BRDA:71,6,2,0
BRDA:71,6,3,0
BRDA:71,6,4,0
BRDA:73,7,0,0
BRDA:73,7,1,0
BRDA:77,8,0,0
BRDA:77,8,1,0
BRDA:87,9,0,0
BRDA:87,9,1,0
BRDA:87,10,0,0
BRDA:87,10,1,0
BRDA:120,11,0,0
BRDA:120,11,1,0
BRDA:127,12,0,0
BRDA:127,12,1,0
BRDA:132,13,0,0
BRDA:132,13,1,0
BRDA:135,14,0,0
BRDA:135,14,1,0
BRDA:138,15,0,0
BRDA:138,15,1,0
BRDA:143,16,0,0
BRDA:143,16,1,0
BRDA:148,17,0,0
BRDA:148,17,1,0
BRDA:148,18,0,0
BRDA:148,18,1,0
BRDA:156,19,0,0
BRDA:157,20,0,0
BRDA:157,20,1,0
BRDA:165,21,0,0
BRDA:165,21,1,0
BRDA:168,22,0,0
BRDA:168,22,1,0
BRDA:171,23,0,0
BRDA:171,23,1,0
BRDA:200,24,0,0
BRDA:200,24,1,0
BRDA:219,25,0,0
BRDA:219,25,1,0
BRDA:230,26,0,0
BRDA:230,26,1,0
BRDA:239,27,0,0
BRDA:240,28,0,0
BRDA:240,28,1,0
BRDA:347,29,0,0
BRDA:347,29,1,0
BRDA:347,29,2,0
BRDA:347,29,3,0
BRDA:347,29,4,0
BRF:65
BRH:0
end_of_record
TN:
SF:src/core/monitoring/sentry.ts
FN:66,(anonymous_0)
FN:117,(anonymous_1)
FN:138,(anonymous_2)
FN:219,(anonymous_3)
FN:255,(anonymous_4)
FN:264,(anonymous_5)
FN:271,(anonymous_6)
FN:293,(anonymous_7)
FN:321,(anonymous_8)
FN:377,(anonymous_9)
FN:384,(anonymous_10)
FN:391,(anonymous_11)
FN:402,(anonymous_12)
FN:424,(anonymous_13)
FN:448,(anonymous_14)
FN:458,(anonymous_15)
FN:470,(anonymous_16)
FN:478,(anonymous_17)
FN:495,(anonymous_18)
FN:503,(anonymous_19)
FN:505,(anonymous_20)
FN:511,(anonymous_21)
FN:531,(anonymous_22)
FN:541,(anonymous_23)
FN:551,(anonymous_24)
FN:558,(anonymous_25)
FN:570,(anonymous_26)
FN:578,(anonymous_27)
FN:580,(anonymous_28)
FN:586,(anonymous_29)
FN:602,(anonymous_30)
FN:611,(anonymous_31)
FN:624,(anonymous_32)
FN:654,(anonymous_33)
FN:678,(anonymous_34)
FN:683,(anonymous_35)
FN:698,(anonymous_36)
FN:722,(anonymous_37)
FN:735,(anonymous_38)
FN:741,(anonymous_39)
FN:761,(anonymous_40)
FN:768,(anonymous_41)
FN:772,(anonymous_42)
FN:778,(anonymous_43)
FN:782,(anonymous_44)
FN:788,(anonymous_45)
FN:806,(anonymous_46)
FN:824,(anonymous_47)
FN:834,(anonymous_48)
FN:848,(anonymous_49)
FN:862,(anonymous_50)
FN:871,(anonymous_51)
FN:877,(anonymous_52)
FN:896,(anonymous_53)
FN:898,(anonymous_54)
FN:902,(anonymous_55)
FN:904,(anonymous_56)
FN:915,(anonymous_57)
FNF:58
FNH:0
FNDA:0,(anonymous_0)
FNDA:0,(anonymous_1)
FNDA:0,(anonymous_2)
FNDA:0,(anonymous_3)
FNDA:0,(anonymous_4)
FNDA:0,(anonymous_5)
FNDA:0,(anonymous_6)
FNDA:0,(anonymous_7)
FNDA:0,(anonymous_8)
FNDA:0,(anonymous_9)
FNDA:0,(anonymous_10)
FNDA:0,(anonymous_11)
FNDA:0,(anonymous_12)
FNDA:0,(anonymous_13)
FNDA:0,(anonymous_14)
FNDA:0,(anonymous_15)
FNDA:0,(anonymous_16)
FNDA:0,(anonymous_17)
FNDA:0,(anonymous_18)
FNDA:0,(anonymous_19)
FNDA:0,(anonymous_20)
FNDA:0,(anonymous_21)
FNDA:0,(anonymous_22)
FNDA:0,(anonymous_23)
FNDA:0,(anonymous_24)
FNDA:0,(anonymous_25)
FNDA:0,(anonymous_26)
FNDA:0,(anonymous_27)
FNDA:0,(anonymous_28)
FNDA:0,(anonymous_29)
FNDA:0,(anonymous_30)
FNDA:0,(anonymous_31)
FNDA:0,(anonymous_32)
FNDA:0,(anonymous_33)
FNDA:0,(anonymous_34)
FNDA:0,(anonymous_35)
FNDA:0,(anonymous_36)
FNDA:0,(anonymous_37)
FNDA:0,(anonymous_38)
FNDA:0,(anonymous_39)
FNDA:0,(anonymous_40)
FNDA:0,(anonymous_41)
FNDA:0,(anonymous_42)
FNDA:0,(anonymous_43)
FNDA:0,(anonymous_44)
FNDA:0,(anonymous_45)
FNDA:0,(anonymous_46)
FNDA:0,(anonymous_47)
FNDA:0,(anonymous_48)
FNDA:0,(anonymous_49)
FNDA:0,(anonymous_50)
FNDA:0,(anonymous_51)
FNDA:0,(anonymous_52)
FNDA:0,(anonymous_53)
FNDA:0,(anonymous_54)
FNDA:0,(anonymous_55)
FNDA:0,(anonymous_56)
FNDA:0,(anonymous_57)
DA:59,0
DA:60,0
DA:61,0
DA:67,0
DA:68,0
DA:69,0
DA:72,0
DA:73,0
DA:75,0
DA:105,0
DA:107,0
DA:108,0
DA:110,0
DA:118,0
DA:119,0
DA:120,0
DA:122,0
DA:138,0
DA:140,0
DA:141,0
DA:144,0
DA:149,0
DA:150,0
DA:154,0
DA:155,0
DA:159,0
DA:171,0
DA:183,0
DA:184,0
DA:192,0
DA:196,0
DA:197,0
DA:205,0
DA:206,0
DA:213,0
DA:219,0
DA:223,0
DA:227,0
DA:231,0
DA:232,0
DA:233,0
DA:235,0
DA:236,0
DA:241,0
DA:242,0
DA:249,0
DA:256,0
DA:257,0
DA:258,0
DA:265,0
DA:272,0
DA:294,0
DA:333,0
DA:334,0
DA:347,0
DA:352,0
DA:353,0
DA:354,0
DA:358,0
DA:359,0
DA:364,0
DA:365,0
DA:368,0
DA:369,0
DA:370,0
DA:378,0
DA:385,0
DA:392,0
DA:408,0
DA:430,0
DA:458,0
DA:460,0
DA:461,0
DA:462,0
DA:464,0
DA:465,0
DA:469,0
DA:470,0
DA:471,0
DA:476,0
DA:477,0
DA:478,0
DA:479,0
DA:484,0
DA:485,0
DA:488,0
DA:503,0
DA:504,0
DA:505,0
DA:506,0
DA:510,0
DA:511,0
DA:512,0
DA:516,0
DA:517,0
DA:520,0
DA:541,0
DA:542,0
DA:543,0
DA:544,0
DA:546,0
DA:547,0
DA:550,0
DA:551,0
DA:552,0
DA:556,0
DA:557,0
DA:558,0
DA:559,0
DA:563,0
DA:578,0
DA:579,0
DA:580,0
DA:581,0
DA:585,0
DA:586,0
DA:587,0
DA:591,0
DA:604,0
DA:605,0
DA:613,0
DA:614,0
DA:625,0
DA:628,0
DA:629,0
DA:633,0
DA:634,0
DA:655,0
DA:657,0
DA:676,0
DA:678,0
DA:679,0
DA:681,0
DA:682,0
DA:683,0
DA:684,0
DA:685,0
DA:686,0
DA:689,0
DA:692,0
DA:699,0
DA:702,0
DA:703,0
DA:704,0
DA:705,0
DA:706,0
DA:707,0
DA:708,0
DA:709,0
DA:713,0
DA:723,0
DA:725,0
DA:735,0
DA:742,0
DA:757,0
DA:758,0
DA:760,0
DA:761,0
DA:769,0
DA:771,0
DA:772,0
DA:779,0
DA:781,0
DA:782,0
DA:790,0
DA:792,0
DA:793,0
DA:794,0
DA:795,0
DA:796,0
DA:797,0
DA:798,0
DA:800,0
DA:808,0
DA:810,0
DA:814,0
DA:815,0
DA:816,0
DA:818,0
DA:825,0
DA:826,0
DA:828,0
DA:836,0
DA:838,0
DA:839,0
DA:840,0
DA:842,0
DA:850,0
DA:852,0
DA:853,0
DA:854,0
DA:856,0
DA:863,0
DA:864,0
DA:866,0
DA:867,0
DA:870,0
DA:871,0
DA:880,0
DA:882,0
DA:883,0
DA:884,0
DA:885,0
DA:887,0
DA:888,0
DA:889,0
DA:890,0
DA:897,0
DA:898,0
DA:901,0
DA:902,0
DA:904,0
DA:906,0
DA:907,0
DA:908,0
DA:909,0
DA:916,0
DA:921,0
LF:218
LH:0
BRDA:67,0,0,0
BRDA:67,0,1,0
BRDA:118,1,0,0
BRDA:118,1,1,0
BRDA:123,2,0,0
BRDA:123,2,1,0
BRDA:127,3,0,0
BRDA:127,3,1,0
BRDA:129,4,0,0
BRDA:129,4,1,0
BRDA:130,5,0,0
BRDA:130,5,1,0
BRDA:130,6,0,0
BRDA:130,6,1,0
BRDA:140,7,0,0
BRDA:140,7,1,0
BRDA:141,8,0,0
BRDA:141,8,1,0
BRDA:149,9,0,0
BRDA:149,9,1,0
BRDA:154,10,0,0
BRDA:154,10,1,0
BRDA:175,11,0,0
BRDA:175,11,1,0
BRDA:178,12,0,0
BRDA:178,12,1,0
BRDA:183,13,0,0
BRDA:183,13,1,0
BRDA:196,14,0,0
BRDA:196,14,1,0
BRDA:205,15,0,0
BRDA:205,15,1,0
BRDA:223,16,0,0
BRDA:223,16,1,0
BRDA:224,17,0,0
BRDA:224,17,1,0
BRDA:231,18,0,0
BRDA:231,18,1,0
BRDA:232,19,0,0
BRDA:232,19,1,0
BRDA:235,20,0,0
BRDA:235,20,1,0
BRDA:241,21,0,0
BRDA:241,21,1,0
BRDA:278,22,0,0
BRDA:278,22,1,0
BRDA:280,23,0,0
BRDA:280,23,1,0
BRDA:280,24,0,0
BRDA:280,24,1,0
BRDA:284,25,0,0
BRDA:284,25,1,0
BRDA:333,26,0,0
BRDA:333,26,1,0
BRDA:353,27,0,0
BRDA:353,27,1,0
BRDA:356,28,0,0
BRDA:356,28,1,0
BRDA:358,29,0,0
BRDA:358,29,1,0
BRDA:361,30,0,0
BRDA:361,30,1,0
BRDA:364,31,0,0
BRDA:364,31,1,0
BRDA:364,32,0,0
BRDA:364,32,1,0
BRDA:410,33,0,0
BRDA:410,33,1,0
BRDA:411,34,0,0
BRDA:411,34,1,0
BRDA:432,35,0,0
BRDA:432,35,1,0
BRDA:433,36,0,0
BRDA:433,36,1,0
BRDA:461,37,0,0
BRDA:461,37,1,0
BRDA:464,38,0,0
BRDA:464,38,1,0
BRDA:469,39,0,0
BRDA:469,39,1,0
BRDA:477,40,0,0
BRDA:477,40,1,0
BRDA:484,41,0,0
BRDA:484,41,1,0
BRDA:504,42,0,0
BRDA:504,42,1,0
BRDA:510,43,0,0
BRDA:510,43,1,0
BRDA:516,44,0,0
BRDA:516,44,1,0
BRDA:543,45,0,0
BRDA:543,45,1,0
BRDA:546,46,0,0
BRDA:546,46,1,0
BRDA:550,47,0,0
BRDA:550,47,1,0
BRDA:557,48,0,0
BRDA:557,48,1,0
BRDA:563,49,0,0
BRDA:563,49,1,0
BRDA:579,50,0,0
BRDA:579,50,1,0
BRDA:585,51,0,0
BRDA:585,51,1,0
BRDA:591,52,0,0
BRDA:591,52,1,0
BRDA:628,53,0,0
BRDA:628,53,1,0
BRDA:633,54,0,0
BRDA:633,54,1,0
BRDA:633,55,0,0
BRDA:633,55,1,0
BRDA:635,56,0,0
BRDA:635,56,1,0
BRDA:655,57,0,0
BRDA:655,57,1,0
BRDA:655,58,0,0
BRDA:655,58,1,0
BRDA:679,59,0,0
BRDA:679,59,1,0
BRDA:679,60,0,0
BRDA:679,60,1,0
BRDA:683,61,0,0
BRDA:683,61,1,0
BRDA:685,62,0,0
BRDA:685,62,1,0
BRDA:685,63,0,0
BRDA:685,63,1,0
BRDA:699,64,0,0
BRDA:699,64,1,0
BRDA:702,65,0,0
BRDA:702,65,1,0
BRDA:723,66,0,0
BRDA:723,66,1,0
BRDA:757,67,0,0
BRDA:757,67,1,0
BRDA:758,68,0,0
BRDA:758,68,1,0
BRDA:761,69,0,0
BRDA:761,69,1,0
BRDA:771,70,0,0
BRDA:771,70,1,0
BRDA:781,71,0,0
BRDA:781,71,1,0
BRDA:790,72,0,0
BRDA:790,72,1,0
BRDA:792,73,0,0
BRDA:792,73,1,0
BRDA:793,74,0,0
BRDA:793,74,1,0
BRDA:794,75,0,0
BRDA:794,75,1,0
BRDA:795,76,0,0
BRDA:795,76,1,0
BRDA:796,77,0,0
BRDA:796,77,1,0
BRDA:796,78,0,0
BRDA:796,78,1,0
BRDA:798,79,0,0
BRDA:798,79,1,0
BRDA:808,80,0,0
BRDA:808,80,1,0
BRDA:810,81,0,0
BRDA:810,81,1,0
BRDA:811,82,0,0
BRDA:811,82,1,0
BRDA:815,83,0,0
BRDA:815,83,1,0
BRDA:815,84,0,0
BRDA:815,84,1,0
BRDA:826,85,0,0
BRDA:826,85,1,0
BRDA:836,86,0,0
BRDA:836,86,1,0
BRDA:838,87,0,0
BRDA:838,87,1,0
BRDA:839,88,0,0
BRDA:839,88,1,0
BRDA:840,89,0,0
BRDA:840,89,1,0
BRDA:850,90,0,0
BRDA:850,90,1,0
BRDA:852,91,0,0
BRDA:852,91,1,0
BRDA:853,92,0,0
BRDA:853,92,1,0
BRDA:854,93,0,0
BRDA:854,93,1,0
BRDA:866,94,0,0
BRDA:866,94,1,0
BRDA:866,95,0,0
BRDA:866,95,1,0
BRDA:870,96,0,0
BRDA:870,96,1,0
BRDA:882,97,0,0
BRDA:882,97,1,0
BRDA:883,98,0,0
BRDA:883,98,1,0
BRDA:884,99,0,0
BRDA:884,99,1,0
BRDA:885,100,0,0
BRDA:885,100,1,0
BRDA:887,101,0,0
BRDA:887,101,1,0
BRDA:888,102,0,0
BRDA:888,102,1,0
BRDA:889,103,0,0
BRDA:889,103,1,0
BRDA:906,104,0,0
BRDA:906,104,1,0
BRDA:907,105,0,0
BRDA:907,105,1,0
BRDA:908,106,0,0
BRDA:908,106,1,0
BRF:214
BRH:0
end_of_record
TN:
SF:src/core/navigation/app-navigator.tsx
FN:11,AppNavigator
FN:12,(anonymous_1)
FNF:2
FNH:0
FNDA:0,AppNavigator
FNDA:0,(anonymous_1)
DA:9,0
DA:12,0
DA:14,0
LF:3
LH:0
BRDA:17,0,0,0
BRDA:17,0,1,0
BRF:2
BRH:0
end_of_record
TN:
SF:src/core/navigation/main-tabs.tsx
FN:17,(anonymous_0)
FN:28,MainTabNavigator
FN:32,(anonymous_2)
FN:34,(anonymous_3)
FNF:4
FNH:0
FNDA:0,(anonymous_0)
FNDA:0,MainTabNavigator
FNDA:0,(anonymous_2)
FNDA:0,(anonymous_3)
DA:14,0
DA:17,0
DA:18,0
DA:29,0
DA:32,0
DA:37,0
DA:39,0
DA:40,0
DA:42,0
DA:43,0
DA:45,0
DA:46,0
DA:48,0
DA:49,0
DA:51,0
DA:52,0
DA:54,0
DA:57,0
LF:18
LH:0
BRDA:37,0,0,0
BRDA:37,0,1,0
BRDA:37,0,2,0
BRDA:37,0,3,0
BRDA:37,0,4,0
BRDA:37,0,5,0
BRDA:39,1,0,0
BRDA:39,1,1,0
BRDA:42,2,0,0
BRDA:42,2,1,0
BRDA:45,3,0,0
BRDA:45,3,1,0
BRDA:48,4,0,0
BRDA:48,4,1,0
BRDA:51,5,0,0
BRDA:51,5,1,0
BRF:16
BRH:0
end_of_record
TN:
SF:src/core/navigation/navigation.types.ts
FNF:0
FNH:0
LF:0
LH:0
BRF:0
BRH:0
end_of_record
TN:
SF:src/core/store/theme.store.ts
FN:8,(anonymous_0)
FN:10,(anonymous_1)
FNF:2
FNH:0
FNDA:0,(anonymous_0)
FNDA:0,(anonymous_1)
DA:8,0
DA:11,0
LF:2
LH:0
BRF:0
BRH:0
end_of_record
TN:
SF:src/core/theme/colors.ts
FNF:0
FNH:0
DA:16,0
LF:1
LH:0
BRF:0
BRH:0
end_of_record
TN:
SF:src/core/theme/spacing.ts
FNF:0
FNH:0
DA:16,0
LF:1
LH:0
BRF:0
BRH:0
end_of_record
TN:
SF:src/core/theme/theme-migration.service.ts
FN:14,(anonymous_0)
FNF:1
FNH:0
FNDA:0,(anonymous_0)
DA:14,0
DA:15,0
DA:17,0
DA:19,0
DA:32,0
DA:35,0
LF:6
LH:0
BRDA:17,0,0,0
BRDA:17,0,1,0
BRF:2
BRH:0
end_of_record
TN:
SF:src/core/theme/theme.system.ts
FN:425,(anonymous_0)
FN:431,(anonymous_1)
FN:432,(anonymous_2)
FN:444,(anonymous_3)
FN:445,(anonymous_4)
FN:459,(anonymous_5)
FN:468,(anonymous_6)
FN:494,(anonymous_7)
FN:505,(anonymous_8)
FN:510,(anonymous_9)
FN:527,(anonymous_10)
FN:530,(anonymous_11)
FNF:12
FNH:0
FNDA:0,(anonymous_0)
FNDA:0,(anonymous_1)
FNDA:0,(anonymous_2)
FNDA:0,(anonymous_3)
FNDA:0,(anonymous_4)
FNDA:0,(anonymous_5)
FNDA:0,(anonymous_6)
FNDA:0,(anonymous_7)
FNDA:0,(anonymous_8)
FNDA:0,(anonymous_9)
FNDA:0,(anonymous_10)
FNDA:0,(anonymous_11)
DA:15,0
DA:91,0
DA:136,0
DA:158,0
DA:171,0
DA:297,0
DA:365,0
DA:417,0
DA:419,0
DA:425,0
DA:426,0
DA:427,0
DA:428,0
DA:431,0
DA:432,0
DA:433,0
DA:434,0
DA:436,0
DA:440,0
DA:444,0
DA:445,0
DA:446,0
DA:447,0
DA:448,0
DA:449,0
DA:452,0
DA:456,0
DA:459,0
DA:460,0
DA:461,0
DA:462,0
DA:464,0
DA:468,0
DA:469,0
DA:470,0
DA:473,0
DA:475,0
DA:483,0
DA:494,0
DA:495,0
DA:496,0
DA:497,0
DA:499,0
DA:503,0
DA:505,0
DA:506,0
DA:507,0
DA:508,0
DA:510,0
DA:511,0
DA:512,0
DA:513,0
DA:516,0
DA:527,0
DA:530,0
LF:55
LH:0
BRDA:433,0,0,0
BRDA:433,0,1,0
BRDA:448,1,0,0
BRDA:448,1,1,0
BRDA:448,2,0,0
BRDA:448,2,1,0
BRDA:469,3,0,0
BRDA:469,3,1,0
BRDA:473,4,0,0
BRDA:473,4,1,0
BRDA:496,5,0,0
BRDA:496,5,1,0
BRDA:507,6,0,0
BRDA:507,6,1,0
BRDA:511,7,0,0
BRDA:511,7,1,0
BRDA:511,8,0,0
BRDA:511,8,1,0
BRDA:512,9,0,0
BRDA:512,9,1,0
BRDA:512,10,0,0
BRDA:512,10,1,0
BRF:22
BRH:0
end_of_record
TN:
SF:src/core/theme/theme.ts
FNF:0
FNH:0
DA:7,0
DA:38,0
LF:2
LH:0
BRF:0
BRH:0
end_of_record
TN:
SF:src/core/theme/typography.ts
FNF:0
FNH:0
DA:16,0
LF:1
LH:0
BRF:0
BRH:0
end_of_record
TN:
SF:src/core/types/result.type.ts
FN:22,(anonymous_0)
FN:33,(anonymous_1)
FNF:2
FNH:0
FNDA:0,(anonymous_0)
FNDA:0,(anonymous_1)
DA:23,0
DA:34,0
LF:2
LH:0
BRF:0
BRH:0
end_of_record
TN:
SF:src/features/auth/application/dtos/auth.dto.ts
FNF:0
FNH:0
LF:0
LH:0
BRF:0
BRH:0
end_of_record
TN:
SF:src/features/auth/application/interfaces/auth-service.interface.ts
FNF:0
FNH:0
LF:0
LH:0
BRF:0
BRH:0
end_of_record
TN:
SF:src/features/auth/application/services/auth-orchestrator.service.impl.ts
FN:128,(anonymous_0)
FN:169,(anonymous_1)
FN:182,(anonymous_2)
FN:198,(anonymous_3)
FN:212,(anonymous_4)
FN:223,(anonymous_5)
FN:234,(anonymous_6)
FN:245,(anonymous_7)
FN:283,(anonymous_8)
FN:337,(anonymous_9)
FN:378,(anonymous_10)
FN:413,(anonymous_11)
FN:444,(anonymous_12)
FN:486,(anonymous_13)
FN:529,(anonymous_14)
FN:554,(anonymous_15)
FN:565,(anonymous_16)
FN:600,(anonymous_17)
FN:607,(anonymous_18)
FN:628,(anonymous_19)
FN:647,(anonymous_20)
FN:666,(anonymous_21)
FN:680,(anonymous_22)
FN:720,(anonymous_23)
FN:724,(anonymous_24)
FN:750,(anonymous_25)
FN:790,(anonymous_26)
FN:827,(anonymous_27)
FN:867,(anonymous_28)
FNF:29
FNH:0
FNDA:0,(anonymous_0)
FNDA:0,(anonymous_1)
FNDA:0,(anonymous_2)
FNDA:0,(anonymous_3)
FNDA:0,(anonymous_4)
FNDA:0,(anonymous_5)
FNDA:0,(anonymous_6)
FNDA:0,(anonymous_7)
FNDA:0,(anonymous_8)
FNDA:0,(anonymous_9)
FNDA:0,(anonymous_10)
FNDA:0,(anonymous_11)
FNDA:0,(anonymous_12)
FNDA:0,(anonymous_13)
FNDA:0,(anonymous_14)
FNDA:0,(anonymous_15)
FNDA:0,(anonymous_16)
FNDA:0,(anonymous_17)
FNDA:0,(anonymous_18)
FNDA:0,(anonymous_19)
FNDA:0,(anonymous_20)
FNDA:0,(anonymous_21)
FNDA:0,(anonymous_22)
FNDA:0,(anonymous_23)
FNDA:0,(anonymous_24)
FNDA:0,(anonymous_25)
FNDA:0,(anonymous_26)
FNDA:0,(anonymous_27)
FNDA:0,(anonymous_28)
DA:132,0
DA:133,0
DA:134,0
DA:135,0
DA:136,0
DA:137,0
DA:138,0
DA:139,0
DA:140,0
DA:141,0
DA:144,0
DA:145,0
DA:148,0
DA:151,0
DA:152,0
DA:170,0
DA:172,0
DA:183,0
DA:184,0
DA:186,0
DA:189,0
DA:191,0
DA:199,0
DA:200,0
DA:205,0
DA:213,0
DA:214,0
DA:216,0
DA:224,0
DA:225,0
DA:227,0
DA:235,0
DA:236,0
DA:238,0
DA:246,0
DA:247,0
DA:249,0
DA:284,0
DA:286,0
DA:290,0
DA:292,0
DA:299,0
DA:300,0
DA:302,0
DA:338,0
DA:340,0
DA:345,0
DA:347,0
DA:352,0
DA:379,0
DA:380,0
DA:381,0
DA:382,0
DA:384,0
DA:386,0
DA:414,0
DA:415,0
DA:417,0
DA:445,0
DA:446,0
DA:447,0
DA:453,0
DA:457,0
DA:459,0
DA:487,0
DA:488,0
DA:489,0
DA:495,0
DA:496,0
DA:498,0
DA:530,0
DA:531,0
DA:532,0
DA:547,0
DA:555,0
DA:556,0
DA:558,0
DA:566,0
DA:567,0
DA:569,0
DA:601,0
DA:602,0
DA:603,0
DA:607,0
DA:618,0
DA:619,0
DA:621,0
DA:629,0
DA:630,0
DA:631,0
DA:632,0
DA:634,0
DA:636,0
DA:650,0
DA:651,0
DA:653,0
DA:657,0
DA:659,0
DA:667,0
DA:668,0
DA:673,0
DA:681,0
DA:683,0
DA:684,0
DA:689,0
DA:721,0
DA:722,0
DA:723,0
DA:724,0
DA:740,0
DA:741,0
DA:743,0
DA:751,0
DA:752,0
DA:753,0
DA:754,0
DA:756,0
DA:758,0
DA:791,0
DA:792,0
DA:796,0
DA:798,0
DA:799,0
DA:801,0
DA:828,0
DA:829,0
DA:830,0
DA:831,0
DA:832,0
DA:833,0
DA:835,0
DA:837,0
DA:839,0
DA:871,0
DA:872,0
DA:876,0
DA:878,0
DA:887,0
DA:888,0
DA:890,0
LF:140
LH:0
BRDA:186,0,0,0
BRDA:186,0,1,0
BRDA:299,1,0,0
BRDA:299,1,1,0
BRDA:343,2,0,0
BRDA:343,2,1,0
BRDA:381,3,0,0
BRDA:381,3,1,0
BRDA:384,4,0,0
BRDA:384,4,1,0
BRDA:449,5,0,0
BRDA:449,5,1,0
BRDA:450,6,0,0
BRDA:450,6,1,0
BRDA:453,7,0,0
BRDA:453,7,1,0
BRDA:454,8,0,0
BRDA:454,8,1,0
BRDA:491,9,0,0
BRDA:491,9,1,0
BRDA:492,10,0,0
BRDA:492,10,1,0
BRDA:495,11,0,0
BRDA:495,11,1,0
BRDA:534,12,0,0
BRDA:534,12,1,0
BRDA:543,13,0,0
BRDA:543,13,1,0
BRDA:544,14,0,0
BRDA:544,14,1,0
BRDA:607,15,0,0
BRDA:607,15,1,0
BRDA:608,16,0,0
BRDA:608,16,1,0
BRDA:609,17,0,0
BRDA:609,17,1,0
BRDA:610,18,0,0
BRDA:610,18,1,0
BRDA:611,19,0,0
BRDA:611,19,1,0
BRDA:612,20,0,0
BRDA:612,20,1,0
BRDA:613,21,0,0
BRDA:613,21,1,0
BRDA:615,22,0,0
BRDA:615,22,1,0
BRDA:618,23,0,0
BRDA:618,23,1,0
BRDA:631,24,0,0
BRDA:631,24,1,0
BRDA:653,25,0,0
BRDA:653,25,1,0
BRDA:654,26,0,0
BRDA:654,26,1,0
BRDA:686,27,0,0
BRDA:686,27,1,0
BRDA:728,28,0,0
BRDA:728,28,1,0
BRDA:733,29,0,0
BRDA:733,29,1,0
BRDA:736,30,0,0
BRDA:736,30,1,0
BRDA:740,31,0,0
BRDA:740,31,1,0
BRDA:753,32,0,0
BRDA:753,32,1,0
BRDA:798,33,0,0
BRDA:798,33,1,0
BRDA:830,34,0,0
BRDA:830,34,1,0
BRDA:832,35,0,0
BRDA:832,35,1,0
BRDA:881,36,0,0
BRDA:881,36,1,0
BRDA:881,36,2,0
BRDA:882,37,0,0
BRDA:882,37,1,0
BRDA:883,38,0,0
BRDA:883,38,1,0
BRDA:887,39,0,0
BRDA:887,39,1,0
BRF:81
BRH:0
end_of_record
TN:
SF:src/features/auth/application/usecases/authenticate-with-biometric.usecase.ts
FN:58,(anonymous_0)
FN:183,(anonymous_1)
FNF:2
FNH:0
FNDA:0,(anonymous_0)
FNDA:0,(anonymous_1)
DA:59,0
DA:60,0
DA:184,0
DA:186,0
DA:187,0
DA:188,0
DA:194,0
DA:197,0
DA:213,0
DA:220,0
DA:236,0
LF:11
LH:0
BRDA:59,0,0,0
BRDA:59,0,1,0
BRDA:187,1,0,0
BRDA:187,1,1,0
BRDA:228,2,0,0
BRDA:228,2,1,0
BRF:6
BRH:0
end_of_record
TN:
SF:src/features/auth/application/usecases/check-suspicious-activity.usecase.ts
FN:109,(anonymous_0)
FN:327,(anonymous_1)
FN:403,(anonymous_2)
FN:408,(anonymous_3)
FN:409,(anonymous_4)
FN:410,(anonymous_5)
FN:429,(anonymous_6)
FN:454,(anonymous_7)
FNF:8
FNH:0
FNDA:0,(anonymous_0)
FNDA:0,(anonymous_1)
FNDA:0,(anonymous_2)
FNDA:0,(anonymous_3)
FNDA:0,(anonymous_4)
FNDA:0,(anonymous_5)
FNDA:0,(anonymous_6)
FNDA:0,(anonymous_7)
DA:110,0
DA:111,0
DA:329,0
DA:330,0
DA:331,0
DA:334,0
DA:336,0
DA:339,0
DA:342,0
DA:345,0
DA:367,0
DA:375,0
DA:390,0
DA:406,0
DA:408,0
DA:409,0
DA:410,0
DA:412,0
DA:413,0
DA:414,0
DA:416,0
DA:433,0
DA:435,0
DA:436,0
DA:437,0
DA:438,0
DA:439,0
DA:442,0
DA:443,0
DA:444,0
DA:445,0
DA:446,0
DA:447,0
DA:448,0
DA:450,0
DA:454,0
DA:455,0
DA:456,0
DA:458,0
DA:459,0
DA:461,0
DA:462,0
DA:465,0
LF:43
LH:0
BRDA:110,0,0,0
BRDA:110,0,1,0
BRDA:330,1,0,0
BRDA:330,1,1,0
BRDA:351,2,0,0
BRDA:351,2,1,0
BRDA:353,3,0,0
BRDA:353,3,1,0
BRDA:383,4,0,0
BRDA:383,4,1,0
BRDA:406,5,0,0
BRDA:406,5,1,0
BRDA:412,6,0,0
BRDA:412,6,1,0
BRDA:413,7,0,0
BRDA:413,7,1,0
BRDA:414,8,0,0
BRDA:414,8,1,0
BRDA:414,9,0,0
BRDA:414,9,1,0
BRDA:435,10,0,0
BRDA:435,10,1,0
BRDA:442,11,0,0
BRDA:442,11,1,0
BRDA:446,12,0,0
BRDA:446,12,1,0
BRDA:455,13,0,0
BRDA:455,13,1,0
BRDA:458,14,0,0
BRDA:458,14,1,0
BRDA:461,15,0,0
BRDA:461,15,1,0
BRF:32
BRH:0
end_of_record
TN:
SF:src/features/auth/application/usecases/enable-biometric.usecase.ts
FN:83,(anonymous_0)
FN:243,(anonymous_1)
FNF:2
FNH:0
FNDA:0,(anonymous_0)
FNDA:0,(anonymous_1)
DA:84,0
DA:85,0
DA:245,0
DA:246,0
DA:247,0
DA:250,0
DA:252,0
DA:253,0
DA:254,0
DA:260,0
DA:263,0
DA:278,0
DA:284,0
DA:299,0
LF:14
LH:0
BRDA:84,0,0,0
BRDA:84,0,1,0
BRDA:246,1,0,0
BRDA:246,1,1,0
BRDA:253,2,0,0
BRDA:253,2,1,0
BRDA:292,3,0,0
BRDA:292,3,1,0
BRF:8
BRH:0
end_of_record
TN:
SF:src/features/auth/application/usecases/enable-mfa.usecase.ts
FN:109,(anonymous_0)
FN:258,(anonymous_1)
FNF:2
FNH:0
FNDA:0,(anonymous_0)
FNDA:0,(anonymous_1)
DA:110,0
DA:111,0
DA:260,0
DA:261,0
DA:262,0
DA:266,0
DA:267,0
DA:270,0
DA:272,0
DA:275,0
DA:291,0
DA:299,0
DA:315,0
LF:13
LH:0
BRDA:110,0,0,0
BRDA:110,0,1,0
BRDA:261,1,0,0
BRDA:261,1,1,0
BRDA:266,2,0,0
BRDA:266,2,1,0
BRDA:266,3,0,0
BRDA:266,3,1,0
BRDA:308,4,0,0
BRDA:308,4,1,0
BRF:10
BRH:0
end_of_record
TN:
SF:src/features/auth/application/usecases/get-active-sessions.usecase.ts
FN:113,(anonymous_0)
FN:331,(anonymous_1)
FNF:2
FNH:0
FNDA:0,(anonymous_0)
FNDA:0,(anonymous_1)
DA:114,0
DA:115,0
DA:333,0
DA:334,0
DA:335,0
DA:338,0
DA:340,0
DA:343,0
DA:358,0
DA:364,0
DA:379,0
LF:11
LH:0
BRDA:114,0,0,0
BRDA:114,0,1,0
BRDA:334,1,0,0
BRDA:334,1,1,0
BRDA:372,2,0,0
BRDA:372,2,1,0
BRF:6
BRH:0
end_of_record
TN:
SF:src/features/auth/application/usecases/get-current-user.usecase.ts
FN:38,(anonymous_0)
FN:178,(anonymous_1)
FNF:2
FNH:0
FNDA:0,(anonymous_0)
FNDA:0,(anonymous_1)
DA:39,0
DA:40,0
DA:179,0
DA:180,0
DA:183,0
DA:186,0
DA:190,0
DA:194,0
LF:8
LH:0
BRDA:39,0,0,0
BRDA:39,0,1,0
BRDA:186,1,0,0
BRDA:186,1,1,0
BRDA:186,2,0,0
BRDA:186,2,1,0
BRDA:186,2,2,0
BRDA:186,2,3,0
BRF:8
BRH:0
end_of_record
TN:
SF:src/features/auth/application/usecases/has-permission.usecase.ts
FN:141,(anonymous_0)
FN:329,(anonymous_1)
FN:360,(anonymous_2)
FNF:3
FNH:0
FNDA:0,(anonymous_0)
FNDA:0,(anonymous_1)
FNDA:0,(anonymous_2)
DA:142,0
DA:143,0
DA:331,0
DA:332,0
DA:333,0
DA:334,0
DA:335,0
DA:337,0
DA:340,0
DA:342,0
DA:348,0
DA:351,0
DA:359,0
DA:360,0
DA:362,0
DA:382,0
DA:391,0
DA:407,0
LF:18
LH:0
BRDA:142,0,0,0
BRDA:142,0,1,0
BRDA:332,1,0,0
BRDA:332,1,1,0
BRDA:334,2,0,0
BRDA:334,2,1,0
BRDA:359,3,0,0
BRDA:359,3,1,0
BRDA:385,4,0,0
BRDA:385,4,1,0
BRDA:400,5,0,0
BRDA:400,5,1,0
BRF:12
BRH:0
end_of_record
TN:
SF:src/features/auth/application/usecases/is-authenticated.usecase.ts
FN:40,(anonymous_0)
FN:183,(anonymous_1)
FNF:2
FNH:0
FNDA:0,(anonymous_0)
FNDA:0,(anonymous_1)
DA:41,0
DA:42,0
DA:184,0
DA:185,0
DA:186,0
DA:189,0
DA:192,0
LF:7
LH:0
BRDA:41,0,0,0
BRDA:41,0,1,0
BRF:2
BRH:0
end_of_record
TN:
SF:src/features/auth/application/usecases/login-with-email.usecase.ts
FN:44,(anonymous_0)
FN:158,(anonymous_1)
FNF:2
FNH:0
FNDA:0,(anonymous_0)
FNDA:0,(anonymous_1)
DA:45,0
DA:46,0
DA:160,0
DA:161,0
DA:165,0
DA:166,0
DA:169,0
DA:170,0
DA:172,0
LF:9
LH:0
BRDA:45,0,0,0
BRDA:45,0,1,0
BRDA:160,1,0,0
BRDA:160,1,1,0
BRDA:160,2,0,0
BRDA:160,2,1,0
BRDA:169,3,0,0
BRDA:169,3,1,0
BRF:8
BRH:0
end_of_record
TN:
SF:src/features/auth/application/usecases/login-with-google.usecase.ts
FN:88,(anonymous_0)
FN:261,(anonymous_1)
FNF:2
FNH:0
FNDA:0,(anonymous_0)
FNDA:0,(anonymous_1)
DA:89,0
DA:90,0
DA:262,0
DA:264,0
DA:268,0
DA:273,0
DA:291,0
DA:299,0
DA:316,0
LF:9
LH:0
BRDA:89,0,0,0
BRDA:89,0,1,0
BRDA:268,1,0,0
BRDA:268,1,1,0
BRDA:307,2,0,0
BRDA:307,2,1,0
BRF:6
BRH:0
end_of_record
TN:
SF:src/features/auth/application/usecases/logout.usecase.ts
FN:36,(anonymous_0)
FN:162,(anonymous_1)
FNF:2
FNH:0
FNDA:0,(anonymous_0)
FNDA:0,(anonymous_1)
DA:37,0
DA:38,0
DA:163,0
DA:164,0
DA:167,0
DA:170,0
DA:171,0
LF:7
LH:0
BRDA:37,0,0,0
BRDA:37,0,1,0
BRDA:170,1,0,0
BRDA:170,1,1,0
BRDA:170,2,0,0
BRDA:170,2,1,0
BRF:6
BRH:0
end_of_record
TN:
SF:src/features/auth/application/usecases/password-reset.usecase.ts
FN:42,(anonymous_0)
FN:160,(anonymous_1)
FNF:2
FNH:0
FNDA:0,(anonymous_0)
FNDA:0,(anonymous_1)
DA:43,0
DA:44,0
DA:162,0
DA:163,0
DA:167,0
DA:168,0
DA:171,0
DA:172,0
DA:174,0
LF:9
LH:0
BRDA:43,0,0,0
BRDA:43,0,1,0
BRDA:162,1,0,0
BRDA:162,1,1,0
BRDA:171,2,0,0
BRDA:171,2,1,0
BRF:6
BRH:0
end_of_record
TN:
SF:src/features/auth/application/usecases/register-with-email.usecase.ts
FN:38,(anonymous_0)
FN:164,(anonymous_1)
FNF:2
FNH:0
FNDA:0,(anonymous_0)
FNDA:0,(anonymous_1)
DA:39,0
DA:40,0
DA:166,0
DA:167,0
DA:171,0
DA:172,0
DA:175,0
DA:176,0
DA:178,0
LF:9
LH:0
BRDA:39,0,0,0
BRDA:39,0,1,0
BRDA:166,1,0,0
BRDA:166,1,1,0
BRDA:166,2,0,0
BRDA:166,2,1,0
BRDA:175,3,0,0
BRDA:175,3,1,0
BRF:8
BRH:0
end_of_record
TN:
SF:src/features/auth/application/usecases/update-password.usecase.ts
FN:126,(anonymous_0)
FN:290,(anonymous_1)
FNF:2
FNH:0
FNDA:0,(anonymous_0)
FNDA:0,(anonymous_1)
DA:127,0
DA:128,0
DA:294,0
DA:295,0
DA:296,0
DA:300,0
DA:301,0
DA:304,0
DA:308,0
DA:311,0
DA:312,0
DA:315,0
DA:317,0
DA:323,0
DA:339,0
DA:345,0
DA:362,0
DA:363,0
DA:366,0
LF:19
LH:0
BRDA:127,0,0,0
BRDA:127,0,1,0
BRDA:295,1,0,0
BRDA:295,1,1,0
BRDA:300,2,0,0
BRDA:300,2,1,0
BRDA:300,3,0,0
BRDA:300,3,1,0
BRDA:304,4,0,0
BRDA:304,4,1,0
BRDA:305,5,0,0
BRDA:305,5,1,0
BRDA:311,6,0,0
BRDA:311,6,1,0
BRDA:353,7,0,0
BRDA:353,7,1,0
BRDA:362,8,0,0
BRDA:362,8,1,0
BRF:18
BRH:0
end_of_record
TN:
SF:src/features/auth/application/usecases/verify-mfa.usecase.ts
FN:117,(anonymous_0)
FN:276,(anonymous_1)
FNF:2
FNH:0
FNDA:0,(anonymous_0)
FNDA:0,(anonymous_1)
DA:118,0
DA:119,0
DA:278,0
DA:279,0
DA:282,0
DA:283,0
DA:286,0
DA:288,0
DA:294,0
DA:311,0
DA:317,0
DA:335,0
LF:12
LH:0
BRDA:118,0,0,0
BRDA:118,0,1,0
BRDA:278,1,0,0
BRDA:278,1,1,0
BRDA:278,2,0,0
BRDA:278,2,1,0
BRDA:282,3,0,0
BRDA:282,3,1,0
BRDA:282,4,0,0
BRDA:282,4,1,0
BRDA:327,5,0,0
BRDA:327,5,1,0
BRF:12
BRH:0
end_of_record
TN:
SF:src/features/auth/data/dtos/auth-user.dto.ts
FNF:0
FNH:0
LF:0
LH:0
BRF:0
BRH:0
end_of_record
TN:
SF:src/features/auth/data/factories/auth-service.container.ts
FN:220,(anonymous_0)
FN:234,(anonymous_1)
FN:264,(anonymous_2)
FN:316,(anonymous_3)
FN:340,(anonymous_4)
FN:362,(anonymous_5)
FN:384,(anonymous_6)
FN:406,(anonymous_7)
FN:428,(anonymous_8)
FN:450,(anonymous_9)
FN:472,(anonymous_10)
FN:498,(anonymous_11)
FN:515,(anonymous_12)
FN:533,(anonymous_13)
FN:546,(anonymous_14)
FN:607,(anonymous_15)
FN:635,(anonymous_16)
FN:650,(anonymous_17)
FN:681,(anonymous_18)
FN:696,(anonymous_19)
FN:711,(anonymous_20)
FN:726,(anonymous_21)
FN:744,(anonymous_22)
FN:755,(anonymous_23)
FN:770,(anonymous_24)
FN:792,(anonymous_25)
FN:808,(anonymous_26)
FN:817,(anonymous_27)
FN:831,(anonymous_28)
FN:850,(anonymous_29)
FN:860,(anonymous_30)
FN:869,(anonymous_31)
FN:878,(anonymous_32)
FN:887,(anonymous_33)
FN:898,(anonymous_34)
FN:910,(anonymous_35)
FNF:36
FNH:0
FNDA:0,(anonymous_0)
FNDA:0,(anonymous_1)
FNDA:0,(anonymous_2)
FNDA:0,(anonymous_3)
FNDA:0,(anonymous_4)
FNDA:0,(anonymous_5)
FNDA:0,(anonymous_6)
FNDA:0,(anonymous_7)
FNDA:0,(anonymous_8)
FNDA:0,(anonymous_9)
FNDA:0,(anonymous_10)
FNDA:0,(anonymous_11)
FNDA:0,(anonymous_12)
FNDA:0,(anonymous_13)
FNDA:0,(anonymous_14)
FNDA:0,(anonymous_15)
FNDA:0,(anonymous_16)
FNDA:0,(anonymous_17)
FNDA:0,(anonymous_18)
FNDA:0,(anonymous_19)
FNDA:0,(anonymous_20)
FNDA:0,(anonymous_21)
FNDA:0,(anonymous_22)
FNDA:0,(anonymous_23)
FNDA:0,(anonymous_24)
FNDA:0,(anonymous_25)
FNDA:0,(anonymous_26)
FNDA:0,(anonymous_27)
FNDA:0,(anonymous_28)
FNDA:0,(anonymous_29)
FNDA:0,(anonymous_30)
FNDA:0,(anonymous_31)
FNDA:0,(anonymous_32)
FNDA:0,(anonymous_33)
FNDA:0,(anonymous_34)
FNDA:0,(anonymous_35)
DA:195,0
DA:201,0
DA:207,0
DA:213,0
DA:235,0
DA:236,0
DA:238,0
DA:265,0
DA:266,0
DA:269,0
DA:272,0
DA:273,0
DA:275,0
DA:290,0
DA:292,0
DA:294,0
DA:317,0
DA:319,0
DA:320,0
DA:323,0
DA:341,0
DA:343,0
DA:344,0
DA:347,0
DA:348,0
DA:351,0
DA:363,0
DA:365,0
DA:366,0
DA:369,0
DA:370,0
DA:373,0
DA:385,0
DA:387,0
DA:388,0
DA:391,0
DA:392,0
DA:395,0
DA:407,0
DA:409,0
DA:410,0
DA:413,0
DA:414,0
DA:417,0
DA:429,0
DA:431,0
DA:432,0
DA:435,0
DA:436,0
DA:439,0
DA:451,0
DA:453,0
DA:454,0
DA:457,0
DA:458,0
DA:461,0
DA:473,0
DA:475,0
DA:476,0
DA:479,0
DA:480,0
DA:483,0
DA:499,0
DA:500,0
DA:516,0
DA:517,0
DA:518,0
DA:520,0
DA:521,0
DA:534,0
DA:547,0
DA:549,0
DA:551,0
DA:554,0
DA:558,0
DA:563,0
DA:579,0
DA:580,0
DA:582,0
DA:583,0
DA:586,0
DA:595,0
DA:598,0
DA:608,0
DA:610,0
DA:614,0
DA:621,0
DA:636,0
DA:638,0
DA:642,0
DA:651,0
DA:653,0
DA:658,0
DA:672,0
DA:673,0
DA:682,0
DA:684,0
DA:688,0
DA:697,0
DA:699,0
DA:703,0
DA:712,0
DA:714,0
DA:718,0
DA:727,0
DA:729,0
DA:734,0
DA:736,0
DA:745,0
DA:746,0
DA:756,0
DA:757,0
DA:758,0
DA:771,0
DA:772,0
DA:773,0
DA:774,0
DA:779,0
DA:780,0
DA:781,0
DA:785,0
DA:793,0
DA:794,0
DA:795,0
DA:796,0
DA:797,0
DA:798,0
DA:799,0
DA:801,0
DA:809,0
DA:810,0
DA:818,0
DA:819,0
DA:820,0
DA:821,0
DA:822,0
DA:824,0
DA:832,0
DA:833,0
DA:834,0
DA:835,0
DA:838,0
DA:839,0
DA:841,0
DA:842,0
DA:851,0
DA:852,0
DA:853,0
DA:861,0
DA:862,0
DA:870,0
DA:871,0
DA:879,0
DA:880,0
DA:888,0
DA:889,0
DA:890,0
DA:891,0
DA:899,0
DA:900,0
DA:901,0
DA:902,0
DA:911,0
DA:912,0
DA:913,0
DA:914,0
LF:166
LH:0
BRDA:235,0,0,0
BRDA:235,0,1,0
BRDA:265,1,0,0
BRDA:265,1,1,0
BRDA:285,2,0,0
BRDA:285,2,1,0
BRDA:319,3,0,0
BRDA:319,3,1,0
BRDA:343,4,0,0
BRDA:343,4,1,0
BRDA:347,5,0,0
BRDA:347,5,1,0
BRDA:365,6,0,0
BRDA:365,6,1,0
BRDA:369,7,0,0
BRDA:369,7,1,0
BRDA:387,8,0,0
BRDA:387,8,1,0
BRDA:391,9,0,0
BRDA:391,9,1,0
BRDA:409,10,0,0
BRDA:409,10,1,0
BRDA:413,11,0,0
BRDA:413,11,1,0
BRDA:431,12,0,0
BRDA:431,12,1,0
BRDA:435,13,0,0
BRDA:435,13,1,0
BRDA:453,14,0,0
BRDA:453,14,1,0
BRDA:457,15,0,0
BRDA:457,15,1,0
BRDA:475,16,0,0
BRDA:475,16,1,0
BRDA:479,17,0,0
BRDA:479,17,1,0
BRDA:520,18,0,0
BRDA:520,18,1,0
BRDA:554,19,0,0
BRDA:554,19,1,0
BRDA:558,20,0,0
BRDA:558,20,1,0
BRDA:565,21,0,0
BRDA:565,21,1,0
BRDA:566,22,0,0
BRDA:566,22,1,0
BRDA:579,23,0,0
BRDA:579,23,1,0
BRDA:582,24,0,0
BRDA:582,24,1,0
BRDA:672,25,0,0
BRDA:672,25,1,0
BRDA:745,26,0,0
BRDA:745,26,1,0
BRDA:756,27,0,0
BRDA:756,27,1,0
BRDA:772,28,0,0
BRDA:772,28,1,0
BRDA:779,29,0,0
BRDA:779,29,1,0
BRDA:779,30,0,0
BRDA:779,30,1,0
BRDA:794,31,0,0
BRDA:794,31,1,0
BRDA:797,32,0,0
BRDA:797,32,1,0
BRDA:820,33,0,0
BRDA:820,33,1,0
BRDA:834,34,0,0
BRDA:834,34,1,0
BRDA:841,35,0,0
BRDA:841,35,1,0
BRDA:842,36,0,0
BRDA:842,36,1,0
BRDA:901,37,0,0
BRDA:901,37,1,0
BRDA:902,38,0,0
BRDA:902,38,1,0
BRDA:913,39,0,0
BRDA:913,39,1,0
BRDA:914,40,0,0
BRDA:914,40,1,0
BRF:82
BRH:0
end_of_record
TN:
SF:src/features/auth/data/factories/auth.integration.ts
FN:89,(anonymous_0)
FN:157,(anonymous_1)
FN:225,(anonymous_2)
FN:295,(anonymous_3)
FN:361,(anonymous_4)
FN:392,(anonymous_5)
FN:411,(anonymous_6)
FN:433,getServiceContainer
FN:466,createEnterpriseAuthServices
FNF:9
FNH:0
FNDA:0,(anonymous_0)
FNDA:0,(anonymous_1)
FNDA:0,(anonymous_2)
FNDA:0,(anonymous_3)
FNDA:0,(anonymous_4)
FNDA:0,(anonymous_5)
FNDA:0,(anonymous_6)
FNDA:0,getServiceContainer
FNDA:0,createEnterpriseAuthServices
DA:93,0
DA:95,0
DA:126,0
DA:128,0
DA:142,0
DA:161,0
DA:163,0
DA:194,0
DA:196,0
DA:210,0
DA:230,0
DA:231,0
DA:233,0
DA:264,0
DA:266,0
DA:280,0
DA:299,0
DA:301,0
DA:332,0
DA:334,0
DA:348,0
DA:362,0
DA:364,0
DA:366,0
DA:374,0
DA:393,0
DA:394,0
DA:412,0
DA:437,0
DA:439,0
DA:441,0
DA:443,0
DA:445,0
DA:447,0
DA:469,0
LF:35
LH:0
BRDA:91,0,0,0
BRDA:159,1,0,0
BRDA:227,2,0,0
BRDA:297,3,0,0
BRDA:369,4,0,0
BRDA:369,4,1,0
BRDA:394,5,0,0
BRDA:394,5,1,0
BRDA:437,6,0,0
BRDA:437,6,1,0
BRDA:437,6,2,0
BRDA:437,6,3,0
BRDA:437,6,4,0
BRF:13
BRH:0
end_of_record
TN:
SF:src/features/auth/data/factories/security-service.factory.ts
FN:232,(anonymous_0)
FN:361,(anonymous_1)
FN:393,(anonymous_2)
FN:456,(anonymous_3)
FN:492,(anonymous_4)
FN:508,(anonymous_5)
FN:518,(anonymous_6)
FN:528,(anonymous_7)
FN:557,(anonymous_8)
FN:602,(anonymous_9)
FN:635,(anonymous_10)
FN:662,(anonymous_11)
FN:685,(anonymous_12)
FN:686,(anonymous_13)
FN:696,(anonymous_14)
FN:721,(anonymous_15)
FN:744,(anonymous_16)
FN:749,(anonymous_17)
FN:774,(anonymous_18)
FN:818,(anonymous_19)
FN:819,(anonymous_20)
FN:820,(anonymous_21)
FN:831,(anonymous_22)
FN:832,(anonymous_23)
FN:833,(anonymous_24)
FN:844,(anonymous_25)
FNF:26
FNH:0
FNDA:0,(anonymous_0)
FNDA:0,(anonymous_1)
FNDA:0,(anonymous_2)
FNDA:0,(anonymous_3)
FNDA:0,(anonymous_4)
FNDA:0,(anonymous_5)
FNDA:0,(anonymous_6)
FNDA:0,(anonymous_7)
FNDA:0,(anonymous_8)
FNDA:0,(anonymous_9)
FNDA:0,(anonymous_10)
FNDA:0,(anonymous_11)
FNDA:0,(anonymous_12)
FNDA:0,(anonymous_13)
FNDA:0,(anonymous_14)
FNDA:0,(anonymous_15)
FNDA:0,(anonymous_16)
FNDA:0,(anonymous_17)
FNDA:0,(anonymous_18)
FNDA:0,(anonymous_19)
FNDA:0,(anonymous_20)
FNDA:0,(anonymous_21)
FNDA:0,(anonymous_22)
FNDA:0,(anonymous_23)
FNDA:0,(anonymous_24)
FNDA:0,(anonymous_25)
DA:120,0
DA:127,0
DA:142,0
DA:154,0
DA:161,0
DA:236,0
DA:238,0
DA:240,0
DA:241,0
DA:242,0
DA:245,0
DA:248,0
DA:251,0
DA:254,0
DA:257,0
DA:258,0
DA:261,0
DA:262,0
DA:263,0
DA:264,0
DA:266,0
DA:276,0
DA:279,0
DA:283,0
DA:285,0
DA:300,0
DA:308,0
DA:309,0
DA:310,0
DA:314,0
DA:315,0
DA:319,0
DA:320,0
DA:324,0
DA:325,0
DA:327,0
DA:337,0
DA:340,0
DA:342,0
DA:350,0
DA:364,0
DA:366,0
DA:369,0
DA:396,0
DA:427,0
DA:435,0
DA:457,0
DA:458,0
DA:467,0
DA:474,0
DA:475,0
DA:476,0
DA:493,0
DA:509,0
DA:519,0
DA:529,0
DA:530,0
DA:558,0
DA:603,0
DA:615,0
DA:616,0
DA:617,0
DA:618,0
DA:619,0
DA:620,0
DA:623,0
DA:640,0
DA:649,0
DA:650,0
DA:651,0
DA:654,0
DA:663,0
DA:664,0
DA:666,0
DA:667,0
DA:668,0
DA:669,0
DA:673,0
DA:674,0
DA:686,0
DA:687,0
DA:697,0
DA:698,0
DA:700,0
DA:701,0
DA:702,0
DA:703,0
DA:707,0
DA:708,0
DA:711,0
DA:722,0
DA:724,0
DA:725,0
DA:727,0
DA:728,0
DA:730,0
DA:731,0
DA:732,0
DA:748,0
DA:750,0
DA:752,0
DA:759,0
DA:763,0
DA:775,0
DA:776,0
DA:779,0
DA:780,0
DA:784,0
DA:785,0
DA:786,0
DA:787,0
DA:792,0
DA:793,0
DA:797,0
DA:798,0
DA:801,0
DA:802,0
DA:805,0
DA:807,0
DA:819,0
DA:820,0
DA:822,0
DA:831,0
DA:832,0
DA:846,0
DA:847,0
DA:848,0
LF:127
LH:0
BRDA:234,0,0,0
BRDA:240,1,0,0
BRDA:240,1,1,0
BRDA:240,2,0,0
BRDA:240,2,1,0
BRDA:254,3,0,0
BRDA:254,3,1,0
BRDA:257,4,0,0
BRDA:257,4,1,0
BRDA:257,5,0,0
BRDA:257,5,1,0
BRDA:257,5,2,0
BRDA:261,6,0,0
BRDA:261,6,1,0
BRDA:261,7,0,0
BRDA:261,7,1,0
BRDA:314,8,0,0
BRDA:314,8,1,0
BRDA:314,9,0,0
BRDA:314,9,1,0
BRDA:319,10,0,0
BRDA:319,10,1,0
BRDA:319,11,0,0
BRDA:319,11,1,0
BRDA:320,12,0,0
BRDA:320,12,1,0
BRDA:364,13,0,0
BRDA:364,13,1,0
BRDA:428,14,0,0
BRDA:428,14,1,0
BRDA:474,15,0,0
BRDA:474,15,1,0
BRDA:531,16,0,0
BRDA:531,16,1,0
BRDA:540,17,0,0
BRDA:540,17,1,0
BRDA:562,18,0,0
BRDA:562,18,1,0
BRDA:563,19,0,0
BRDA:563,19,1,0
BRDA:564,20,0,0
BRDA:564,20,1,0
BRDA:565,21,0,0
BRDA:565,21,1,0
BRDA:568,22,0,0
BRDA:568,22,1,0
BRDA:569,23,0,0
BRDA:569,23,1,0
BRDA:570,24,0,0
BRDA:570,24,1,0
BRDA:571,25,0,0
BRDA:571,25,1,0
BRDA:574,26,0,0
BRDA:574,26,1,0
BRDA:575,27,0,0
BRDA:575,27,1,0
BRDA:576,28,0,0
BRDA:576,28,1,0
BRDA:577,29,0,0
BRDA:577,29,1,0
BRDA:580,30,0,0
BRDA:580,30,1,0
BRDA:581,31,0,0
BRDA:581,31,1,0
BRDA:582,32,0,0
BRDA:582,32,1,0
BRDA:583,33,0,0
BRDA:583,33,1,0
BRDA:584,34,0,0
BRDA:584,34,1,0
BRDA:587,35,0,0
BRDA:587,35,1,0
BRDA:588,36,0,0
BRDA:588,36,1,0
BRDA:589,37,0,0
BRDA:589,37,1,0
BRDA:649,38,0,0
BRDA:649,38,1,0
BRDA:650,39,0,0
BRDA:650,39,1,0
BRDA:667,40,0,0
BRDA:667,40,1,0
BRDA:673,41,0,0
BRDA:673,41,1,0
BRDA:701,42,0,0
BRDA:701,42,1,0
BRDA:702,43,0,0
BRDA:702,43,1,0
BRDA:722,44,0,0
BRDA:722,44,1,0
BRDA:727,45,0,0
BRDA:727,45,1,0
BRDA:728,46,0,0
BRDA:728,46,1,0
BRDA:730,47,0,0
BRDA:730,47,1,0
BRDA:750,48,0,0
BRDA:750,48,1,0
BRDA:775,49,0,0
BRDA:775,49,1,0
BRDA:779,50,0,0
BRDA:779,50,1,0
BRDA:786,51,0,0
BRDA:786,51,1,0
BRDA:792,52,0,0
BRDA:792,52,1,0
BRDA:797,53,0,0
BRDA:797,53,1,0
BRDA:797,54,0,0
BRDA:797,54,1,0
BRDA:801,55,0,0
BRDA:801,55,1,0
BRDA:801,56,0,0
BRDA:801,56,1,0
BRDA:805,57,0,0
BRDA:805,57,1,0
BRDA:805,58,0,0
BRDA:805,58,1,0
BRF:118
BRH:0
end_of_record
TN:
SF:src/features/auth/data/interfaces/auth.datasource.interface.ts
FNF:0
FNH:0
LF:0
LH:0
BRF:0
BRH:0
end_of_record
TN:
SF:src/features/auth/data/interfaces/security-service-factory.interfaces.ts
FNF:0
FNH:0
LF:0
LH:0
BRF:0
BRH:0
end_of_record
TN:
SF:src/features/auth/data/mappers/auth-user.mapper.ts
FN:150,(anonymous_0)
FNF:1
FNH:0
FNDA:0,(anonymous_0)
DA:152,0
DA:153,0
DA:156,0
DA:157,0
DA:161,0
DA:164,0
DA:165,0
DA:166,0
DA:170,0
DA:171,0
DA:172,0
DA:175,0
DA:177,0
DA:178,0
DA:183,0
DA:184,0
DA:185,0
DA:188,0
DA:189,0
DA:190,0
DA:192,0
DA:196,0
DA:201,0
LF:23
LH:0
BRDA:152,0,0,0
BRDA:152,0,1,0
BRDA:156,1,0,0
BRDA:156,1,1,0
BRDA:165,2,0,0
BRDA:165,2,1,0
BRDA:171,3,0,0
BRDA:171,3,1,0
BRDA:177,4,0,0
BRDA:177,4,1,0
BRDA:184,5,0,0
BRDA:184,5,1,0
BRDA:190,6,0,0
BRDA:190,6,1,0
BRDA:204,7,0,0
BRDA:204,7,1,0
BRDA:205,8,0,0
BRDA:205,8,1,0
BRDA:207,9,0,0
BRDA:207,9,1,0
BRF:20
BRH:0
end_of_record
TN:
SF:src/features/auth/data/mappers/supabase-auth-error.mapper.ts
FN:66,isSupabaseAuthError
FN:116,(anonymous_1)
FNF:2
FNH:0
FNDA:0,isSupabaseAuthError
FNDA:0,(anonymous_1)
DA:67,0
DA:117,0
DA:118,0
DA:119,0
DA:122,0
DA:128,0
DA:131,0
DA:136,0
DA:139,0
DA:145,0
DA:148,0
DA:154,0
DA:158,0
DA:165,0
DA:168,0
DA:175,0
DA:178,0
DA:185,0
DA:189,0
DA:191,0
DA:193,0
DA:195,0
DA:197,0
DA:199,0
DA:201,0
DA:203,0
DA:205,0
DA:210,0
DA:211,0
DA:215,0
LF:30
LH:0
BRDA:68,0,0,0
BRDA:68,0,1,0
BRDA:68,0,2,0
BRDA:68,0,3,0
BRDA:117,1,0,0
BRDA:117,1,1,0
BRDA:122,2,0,0
BRDA:122,2,1,0
BRDA:123,3,0,0
BRDA:123,3,1,0
BRDA:123,3,2,0
BRDA:123,3,3,0
BRDA:131,4,0,0
BRDA:131,4,1,0
BRDA:132,5,0,0
BRDA:132,5,1,0
BRDA:132,5,2,0
BRDA:139,6,0,0
BRDA:139,6,1,0
BRDA:140,7,0,0
BRDA:140,7,1,0
BRDA:140,7,2,0
BRDA:140,7,3,0
BRDA:148,8,0,0
BRDA:148,8,1,0
BRDA:149,9,0,0
BRDA:149,9,1,0
BRDA:149,9,2,0
BRDA:149,9,3,0
BRDA:158,10,0,0
BRDA:158,10,1,0
BRDA:159,11,0,0
BRDA:159,11,1,0
BRDA:159,11,2,0
BRDA:159,11,3,0
BRDA:159,11,4,0
BRDA:168,12,0,0
BRDA:168,12,1,0
BRDA:169,13,0,0
BRDA:169,13,1,0
BRDA:169,13,2,0
BRDA:169,13,3,0
BRDA:169,13,4,0
BRDA:178,14,0,0
BRDA:178,14,1,0
BRDA:179,15,0,0
BRDA:179,15,1,0
BRDA:179,15,2,0
BRDA:179,15,3,0
BRDA:179,15,4,0
BRDA:189,16,0,0
BRDA:189,16,1,0
BRDA:189,16,2,0
BRDA:189,16,3,0
BRDA:189,16,4,0
BRDA:189,16,5,0
BRDA:189,16,6,0
BRDA:189,16,7,0
BRDA:210,17,0,0
BRDA:210,17,1,0
BRF:60
BRH:0
end_of_record
TN:
SF:src/features/auth/data/repository/auth.repository.impl.ts
FN:148,(anonymous_0)
FN:155,(anonymous_1)
FN:170,(anonymous_2)
FN:251,(anonymous_3)
FN:323,(anonymous_4)
FN:334,(anonymous_5)
FN:343,(anonymous_6)
FN:355,(anonymous_7)
FN:356,(anonymous_8)
FN:371,(anonymous_9)
FN:474,(anonymous_10)
FN:479,(anonymous_11)
FN:506,(anonymous_12)
FN:519,(anonymous_13)
FN:532,(anonymous_14)
FN:551,(anonymous_15)
FN:576,(anonymous_16)
FN:643,(anonymous_17)
FN:715,(anonymous_18)
FN:763,(anonymous_19)
FN:833,(anonymous_20)
FN:879,(anonymous_21)
FN:945,(anonymous_22)
FN:987,(anonymous_23)
FN:1033,(anonymous_24)
FN:1038,(anonymous_25)
FN:1043,(anonymous_26)
FN:1048,(anonymous_27)
FN:1053,(anonymous_28)
FN:1058,(anonymous_29)
FN:1067,(anonymous_30)
FN:1074,(anonymous_31)
FN:1116,(anonymous_32)
FN:1138,(anonymous_33)
FN:1155,(anonymous_34)
FN:1172,(anonymous_35)
FN:1177,(anonymous_36)
FN:1195,(anonymous_37)
FN:1220,(anonymous_38)
FN:1240,(anonymous_39)
FN:1243,(anonymous_40)
FN:1279,(anonymous_41)
FN:1304,(anonymous_42)
FN:1309,(anonymous_43)
FN:1314,(anonymous_44)
FN:1329,(anonymous_45)
FN:1482,(anonymous_46)
FNF:47
FNH:0
FNDA:0,(anonymous_0)
FNDA:0,(anonymous_1)
FNDA:0,(anonymous_2)
FNDA:0,(anonymous_3)
FNDA:0,(anonymous_4)
FNDA:0,(anonymous_5)
FNDA:0,(anonymous_6)
FNDA:0,(anonymous_7)
FNDA:0,(anonymous_8)
FNDA:0,(anonymous_9)
FNDA:0,(anonymous_10)
FNDA:0,(anonymous_11)
FNDA:0,(anonymous_12)
FNDA:0,(anonymous_13)
FNDA:0,(anonymous_14)
FNDA:0,(anonymous_15)
FNDA:0,(anonymous_16)
FNDA:0,(anonymous_17)
FNDA:0,(anonymous_18)
FNDA:0,(anonymous_19)
FNDA:0,(anonymous_20)
FNDA:0,(anonymous_21)
FNDA:0,(anonymous_22)
FNDA:0,(anonymous_23)
FNDA:0,(anonymous_24)
FNDA:0,(anonymous_25)
FNDA:0,(anonymous_26)
FNDA:0,(anonymous_27)
FNDA:0,(anonymous_28)
FNDA:0,(anonymous_29)
FNDA:0,(anonymous_30)
FNDA:0,(anonymous_31)
FNDA:0,(anonymous_32)
FNDA:0,(anonymous_33)
FNDA:0,(anonymous_34)
FNDA:0,(anonymous_35)
FNDA:0,(anonymous_36)
FNDA:0,(anonymous_37)
FNDA:0,(anonymous_38)
FNDA:0,(anonymous_39)
FNDA:0,(anonymous_40)
FNDA:0,(anonymous_41)
FNDA:0,(anonymous_42)
FNDA:0,(anonymous_43)
FNDA:0,(anonymous_44)
FNDA:0,(anonymous_45)
FNDA:0,(anonymous_46)
DA:156,0
DA:171,0
DA:172,0
DA:177,0
DA:180,0
DA:181,0
DA:183,0
DA:185,0
DA:186,0
DA:190,0
DA:194,0
DA:195,0
DA:196,0
DA:198,0
DA:199,0
DA:205,0
DA:206,0
DA:207,0
DA:211,0
DA:214,0
DA:219,0
DA:222,0
DA:228,0
DA:232,0
DA:236,0
DA:237,0
DA:252,0
DA:253,0
DA:258,0
DA:263,0
DA:265,0
DA:266,0
DA:272,0
DA:291,0
DA:296,0
DA:299,0
DA:305,0
DA:308,0
DA:312,0
DA:313,0
DA:324,0
DA:335,0
DA:344,0
DA:345,0
DA:347,0
DA:356,0
DA:357,0
DA:358,0
DA:359,0
DA:362,0
DA:363,0
DA:375,0
DA:376,0
DA:377,0
DA:378,0
DA:381,0
DA:386,0
DA:389,0
DA:394,0
DA:396,0
DA:401,0
DA:408,0
DA:409,0
DA:413,0
DA:419,0
DA:421,0
DA:426,0
DA:432,0
DA:437,0
DA:440,0
DA:446,0
DA:451,0
DA:455,0
DA:458,0
DA:464,0
DA:466,0
DA:470,0
DA:476,0
DA:484,0
DA:486,0
DA:491,0
DA:494,0
DA:495,0
DA:496,0
DA:499,0
DA:501,0
DA:502,0
DA:507,0
DA:508,0
DA:510,0
DA:512,0
DA:514,0
DA:515,0
DA:520,0
DA:521,0
DA:525,0
DA:527,0
DA:528,0
DA:533,0
DA:534,0
DA:538,0
DA:540,0
DA:542,0
DA:543,0
DA:552,0
DA:553,0
DA:555,0
DA:560,0
DA:562,0
DA:567,0
DA:568,0
DA:572,0
DA:577,0
DA:578,0
DA:579,0
DA:580,0
DA:583,0
DA:589,0
DA:590,0
DA:591,0
DA:595,0
DA:600,0
DA:609,0
DA:623,0
DA:628,0
DA:633,0
DA:635,0
DA:639,0
DA:644,0
DA:645,0
DA:646,0
DA:647,0
DA:651,0
DA:652,0
DA:653,0
DA:657,0
DA:658,0
DA:663,0
DA:668,0
DA:670,0
DA:685,0
DA:689,0
DA:704,0
DA:708,0
DA:710,0
DA:711,0
DA:716,0
DA:717,0
DA:718,0
DA:719,0
DA:723,0
DA:726,0
DA:735,0
DA:749,0
DA:754,0
DA:755,0
DA:764,0
DA:766,0
DA:781,0
DA:783,0
DA:784,0
DA:788,0
DA:793,0
DA:796,0
DA:812,0
DA:821,0
DA:822,0
DA:823,0
DA:826,0
DA:828,0
DA:829,0
DA:834,0
DA:835,0
DA:837,0
DA:838,0
DA:842,0
DA:847,0
DA:850,0
DA:867,0
DA:868,0
DA:869,0
DA:872,0
DA:874,0
DA:875,0
DA:880,0
DA:881,0
DA:883,0
DA:884,0
DA:892,0
DA:897,0
DA:899,0
DA:912,0
DA:916,0
DA:933,0
DA:934,0
DA:935,0
DA:938,0
DA:940,0
DA:941,0
DA:948,0
DA:949,0
DA:950,0
DA:951,0
DA:955,0
DA:963,0
DA:978,0
DA:982,0
DA:983,0
DA:990,0
DA:991,0
DA:992,0
DA:993,0
DA:997,0
DA:1005,0
DA:1020,0
DA:1024,0
DA:1025,0
DA:1035,0
DA:1040,0
DA:1045,0
DA:1050,0
DA:1055,0
DA:1060,0
DA:1076,0
DA:1077,0
DA:1078,0
DA:1079,0
DA:1080,0
DA:1082,0
DA:1083,0
DA:1084,0
DA:1085,0
DA:1086,0
DA:1087,0
DA:1088,0
DA:1089,0
DA:1091,0
DA:1092,0
DA:1094,0
DA:1095,0
DA:1096,0
DA:1097,0
DA:1098,0
DA:1100,0
DA:1101,0
DA:1102,0
DA:1104,0
DA:1117,0
DA:1121,0
DA:1123,0
DA:1126,0
DA:1133,0
DA:1134,0
DA:1139,0
DA:1141,0
DA:1142,0
DA:1143,0
DA:1148,0
DA:1150,0
DA:1151,0
DA:1156,0
DA:1162,0
DA:1165,0
DA:1167,0
DA:1168,0
DA:1174,0
DA:1178,0
DA:1180,0
DA:1186,0
DA:1187,0
DA:1196,0
DA:1197,0
DA:1200,0
DA:1210,0
DA:1211,0
DA:1215,0
DA:1221,0
DA:1222,0
DA:1223,0
DA:1226,0
DA:1227,0
DA:1229,0
DA:1235,0
DA:1238,0
DA:1239,0
DA:1240,0
DA:1242,0
DA:1243,0
DA:1246,0
DA:1249,0
DA:1250,0
DA:1261,0
DA:1262,0
DA:1272,0
DA:1274,0
DA:1275,0
DA:1280,0
DA:1281,0
DA:1282,0
DA:1284,0
DA:1291,0
DA:1293,0
DA:1295,0
DA:1296,0
DA:1306,0
DA:1311,0
DA:1316,0
DA:1330,0
DA:1331,0
DA:1340,0
DA:1341,0
DA:1348,0
DA:1353,0
DA:1354,0
DA:1355,0
DA:1358,0
DA:1361,0
DA:1366,0
DA:1367,0
DA:1377,0
DA:1378,0
DA:1382,0
DA:1384,0
DA:1385,0
DA:1389,0
DA:1393,0
DA:1394,0
DA:1402,0
DA:1406,0
DA:1414,0
DA:1415,0
DA:1416,0
DA:1420,0
DA:1423,0
DA:1425,0
DA:1435,0
DA:1450,0
DA:1453,0
DA:1462,0
DA:1466,0
DA:1470,0
DA:1471,0
DA:1483,0
LF:343
LH:0
BRDA:181,0,0,0
BRDA:181,0,1,0
BRDA:185,1,0,0
BRDA:185,1,1,0
BRDA:185,2,0,0
BRDA:185,2,1,0
BRDA:195,3,0,0
BRDA:195,3,1,0
BRDA:196,4,0,0
BRDA:196,4,1,0
BRDA:198,5,0,0
BRDA:198,5,1,0
BRDA:198,6,0,0
BRDA:198,6,1,0
BRDA:206,7,0,0
BRDA:206,7,1,0
BRDA:207,8,0,0
BRDA:207,8,1,0
BRDA:228,9,0,0
BRDA:228,9,1,0
BRDA:228,10,0,0
BRDA:228,10,1,0
BRDA:228,10,2,0
BRDA:228,10,3,0
BRDA:265,11,0,0
BRDA:265,11,1,0
BRDA:305,12,0,0
BRDA:305,12,1,0
BRDA:305,13,0,0
BRDA:305,13,1,0
BRDA:305,13,2,0
BRDA:345,14,0,0
BRDA:345,14,1,0
BRDA:357,15,0,0
BRDA:357,15,1,0
BRDA:377,16,0,0
BRDA:377,16,1,0
BRDA:386,17,0,0
BRDA:386,17,1,0
BRDA:386,17,2,0
BRDA:386,17,3,0
BRDA:394,18,0,0
BRDA:394,18,1,0
BRDA:408,19,0,0
BRDA:408,19,1,0
BRDA:419,20,0,0
BRDA:419,20,1,0
BRDA:437,21,0,0
BRDA:437,21,1,0
BRDA:464,22,0,0
BRDA:464,22,1,0
BRDA:464,23,0,0
BRDA:464,23,1,0
BRDA:487,24,0,0
BRDA:487,24,1,0
BRDA:491,25,0,0
BRDA:491,25,1,0
BRDA:495,26,0,0
BRDA:495,26,1,0
BRDA:510,27,0,0
BRDA:510,27,1,0
BRDA:512,28,0,0
BRDA:512,28,1,0
BRDA:525,29,0,0
BRDA:525,29,1,0
BRDA:538,30,0,0
BRDA:538,30,1,0
BRDA:567,31,0,0
BRDA:567,31,1,0
BRDA:579,32,0,0
BRDA:579,32,1,0
BRDA:590,33,0,0
BRDA:590,33,1,0
BRDA:591,34,0,0
BRDA:591,34,1,0
BRDA:633,35,0,0
BRDA:633,35,1,0
BRDA:633,36,0,0
BRDA:633,36,1,0
BRDA:646,37,0,0
BRDA:646,37,1,0
BRDA:652,38,0,0
BRDA:652,38,1,0
BRDA:668,39,0,0
BRDA:668,39,1,0
BRDA:685,40,0,0
BRDA:685,40,1,0
BRDA:718,41,0,0
BRDA:718,41,1,0
BRDA:769,42,0,0
BRDA:769,42,1,0
BRDA:775,43,0,0
BRDA:775,43,1,0
BRDA:783,44,0,0
BRDA:783,44,1,0
BRDA:783,45,0,0
BRDA:783,45,1,0
BRDA:784,46,0,0
BRDA:784,46,1,0
BRDA:793,47,0,0
BRDA:793,47,1,0
BRDA:799,48,0,0
BRDA:799,48,1,0
BRDA:822,49,0,0
BRDA:822,49,1,0
BRDA:837,50,0,0
BRDA:837,50,1,0
BRDA:837,51,0,0
BRDA:837,51,1,0
BRDA:838,52,0,0
BRDA:838,52,1,0
BRDA:847,53,0,0
BRDA:847,53,1,0
BRDA:853,54,0,0
BRDA:853,54,1,0
BRDA:868,55,0,0
BRDA:868,55,1,0
BRDA:883,56,0,0
BRDA:883,56,1,0
BRDA:883,57,0,0
BRDA:883,57,1,0
BRDA:884,58,0,0
BRDA:884,58,1,0
BRDA:897,59,0,0
BRDA:897,59,1,0
BRDA:912,60,0,0
BRDA:912,60,1,0
BRDA:934,61,0,0
BRDA:934,61,1,0
BRDA:950,62,0,0
BRDA:950,62,1,0
BRDA:992,63,0,0
BRDA:992,63,1,0
BRDA:1083,64,0,0
BRDA:1083,64,1,0
BRDA:1085,65,0,0
BRDA:1085,65,1,0
BRDA:1086,66,0,0
BRDA:1086,66,1,0
BRDA:1087,67,0,0
BRDA:1087,67,1,0
BRDA:1088,68,0,0
BRDA:1088,68,1,0
BRDA:1094,69,0,0
BRDA:1094,69,1,0
BRDA:1095,70,0,0
BRDA:1095,70,1,0
BRDA:1096,71,0,0
BRDA:1096,71,1,0
BRDA:1097,72,0,0
BRDA:1097,72,1,0
BRDA:1098,73,0,0
BRDA:1098,73,1,0
BRDA:1100,74,0,0
BRDA:1100,74,1,0
BRDA:1101,75,0,0
BRDA:1101,75,1,0
BRDA:1102,76,0,0
BRDA:1102,76,1,0
BRDA:1123,77,0,0
BRDA:1123,77,1,0
BRDA:1141,78,0,0
BRDA:1141,78,1,0
BRDA:1201,79,0,0
BRDA:1201,79,1,0
BRDA:1205,80,0,0
BRDA:1205,80,1,0
BRDA:1206,81,0,0
BRDA:1206,81,1,0
BRDA:1210,82,0,0
BRDA:1210,82,1,0
BRDA:1223,83,0,0
BRDA:1223,83,1,0
BRDA:1235,84,0,0
BRDA:1235,84,1,0
BRDA:1238,85,0,0
BRDA:1238,85,1,0
BRDA:1249,86,0,0
BRDA:1249,86,1,0
BRDA:1261,87,0,0
BRDA:1261,87,1,0
BRDA:1279,88,0,0
BRDA:1282,89,0,0
BRDA:1282,89,1,0
BRDA:1291,90,0,0
BRDA:1291,90,1,0
BRDA:1293,91,0,0
BRDA:1293,91,1,0
BRDA:1340,92,0,0
BRDA:1340,92,1,0
BRDA:1340,93,0,0
BRDA:1340,93,1,0
BRDA:1340,93,2,0
BRDA:1345,94,0,0
BRDA:1345,94,1,0
BRDA:1354,95,0,0
BRDA:1354,95,1,0
BRDA:1366,96,0,0
BRDA:1366,96,1,0
BRDA:1384,97,0,0
BRDA:1384,97,1,0
BRDA:1393,98,0,0
BRDA:1393,98,1,0
BRDA:1393,99,0,0
BRDA:1393,99,1,0
BRDA:1415,100,0,0
BRDA:1415,100,1,0
BRDA:1462,101,0,0
BRDA:1462,101,1,0
BRDA:1462,102,0,0
BRDA:1462,102,1,0
BRDA:1462,102,2,0
BRDA:1462,102,3,0
BRDA:1486,103,0,0
BRDA:1486,103,1,0
BRDA:1487,104,0,0
BRDA:1487,104,1,0
BRF:217
BRH:0
end_of_record
TN:
SF:src/features/auth/data/services/advanced-security.service.impl.ts
FN:264,(anonymous_0)
FN:288,(anonymous_1)
FN:300,(anonymous_2)
FN:304,(anonymous_3)
FN:311,(anonymous_4)
FN:328,(anonymous_5)
FN:352,(anonymous_6)
FN:353,(anonymous_7)
FN:354,(anonymous_8)
FN:441,(anonymous_9)
FN:494,(anonymous_10)
FN:567,(anonymous_11)
FN:622,(anonymous_12)
FN:676,(anonymous_13)
FN:696,(anonymous_14)
FN:722,(anonymous_15)
FN:746,(anonymous_16)
FN:763,(anonymous_17)
FN:786,(anonymous_18)
FN:811,(anonymous_19)
FN:837,(anonymous_20)
FN:888,(anonymous_21)
FN:905,(anonymous_22)
FN:927,(anonymous_23)
FN:957,(anonymous_24)
FN:995,(anonymous_25)
FN:1034,(anonymous_26)
FN:1085,(anonymous_27)
FNF:28
FNH:0
FNDA:0,(anonymous_0)
FNDA:0,(anonymous_1)
FNDA:0,(anonymous_2)
FNDA:0,(anonymous_3)
FNDA:0,(anonymous_4)
FNDA:0,(anonymous_5)
FNDA:0,(anonymous_6)
FNDA:0,(anonymous_7)
FNDA:0,(anonymous_8)
FNDA:0,(anonymous_9)
FNDA:0,(anonymous_10)
FNDA:0,(anonymous_11)
FNDA:0,(anonymous_12)
FNDA:0,(anonymous_13)
FNDA:0,(anonymous_14)
FNDA:0,(anonymous_15)
FNDA:0,(anonymous_16)
FNDA:0,(anonymous_17)
FNDA:0,(anonymous_18)
FNDA:0,(anonymous_19)
FNDA:0,(anonymous_20)
FNDA:0,(anonymous_21)
FNDA:0,(anonymous_22)
FNDA:0,(anonymous_23)
FNDA:0,(anonymous_24)
FNDA:0,(anonymous_25)
FNDA:0,(anonymous_26)
FNDA:0,(anonymous_27)
DA:270,0
DA:289,0
DA:290,0
DA:291,0
DA:302,0
DA:304,0
DA:305,0
DA:311,0
DA:312,0
DA:313,0
DA:329,0
DA:330,0
DA:344,0
DA:352,0
DA:353,0
DA:354,0
DA:358,0
DA:359,0
DA:360,0
DA:361,0
DA:363,0
DA:374,0
DA:383,0
DA:385,0
DA:388,0
DA:442,0
DA:443,0
DA:450,0
DA:463,0
DA:471,0
DA:473,0
DA:476,0
DA:499,0
DA:500,0
DA:506,0
DA:507,0
DA:508,0
DA:509,0
DA:512,0
DA:521,0
DA:522,0
DA:523,0
DA:524,0
DA:527,0
DA:528,0
DA:530,0
DA:537,0
DA:547,0
DA:549,0
DA:553,0
DA:571,0
DA:572,0
DA:574,0
DA:575,0
DA:580,0
DA:593,0
DA:604,0
DA:608,0
DA:626,0
DA:627,0
DA:629,0
DA:630,0
DA:632,0
DA:645,0
DA:656,0
DA:678,0
DA:679,0
DA:680,0
DA:681,0
DA:682,0
DA:683,0
DA:685,0
DA:697,0
DA:700,0
DA:701,0
DA:704,0
DA:708,0
DA:711,0
DA:723,0
DA:726,0
DA:727,0
DA:730,0
DA:731,0
DA:732,0
DA:735,0
DA:747,0
DA:749,0
DA:755,0
DA:756,0
DA:759,0
DA:760,0
DA:763,0
DA:764,0
DA:766,0
DA:768,0
DA:770,0
DA:774,0
DA:787,0
DA:790,0
DA:791,0
DA:792,0
DA:796,0
DA:798,0
DA:816,0
DA:818,0
DA:819,0
DA:820,0
DA:821,0
DA:822,0
DA:823,0
DA:825,0
DA:841,0
DA:844,0
DA:846,0
DA:847,0
DA:848,0
DA:849,0
DA:851,0
DA:852,0
DA:853,0
DA:854,0
DA:856,0
DA:857,0
DA:858,0
DA:859,0
DA:861,0
DA:862,0
DA:866,0
DA:867,0
DA:869,0
DA:870,0
DA:872,0
DA:873,0
DA:876,0
DA:893,0
DA:909,0
DA:911,0
DA:914,0
DA:915,0
DA:931,0
DA:933,0
DA:937,0
DA:938,0
DA:939,0
DA:941,0
DA:946,0
DA:947,0
DA:958,0
DA:959,0
DA:972,0
DA:996,0
DA:998,0
DA:1005,0
DA:1013,0
DA:1015,0
DA:1018,0
DA:1035,0
DA:1036,0
DA:1039,0
DA:1040,0
DA:1043,0
DA:1044,0
DA:1047,0
DA:1048,0
DA:1051,0
DA:1052,0
DA:1055,0
DA:1064,0
DA:1066,0
DA:1069,0
DA:1086,0
DA:1087,0
DA:1090,0
DA:1091,0
DA:1092,0
DA:1093,0
DA:1094,0
DA:1095,0
DA:1098,0
DA:1100,0
DA:1108,0
DA:1110,0
DA:1113,0
LF:183
LH:0
BRDA:305,0,0,0
BRDA:305,0,1,0
BRDA:521,1,0,0
BRDA:521,1,1,0
BRDA:522,2,0,0
BRDA:522,2,1,0
BRDA:523,3,0,0
BRDA:523,3,1,0
BRDA:534,4,0,0
BRDA:534,4,1,0
BRDA:574,5,0,0
BRDA:574,5,1,0
BRDA:574,6,0,0
BRDA:574,6,1,0
BRDA:629,7,0,0
BRDA:629,7,1,0
BRDA:629,8,0,0
BRDA:629,8,1,0
BRDA:635,9,0,0
BRDA:635,9,1,0
BRDA:647,10,0,0
BRDA:647,10,1,0
BRDA:700,11,0,0
BRDA:700,11,1,0
BRDA:701,12,0,0
BRDA:701,12,1,0
BRDA:704,13,0,0
BRDA:704,13,1,0
BRDA:704,14,0,0
BRDA:704,14,1,0
BRDA:704,14,2,0
BRDA:704,14,3,0
BRDA:726,15,0,0
BRDA:726,15,1,0
BRDA:727,16,0,0
BRDA:727,16,1,0
BRDA:731,17,0,0
BRDA:731,17,1,0
BRDA:731,18,0,0
BRDA:731,18,1,0
BRDA:756,19,0,0
BRDA:756,19,1,0
BRDA:759,20,0,0
BRDA:759,20,1,0
BRDA:760,21,0,0
BRDA:760,21,1,0
BRDA:763,22,0,0
BRDA:763,22,1,0
BRDA:791,23,0,0
BRDA:791,23,1,0
BRDA:791,24,0,0
BRDA:791,24,1,0
BRDA:796,25,0,0
BRDA:796,25,1,0
BRDA:818,26,0,0
BRDA:818,26,1,0
BRDA:819,27,0,0
BRDA:819,27,1,0
BRDA:820,28,0,0
BRDA:820,28,1,0
BRDA:821,29,0,0
BRDA:821,29,1,0
BRDA:822,30,0,0
BRDA:822,30,1,0
BRDA:823,31,0,0
BRDA:823,31,1,0
BRDA:844,32,0,0
BRDA:844,32,1,0
BRDA:844,32,2,0
BRDA:844,32,3,0
BRDA:866,33,0,0
BRDA:866,33,1,0
BRDA:869,34,0,0
BRDA:869,34,1,0
BRDA:872,35,0,0
BRDA:872,35,1,0
BRDA:893,36,0,0
BRDA:893,36,1,0
BRDA:909,37,0,0
BRDA:909,37,1,0
BRDA:909,38,0,0
BRDA:909,38,1,0
BRDA:909,38,2,0
BRDA:909,38,3,0
BRDA:931,39,0,0
BRDA:931,39,1,0
BRDA:931,40,0,0
BRDA:931,40,1,0
BRDA:931,40,2,0
BRDA:931,40,3,0
BRDA:1039,41,0,0
BRDA:1039,41,1,0
BRDA:1043,42,0,0
BRDA:1043,42,1,0
BRDA:1047,43,0,0
BRDA:1047,43,1,0
BRDA:1051,44,0,0
BRDA:1051,44,1,0
BRDA:1057,45,0,0
BRDA:1057,45,1,0
BRDA:1057,46,0,0
BRDA:1057,46,1,0
BRDA:1090,47,0,0
BRDA:1090,47,1,0
BRDA:1091,48,0,0
BRDA:1091,48,1,0
BRDA:1092,49,0,0
BRDA:1092,49,1,0
BRDA:1093,50,0,0
BRDA:1093,50,1,0
BRDA:1094,51,0,0
BRDA:1094,51,1,0
BRDA:1095,52,0,0
BRDA:1095,52,1,0
BRF:114
BRH:0
end_of_record
TN:
SF:src/features/auth/data/services/biometric-auth.service.impl.ts
FN:196,(anonymous_0)
FN:244,(anonymous_1)
FN:323,(anonymous_2)
FN:413,(anonymous_3)
FN:503,(anonymous_4)
FN:532,(anonymous_5)
FN:577,(anonymous_6)
FN:602,(anonymous_7)
FNF:8
FNH:0
FNDA:0,(anonymous_0)
FNDA:0,(anonymous_1)
FNDA:0,(anonymous_2)
FNDA:0,(anonymous_3)
FNDA:0,(anonymous_4)
FNDA:0,(anonymous_5)
FNDA:0,(anonymous_6)
FNDA:0,(anonymous_7)
DA:199,0
DA:203,0
DA:245,0
DA:246,0
DA:248,0
DA:253,0
DA:261,0
DA:263,0
DA:267,0
DA:324,0
DA:325,0
DA:326,0
DA:328,0
DA:338,0
DA:343,0
DA:347,0
DA:414,0
DA:416,0
DA:417,0
DA:418,0
DA:425,0
DA:428,0
DA:433,0
DA:434,0
DA:444,0
DA:449,0
DA:458,0
DA:464,0
DA:469,0
DA:504,0
DA:505,0
DA:506,0
DA:508,0
DA:511,0
DA:533,0
DA:534,0
DA:536,0
DA:544,0
DA:547,0
DA:578,0
DA:580,0
DA:582,0
DA:584,0
DA:586,0
DA:603,0
DA:605,0
DA:607,0
DA:609,0
DA:611,0
LF:49
LH:0
BRDA:270,0,0,0
BRDA:270,0,1,0
BRDA:417,1,0,0
BRDA:417,1,1,0
BRDA:433,2,0,0
BRDA:433,2,1,0
BRDA:433,3,0,0
BRDA:433,3,1,0
BRDA:471,4,0,0
BRDA:471,4,1,0
BRDA:578,5,0,0
BRDA:578,5,1,0
BRDA:578,5,2,0
BRDA:578,5,3,0
BRDA:603,6,0,0
BRDA:603,6,1,0
BRDA:603,6,2,0
BRDA:603,6,3,0
BRF:18
BRH:0
end_of_record
TN:
SF:src/features/auth/data/services/compliance.service.impl.ts
FN:304,(anonymous_0)
FN:369,(anonymous_1)
FN:528,(anonymous_2)
FN:607,(anonymous_3)
FN:686,(anonymous_4)
FN:744,(anonymous_5)
FN:801,(anonymous_6)
FN:824,(anonymous_7)
FN:852,(anonymous_8)
FN:881,(anonymous_9)
FN:903,(anonymous_10)
FN:927,(anonymous_11)
FN:946,(anonymous_12)
FN:964,(anonymous_13)
FN:988,(anonymous_14)
FN:995,(anonymous_15)
FNF:16
FNH:0
FNDA:0,(anonymous_0)
FNDA:0,(anonymous_1)
FNDA:0,(anonymous_2)
FNDA:0,(anonymous_3)
FNDA:0,(anonymous_4)
FNDA:0,(anonymous_5)
FNDA:0,(anonymous_6)
FNDA:0,(anonymous_7)
FNDA:0,(anonymous_8)
FNDA:0,(anonymous_9)
FNDA:0,(anonymous_10)
FNDA:0,(anonymous_11)
FNDA:0,(anonymous_12)
FNDA:0,(anonymous_13)
FNDA:0,(anonymous_14)
FNDA:0,(anonymous_15)
DA:370,0
DA:371,0
DA:377,0
DA:378,0
DA:381,0
DA:387,0
DA:390,0
DA:393,0
DA:396,0
DA:399,0
DA:416,0
DA:428,0
DA:436,0
DA:438,0
DA:442,0
DA:446,0
DA:534,0
DA:536,0
DA:547,0
DA:558,0
DA:561,0
DA:571,0
DA:576,0
DA:578,0
DA:582,0
DA:588,0
DA:608,0
DA:610,0
DA:616,0
DA:617,0
DA:620,0
DA:626,0
DA:627,0
DA:629,0
DA:633,0
DA:642,0
DA:648,0
DA:653,0
DA:658,0
DA:666,0
DA:687,0
DA:688,0
DA:691,0
DA:694,0
DA:696,0
DA:708,0
DA:715,0
DA:719,0
DA:721,0
DA:724,0
DA:749,0
DA:751,0
DA:758,0
DA:762,0
DA:763,0
DA:765,0
DA:769,0
DA:776,0
DA:780,0
DA:782,0
DA:785,0
DA:802,0
DA:804,0
DA:808,0
DA:812,0
DA:825,0
DA:827,0
DA:828,0
DA:830,0
DA:831,0
DA:834,0
DA:836,0
DA:840,0
DA:853,0
DA:855,0
DA:865,0
DA:869,0
DA:883,0
DA:886,0
DA:887,0
DA:889,0
DA:905,0
DA:912,0
DA:929,0
DA:947,0
DA:965,0
DA:966,0
DA:973,0
DA:989,0
DA:991,0
DA:992,0
DA:994,0
DA:995,0
DA:996,0
DA:997,0
DA:999,0
DA:1002,0
LF:97
LH:0
BRDA:378,0,0,0
BRDA:378,0,1,0
BRDA:387,1,0,0
BRDA:387,1,1,0
BRDA:402,2,0,0
BRDA:402,2,1,0
BRDA:404,3,0,0
BRDA:404,3,1,0
BRDA:405,4,0,0
BRDA:405,4,1,0
BRDA:407,5,0,0
BRDA:407,5,1,0
BRDA:419,6,0,0
BRDA:419,6,1,0
BRDA:444,7,0,0
BRDA:444,7,1,0
BRDA:531,8,0,0
BRDA:532,9,0,0
BRDA:558,10,0,0
BRDA:558,10,1,0
BRDA:584,11,0,0
BRDA:584,11,1,0
BRDA:616,12,0,0
BRDA:616,12,1,0
BRDA:617,13,0,0
BRDA:617,13,1,0
BRDA:626,14,0,0
BRDA:626,14,1,0
BRDA:662,15,0,0
BRDA:662,15,1,0
BRDA:747,16,0,0
BRDA:758,17,0,0
BRDA:758,17,1,0
BRDA:762,18,0,0
BRDA:762,18,1,0
BRDA:763,19,0,0
BRDA:763,19,1,0
BRDA:773,20,0,0
BRDA:773,20,1,0
BRDA:778,21,0,0
BRDA:778,21,1,0
BRDA:830,22,0,0
BRDA:830,22,1,0
BRDA:989,23,0,0
BRDA:989,23,1,0
BRDA:997,24,0,0
BRDA:997,24,1,0
BRF:47
BRH:0
end_of_record
TN:
SF:src/features/auth/data/services/mfa.service.impl.ts
FN:202,(anonymous_0)
FN:269,(anonymous_1)
FN:358,(anonymous_2)
FN:462,(anonymous_3)
FN:497,(anonymous_4)
FN:526,(anonymous_5)
FN:565,(anonymous_6)
FN:607,(anonymous_7)
FN:634,(anonymous_8)
FN:662,(anonymous_9)
FN:700,(anonymous_10)
FN:715,(anonymous_11)
FN:733,(anonymous_12)
FN:754,(anonymous_13)
FN:769,(anonymous_14)
FN:788,(anonymous_15)
FN:802,(anonymous_16)
FN:816,(anonymous_17)
FN:830,(anonymous_18)
FN:843,(anonymous_19)
FN:855,(anonymous_20)
FNF:21
FNH:0
FNDA:0,(anonymous_0)
FNDA:0,(anonymous_1)
FNDA:0,(anonymous_2)
FNDA:0,(anonymous_3)
FNDA:0,(anonymous_4)
FNDA:0,(anonymous_5)
FNDA:0,(anonymous_6)
FNDA:0,(anonymous_7)
FNDA:0,(anonymous_8)
FNDA:0,(anonymous_9)
FNDA:0,(anonymous_10)
FNDA:0,(anonymous_11)
FNDA:0,(anonymous_12)
FNDA:0,(anonymous_13)
FNDA:0,(anonymous_14)
FNDA:0,(anonymous_15)
FNDA:0,(anonymous_16)
FNDA:0,(anonymous_17)
FNDA:0,(anonymous_18)
FNDA:0,(anonymous_19)
FNDA:0,(anonymous_20)
DA:205,0
DA:207,0
DA:270,0
DA:272,0
DA:275,0
DA:278,0
DA:280,0
DA:290,0
DA:297,0
DA:301,0
DA:359,0
DA:361,0
DA:362,0
DA:370,0
DA:371,0
DA:372,0
DA:381,0
DA:383,0
DA:384,0
DA:393,0
DA:395,0
DA:400,0
DA:401,0
DA:403,0
DA:404,0
DA:405,0
DA:415,0
DA:426,0
DA:434,0
DA:435,0
DA:439,0
DA:463,0
DA:465,0
DA:466,0
DA:472,0
DA:474,0
DA:478,0
DA:479,0
DA:498,0
DA:500,0
DA:502,0
DA:506,0
DA:507,0
DA:527,0
DA:529,0
DA:531,0
DA:532,0
DA:533,0
DA:538,0
DA:545,0
DA:546,0
DA:566,0
DA:568,0
DA:587,0
DA:588,0
DA:590,0
DA:591,0
DA:608,0
DA:609,0
DA:611,0
DA:615,0
DA:616,0
DA:635,0
DA:636,0
DA:638,0
DA:639,0
DA:642,0
DA:643,0
DA:645,0
DA:646,0
DA:663,0
DA:665,0
DA:667,0
DA:668,0
DA:669,0
DA:674,0
DA:681,0
DA:682,0
DA:701,0
DA:716,0
DA:734,0
DA:735,0
DA:737,0
DA:738,0
DA:741,0
DA:755,0
DA:756,0
DA:758,0
DA:770,0
DA:771,0
DA:773,0
DA:774,0
DA:777,0
DA:789,0
DA:790,0
DA:804,0
DA:818,0
DA:857,0
LF:98
LH:0
BRDA:303,0,0,0
BRDA:303,0,1,0
BRDA:361,1,0,0
BRDA:361,1,1,0
BRDA:361,2,0,0
BRDA:361,2,1,0
BRDA:371,3,0,0
BRDA:371,3,1,0
BRDA:383,4,0,0
BRDA:383,4,1,0
BRDA:404,5,0,0
BRDA:404,5,1,0
BRDA:442,6,0,0
BRDA:442,6,1,0
BRDA:465,7,0,0
BRDA:465,7,1,0
BRDA:481,8,0,0
BRDA:481,8,1,0
BRDA:509,9,0,0
BRDA:509,9,1,0
BRDA:531,10,0,0
BRDA:531,10,1,0
BRDA:549,11,0,0
BRDA:549,11,1,0
BRDA:618,12,0,0
BRDA:618,12,1,0
BRDA:667,13,0,0
BRDA:667,13,1,0
BRDA:685,14,0,0
BRDA:685,14,1,0
BRF:30
BRH:0
end_of_record
TN:
SF:src/features/auth/data/services/oauth.service.impl.ts
FN:220,(anonymous_0)
FN:251,(anonymous_1)
FN:271,(anonymous_2)
FN:294,(anonymous_3)
FN:321,(anonymous_4)
FN:410,(anonymous_5)
FN:537,(anonymous_6)
FN:667,(anonymous_7)
FN:744,(anonymous_8)
FN:782,(anonymous_9)
FNF:10
FNH:0
FNDA:0,(anonymous_0)
FNDA:0,(anonymous_1)
FNDA:0,(anonymous_2)
FNDA:0,(anonymous_3)
FNDA:0,(anonymous_4)
FNDA:0,(anonymous_5)
FNDA:0,(anonymous_6)
FNDA:0,(anonymous_7)
FNDA:0,(anonymous_8)
FNDA:0,(anonymous_9)
DA:224,0
DA:225,0
DA:227,0
DA:252,0
DA:271,0
DA:272,0
DA:277,0
DA:295,0
DA:297,0
DA:299,0
DA:301,0
DA:303,0
DA:322,0
DA:323,0
DA:325,0
DA:326,0
DA:330,0
DA:333,0
DA:337,0
DA:340,0
DA:344,0
DA:346,0
DA:349,0
DA:353,0
DA:411,0
DA:413,0
DA:416,0
DA:421,0
DA:429,0
DA:431,0
DA:432,0
DA:434,0
DA:439,0
DA:453,0
DA:458,0
DA:463,0
DA:465,0
DA:466,0
DA:467,0
DA:468,0
DA:469,0
DA:470,0
DA:473,0
DA:538,0
DA:539,0
DA:540,0
DA:547,0
DA:548,0
DA:549,0
DA:556,0
DA:562,0
DA:566,0
DA:568,0
DA:570,0
DA:575,0
DA:588,0
DA:594,0
DA:599,0
DA:601,0
DA:602,0
DA:603,0
DA:604,0
DA:607,0
DA:668,0
DA:669,0
DA:683,0
DA:685,0
DA:687,0
DA:689,0
DA:694,0
DA:705,0
DA:710,0
DA:715,0
DA:717,0
DA:718,0
DA:719,0
DA:720,0
DA:723,0
DA:745,0
DA:747,0
DA:755,0
DA:764,0
DA:788,0
DA:789,0
DA:796,0
DA:797,0
DA:800,0
DA:802,0
DA:806,0
LF:89
LH:0
BRDA:261,0,0,0
BRDA:261,0,1,0
BRDA:295,1,0,0
BRDA:295,1,1,0
BRDA:295,1,2,0
BRDA:295,1,3,0
BRDA:299,2,0,0
BRDA:299,2,1,0
BRDA:323,3,0,0
BRDA:323,3,1,0
BRDA:323,3,2,0
BRDA:323,3,3,0
BRDA:416,4,0,0
BRDA:416,4,1,0
BRDA:431,5,0,0
BRDA:431,5,1,0
BRDA:436,6,0,0
BRDA:436,6,1,0
BRDA:444,7,0,0
BRDA:444,7,1,0
BRDA:445,8,0,0
BRDA:445,8,1,0
BRDA:448,9,0,0
BRDA:448,9,1,0
BRDA:449,10,0,0
BRDA:449,10,1,0
BRDA:465,11,0,0
BRDA:465,11,1,0
BRDA:467,12,0,0
BRDA:467,12,1,0
BRDA:469,13,0,0
BRDA:469,13,1,0
BRDA:539,14,0,0
BRDA:539,14,1,0
BRDA:548,15,0,0
BRDA:548,15,1,0
BRDA:566,16,0,0
BRDA:566,16,1,0
BRDA:572,17,0,0
BRDA:572,17,1,0
BRDA:579,18,0,0
BRDA:579,18,1,0
BRDA:580,19,0,0
BRDA:580,19,1,0
BRDA:584,20,0,0
BRDA:584,20,1,0
BRDA:585,21,0,0
BRDA:585,21,1,0
BRDA:601,22,0,0
BRDA:601,22,1,0
BRDA:603,23,0,0
BRDA:603,23,1,0
BRDA:685,24,0,0
BRDA:685,24,1,0
BRDA:717,25,0,0
BRDA:717,25,1,0
BRDA:719,26,0,0
BRDA:719,26,1,0
BRDA:796,27,0,0
BRDA:796,27,1,0
BRF:60
BRH:0
end_of_record
TN:
SF:src/features/auth/data/services/password-policy.service.impl.ts
FN:229,(anonymous_0)
FN:251,(anonymous_1)
FN:259,(anonymous_2)
FN:268,(anonymous_3)
FN:280,(anonymous_4)
FN:290,(anonymous_5)
FN:363,(anonymous_6)
FN:505,(anonymous_7)
FN:547,(anonymous_8)
FN:619,(anonymous_9)
FN:654,(anonymous_10)
FN:680,(anonymous_11)
FN:707,(anonymous_12)
FN:742,(anonymous_13)
FN:759,(anonymous_14)
FN:782,(anonymous_15)
FN:799,(anonymous_16)
FN:814,(anonymous_17)
FN:828,(anonymous_18)
FN:859,(anonymous_19)
FN:883,(anonymous_20)
FN:904,(anonymous_21)
FN:917,(anonymous_22)
FN:929,(anonymous_23)
FN:930,(anonymous_24)
FN:940,(anonymous_25)
FN:953,(anonymous_26)
FNF:27
FNH:0
FNDA:0,(anonymous_0)
FNDA:0,(anonymous_1)
FNDA:0,(anonymous_2)
FNDA:0,(anonymous_3)
FNDA:0,(anonymous_4)
FNDA:0,(anonymous_5)
FNDA:0,(anonymous_6)
FNDA:0,(anonymous_7)
FNDA:0,(anonymous_8)
FNDA:0,(anonymous_9)
FNDA:0,(anonymous_10)
FNDA:0,(anonymous_11)
FNDA:0,(anonymous_12)
FNDA:0,(anonymous_13)
FNDA:0,(anonymous_14)
FNDA:0,(anonymous_15)
FNDA:0,(anonymous_16)
FNDA:0,(anonymous_17)
FNDA:0,(anonymous_18)
FNDA:0,(anonymous_19)
FNDA:0,(anonymous_20)
FNDA:0,(anonymous_21)
FNDA:0,(anonymous_22)
FNDA:0,(anonymous_23)
FNDA:0,(anonymous_24)
FNDA:0,(anonymous_25)
FNDA:0,(anonymous_26)
DA:232,0
DA:233,0
DA:235,0
DA:252,0
DA:260,0
DA:261,0
DA:269,0
DA:281,0
DA:292,0
DA:368,0
DA:369,0
DA:370,0
DA:371,0
DA:374,0
DA:375,0
DA:378,0
DA:379,0
DA:383,0
DA:384,0
DA:385,0
DA:388,0
DA:389,0
DA:390,0
DA:393,0
DA:394,0
DA:395,0
DA:398,0
DA:399,0
DA:400,0
DA:402,0
DA:403,0
DA:404,0
DA:409,0
DA:410,0
DA:411,0
DA:415,0
DA:416,0
DA:417,0
DA:418,0
DA:423,0
DA:424,0
DA:425,0
DA:426,0
DA:427,0
DA:432,0
DA:433,0
DA:434,0
DA:438,0
DA:439,0
DA:440,0
DA:441,0
DA:443,0
DA:449,0
DA:450,0
DA:451,0
DA:454,0
DA:455,0
DA:456,0
DA:459,0
DA:470,0
DA:510,0
DA:512,0
DA:513,0
DA:514,0
DA:515,0
DA:519,0
DA:521,0
DA:522,0
DA:548,0
DA:551,0
DA:552,0
DA:553,0
DA:554,0
DA:556,0
DA:557,0
DA:560,0
DA:561,0
DA:562,0
DA:565,0
DA:566,0
DA:567,0
DA:570,0
DA:571,0
DA:572,0
DA:575,0
DA:576,0
DA:577,0
DA:581,0
DA:582,0
DA:586,0
DA:587,0
DA:589,0
DA:590,0
DA:594,0
DA:620,0
DA:622,0
DA:623,0
DA:626,0
DA:630,0
DA:655,0
DA:657,0
DA:658,0
DA:661,0
DA:665,0
DA:666,0
DA:681,0
DA:708,0
DA:711,0
DA:712,0
DA:713,0
DA:714,0
DA:717,0
DA:718,0
DA:719,0
DA:720,0
DA:723,0
DA:724,0
DA:727,0
DA:728,0
DA:729,0
DA:731,0
DA:743,0
DA:744,0
DA:745,0
DA:746,0
DA:747,0
DA:760,0
DA:761,0
DA:764,0
DA:766,0
DA:767,0
DA:768,0
DA:769,0
DA:770,0
DA:771,0
DA:783,0
DA:784,0
DA:785,0
DA:786,0
DA:787,0
DA:788,0
DA:800,0
DA:801,0
DA:803,0
DA:815,0
DA:816,0
DA:829,0
DA:832,0
DA:839,0
DA:840,0
DA:841,0
DA:842,0
DA:843,0
DA:848,0
DA:860,0
DA:861,0
DA:863,0
DA:864,0
DA:865,0
DA:866,0
DA:868,0
DA:872,0
DA:884,0
DA:885,0
DA:887,0
DA:888,0
DA:889,0
DA:893,0
DA:906,0
DA:918,0
DA:930,0
DA:941,0
DA:955,0
LF:173
LH:0
BRDA:374,0,0,0
BRDA:374,0,1,0
BRDA:378,1,0,0
BRDA:378,1,1,0
BRDA:383,2,0,0
BRDA:383,2,1,0
BRDA:383,3,0,0
BRDA:383,3,1,0
BRDA:388,4,0,0
BRDA:388,4,1,0
BRDA:388,5,0,0
BRDA:388,5,1,0
BRDA:393,6,0,0
BRDA:393,6,1,0
BRDA:393,7,0,0
BRDA:393,7,1,0
BRDA:398,8,0,0
BRDA:398,8,1,0
BRDA:400,9,0,0
BRDA:400,9,1,0
BRDA:402,10,0,0
BRDA:402,10,1,0
BRDA:409,11,0,0
BRDA:409,11,1,0
BRDA:409,12,0,0
BRDA:409,12,1,0
BRDA:415,13,0,0
BRDA:415,13,1,0
BRDA:415,14,0,0
BRDA:415,14,1,0
BRDA:416,15,0,0
BRDA:416,15,1,0
BRDA:423,16,0,0
BRDA:423,16,1,0
BRDA:425,17,0,0
BRDA:425,17,1,0
BRDA:432,18,0,0
BRDA:432,18,1,0
BRDA:432,19,0,0
BRDA:432,19,1,0
BRDA:438,20,0,0
BRDA:438,20,1,0
BRDA:440,21,0,0
BRDA:440,21,1,0
BRDA:441,22,0,0
BRDA:441,22,1,0
BRDA:454,23,0,0
BRDA:454,23,1,0
BRDA:514,24,0,0
BRDA:514,24,1,0
BRDA:547,25,0,0
BRDA:560,26,0,0
BRDA:560,26,1,0
BRDA:565,27,0,0
BRDA:565,27,1,0
BRDA:570,28,0,0
BRDA:570,28,1,0
BRDA:575,29,0,0
BRDA:575,29,1,0
BRDA:581,30,0,0
BRDA:581,30,1,0
BRDA:622,31,0,0
BRDA:622,31,1,0
BRDA:657,32,0,0
BRDA:657,32,1,0
BRDA:711,33,0,0
BRDA:711,33,1,0
BRDA:712,34,0,0
BRDA:712,34,1,0
BRDA:713,35,0,0
BRDA:713,35,1,0
BRDA:714,36,0,0
BRDA:714,36,1,0
BRDA:717,37,0,0
BRDA:717,37,1,0
BRDA:718,38,0,0
BRDA:718,38,1,0
BRDA:719,39,0,0
BRDA:719,39,1,0
BRDA:720,40,0,0
BRDA:720,40,1,0
BRDA:727,41,0,0
BRDA:727,41,1,0
BRDA:728,42,0,0
BRDA:728,42,1,0
BRDA:729,43,0,0
BRDA:729,43,1,0
BRDA:743,44,0,0
BRDA:743,44,1,0
BRDA:744,45,0,0
BRDA:744,45,1,0
BRDA:745,46,0,0
BRDA:745,46,1,0
BRDA:746,47,0,0
BRDA:746,47,1,0
BRDA:766,48,0,0
BRDA:766,48,1,0
BRDA:767,49,0,0
BRDA:767,49,1,0
BRDA:768,50,0,0
BRDA:768,50,1,0
BRDA:769,51,0,0
BRDA:769,51,1,0
BRDA:770,52,0,0
BRDA:770,52,1,0
BRDA:784,53,0,0
BRDA:784,53,1,0
BRDA:785,54,0,0
BRDA:785,54,1,0
BRDA:786,55,0,0
BRDA:786,55,1,0
BRDA:787,56,0,0
BRDA:787,56,1,0
BRDA:801,57,0,0
BRDA:801,57,1,0
BRDA:840,58,0,0
BRDA:840,58,1,0
BRDA:840,59,0,0
BRDA:840,59,1,0
BRDA:842,60,0,0
BRDA:842,60,1,0
BRDA:842,61,0,0
BRDA:842,61,1,0
BRDA:864,62,0,0
BRDA:864,62,1,0
BRDA:888,63,0,0
BRDA:888,63,1,0
BRF:127
BRH:0
end_of_record
TN:
SF:src/features/auth/data/sources/auth.supabase.datasource.ts
FN:81,(anonymous_0)
FN:117,(anonymous_1)
FN:180,(anonymous_2)
FN:208,(anonymous_3)
FN:231,(anonymous_4)
FN:269,(anonymous_5)
FN:273,(anonymous_6)
FN:280,(anonymous_7)
FN:301,(anonymous_8)
FNF:9
FNH:0
FNDA:0,(anonymous_0)
FNDA:0,(anonymous_1)
FNDA:0,(anonymous_2)
FNDA:0,(anonymous_3)
FNDA:0,(anonymous_4)
FNDA:0,(anonymous_5)
FNDA:0,(anonymous_6)
FNDA:0,(anonymous_7)
FNDA:0,(anonymous_8)
DA:85,0
DA:90,0
DA:91,0
DA:121,0
DA:123,0
DA:128,0
DA:149,0
DA:150,0
DA:151,0
DA:155,0
DA:156,0
DA:181,0
DA:183,0
DA:184,0
DA:209,0
DA:211,0
DA:212,0
DA:235,0
DA:237,0
DA:238,0
DA:239,0
DA:242,0
DA:243,0
DA:246,0
DA:272,0
DA:274,0
DA:275,0
DA:276,0
DA:280,0
DA:281,0
DA:302,0
LF:31
LH:0
BRDA:90,0,0,0
BRDA:90,0,1,0
BRDA:129,1,0,0
BRDA:129,1,1,0
BRDA:131,2,0,0
BRDA:131,2,1,0
BRDA:138,3,0,0
BRDA:138,3,1,0
BRDA:141,4,0,0
BRDA:141,4,1,0
BRDA:149,5,0,0
BRDA:149,5,1,0
BRDA:155,6,0,0
BRDA:155,6,1,0
BRDA:155,7,0,0
BRDA:155,7,1,0
BRDA:155,7,2,0
BRDA:183,8,0,0
BRDA:183,8,1,0
BRDA:211,9,0,0
BRDA:211,9,1,0
BRDA:237,10,0,0
BRDA:237,10,1,0
BRDA:242,11,0,0
BRDA:242,11,1,0
BRDA:274,12,0,0
BRDA:274,12,1,0
BRDA:275,13,0,0
BRDA:275,13,1,0
BRDA:304,14,0,0
BRDA:304,14,1,0
BRDA:305,15,0,0
BRDA:305,15,1,0
BRDA:306,16,0,0
BRDA:306,16,1,0
BRF:35
BRH:0
end_of_record
TN:
SF:src/features/auth/domain/constants/permissions.registry.ts
FN:358,(anonymous_0)
FN:365,(anonymous_1)
FN:368,(anonymous_2)
FN:369,(anonymous_3)
FN:380,(anonymous_4)
FN:387,(anonymous_5)
FN:395,(anonymous_6)
FN:396,(anonymous_7)
FN:402,(anonymous_8)
FN:409,(anonymous_9)
FNF:10
FNH:0
FNDA:0,(anonymous_0)
FNDA:0,(anonymous_1)
FNDA:0,(anonymous_2)
FNDA:0,(anonymous_3)
FNDA:0,(anonymous_4)
FNDA:0,(anonymous_5)
FNDA:0,(anonymous_6)
FNDA:0,(anonymous_7)
FNDA:0,(anonymous_8)
FNDA:0,(anonymous_9)
DA:30,0
DA:138,0
DA:177,0
DA:192,0
DA:205,0
DA:232,0
DA:264,0
DA:302,0
DA:358,0
DA:359,0
DA:365,0
DA:366,0
DA:368,0
DA:369,0
DA:370,0
DA:374,0
DA:380,0
DA:381,0
DA:387,0
DA:388,0
DA:389,0
DA:395,0
DA:396,0
DA:402,0
DA:403,0
DA:409,0
DA:410,0
DA:411,0
DA:413,0
DA:415,0
LF:30
LH:0
BRDA:359,0,0,0
BRDA:359,0,1,0
BRDA:389,1,0,0
BRDA:389,1,1,0
BRDA:413,2,0,0
BRDA:413,2,1,0
BRDA:413,3,0,0
BRDA:413,3,1,0
BRF:8
BRH:0
end_of_record
TN:
SF:src/features/auth/domain/entities/auth-user.interface.ts
FNF:0
FNH:0
LF:0
LH:0
BRF:0
BRH:0
end_of_record
TN:
SF:src/features/auth/domain/errors/biometric-not-available.error.ts
FN:116,(anonymous_0)
FNF:1
FNH:0
FNDA:0,(anonymous_0)
DA:117,0
DA:140,0
DA:142,0
LF:3
LH:0
BRDA:124,0,0,0
BRDA:124,0,1,0
BRDA:130,1,0,0
BRDA:130,1,1,0
BRF:4
BRH:0
end_of_record
TN:
SF:src/features/auth/domain/errors/email-already-in-use.error.ts
FN:105,(anonymous_0)
FNF:1
FNH:0
FNDA:0,(anonymous_0)
DA:106,0
DA:126,0
LF:2
LH:0
BRDA:113,0,0,0
BRDA:113,0,1,0
BRF:2
BRH:0
end_of_record
TN:
SF:src/features/auth/domain/errors/email-already-verified.error.ts
FN:70,(anonymous_0)
FNF:1
FNH:0
FNDA:0,(anonymous_0)
DA:71,0
DA:91,0
LF:2
LH:0
BRDA:73,0,0,0
BRDA:73,0,1,0
BRDA:78,1,0,0
BRDA:78,1,1,0
BRF:4
BRH:0
end_of_record
TN:
SF:src/features/auth/domain/errors/generic-auth.error.ts
FN:115,(anonymous_0)
FNF:1
FNH:0
FNDA:0,(anonymous_0)
DA:116,0
DA:131,0
LF:2
LH:0
BRDA:123,0,0,0
BRDA:123,0,1,0
BRF:2
BRH:0
end_of_record
TN:
SF:src/features/auth/domain/errors/invalid-credentials.error.ts
FN:114,(anonymous_0)
FNF:1
FNH:0
FNDA:0,(anonymous_0)
DA:115,0
DA:131,0
LF:2
LH:0
BRDA:122,0,0,0
BRDA:122,0,1,0
BRF:2
BRH:0
end_of_record
TN:
SF:src/features/auth/domain/errors/invalid-token.error.ts
FN:71,(anonymous_0)
FNF:1
FNH:0
FNDA:0,(anonymous_0)
DA:72,0
DA:92,0
LF:2
LH:0
BRDA:74,0,0,0
BRDA:74,0,1,0
BRDA:79,1,0,0
BRDA:79,1,1,0
BRF:4
BRH:0
end_of_record
TN:
SF:src/features/auth/domain/errors/mfa-required.error.ts
FN:160,(anonymous_0)
FNF:1
FNH:0
FNDA:0,(anonymous_0)
DA:166,0
DA:187,0
DA:189,0
DA:190,0
DA:191,0
LF:5
LH:0
BRDA:173,0,0,0
BRDA:173,0,1,0
BRF:2
BRH:0
end_of_record
TN:
SF:src/features/auth/domain/errors/password-policy-violation.error.ts
FN:146,(anonymous_0)
FNF:1
FNH:0
FNDA:0,(anonymous_0)
DA:147,0
DA:171,0
DA:173,0
DA:174,0
LF:4
LH:0
BRDA:154,0,0,0
BRDA:154,0,1,0
BRDA:164,1,0,0
BRDA:164,1,1,0
BRF:4
BRH:0
end_of_record
TN:
SF:src/features/auth/domain/errors/token-expired.error.ts
FN:74,(anonymous_0)
FNF:1
FNH:0
FNDA:0,(anonymous_0)
DA:75,0
DA:95,0
LF:2
LH:0
BRDA:77,0,0,0
BRDA:77,0,1,0
BRDA:82,1,0,0
BRDA:82,1,1,0
BRF:4
BRH:0
end_of_record
TN:
SF:src/features/auth/domain/errors/user-not-authenticated.error.ts
FN:126,(anonymous_0)
FNF:1
FNH:0
FNDA:0,(anonymous_0)
DA:127,0
DA:147,0
LF:2
LH:0
BRDA:134,0,0,0
BRDA:134,0,1,0
BRF:2
BRH:0
end_of_record
TN:
SF:src/features/auth/domain/errors/user-not-found.error.ts
FN:124,(anonymous_0)
FNF:1
FNH:0
FNDA:0,(anonymous_0)
DA:125,0
DA:141,0
LF:2
LH:0
BRDA:132,0,0,0
BRDA:132,0,1,0
BRF:2
BRH:0
end_of_record
TN:
SF:src/features/auth/domain/errors/weak-password.error.ts
FN:125,(anonymous_0)
FNF:1
FNH:0
FNDA:0,(anonymous_0)
DA:126,0
DA:147,0
LF:2
LH:0
BRDA:133,0,0,0
BRDA:133,0,1,0
BRF:2
BRH:0
end_of_record
TN:
SF:src/features/auth/domain/interfaces/advanced-security.service.interface.ts
FNF:0
FNH:0
LF:0
LH:0
BRF:0
BRH:0
end_of_record
TN:
SF:src/features/auth/domain/interfaces/auth.repository.interface.ts
FNF:0
FNH:0
LF:0
LH:0
BRF:0
BRH:0
end_of_record
TN:
SF:src/features/auth/domain/interfaces/biometric-auth.service.interface.ts
FNF:0
FNH:0
LF:0
LH:0
BRF:0
BRH:0
end_of_record
TN:
SF:src/features/auth/domain/interfaces/compliance.service.interface.ts
FNF:0
FNH:0
LF:0
LH:0
BRF:0
BRH:0
end_of_record
TN:
SF:src/features/auth/domain/interfaces/mfa.service.interface.ts
FNF:0
FNH:0
LF:0
LH:0
BRF:0
BRH:0
end_of_record
TN:
SF:src/features/auth/domain/interfaces/oauth.service.interface.ts
FNF:0
FNH:0
LF:0
LH:0
BRF:0
BRH:0
end_of_record
TN:
SF:src/features/auth/domain/interfaces/password-policy.service.interface.ts
FNF:0
FNH:0
LF:0
LH:0
BRF:0
BRH:0
end_of_record
TN:
SF:src/features/auth/domain/types/security.types.ts
FNF:0
FNH:0
LF:0
LH:0
BRF:0
BRH:0
end_of_record
TN:
SF:src/features/auth/presentation/components/biometric-settings/biometric-settings.component.style.ts
FNF:0
FNH:0
DA:49,0
LF:1
LH:0
BRF:0
BRH:0
end_of_record
TN:
SF:src/features/auth/presentation/components/biometric-settings/biometric-settings.component.tsx
FN:83,(anonymous_0)
FN:94,(anonymous_1)
FN:130,(anonymous_2)
FN:133,(anonymous_3)
FN:134,(anonymous_4)
FN:137,(anonymous_5)
FN:138,(anonymous_6)
FN:144,(anonymous_7)
FN:204,(anonymous_8)
FN:329,(anonymous_9)
FN:347,(anonymous_10)
FN:364,(anonymous_11)
FN:381,(anonymous_12)
FN:393,(anonymous_13)
FN:412,(anonymous_14)
FN:518,(anonymous_15)
FN:619,(anonymous_16)
FNF:17
FNH:0
FNDA:0,(anonymous_0)
FNDA:0,(anonymous_1)
FNDA:0,(anonymous_2)
FNDA:0,(anonymous_3)
FNDA:0,(anonymous_4)
FNDA:0,(anonymous_5)
FNDA:0,(anonymous_6)
FNDA:0,(anonymous_7)
FNDA:0,(anonymous_8)
FNDA:0,(anonymous_9)
FNDA:0,(anonymous_10)
FNDA:0,(anonymous_11)
FNDA:0,(anonymous_12)
FNDA:0,(anonymous_13)
FNDA:0,(anonymous_14)
FNDA:0,(anonymous_15)
FNDA:0,(anonymous_16)
DA:69,0
DA:82,0
DA:91,0
DA:92,0
DA:107,0
DA:119,0
DA:130,0
DA:133,0
DA:134,0
DA:137,0
DA:138,0
DA:144,0
DA:188,0
DA:204,0
DA:329,0
DA:333,0
DA:334,0
DA:335,0
DA:336,0
DA:337,0
DA:338,0
DA:340,0
DA:347,0
DA:348,0
DA:356,0
DA:364,0
DA:365,0
DA:373,0
DA:381,0
DA:382,0
DA:390,0
DA:393,0
DA:394,0
DA:402,0
DA:403,0
DA:412,0
DA:413,0
DA:424,0
DA:425,0
DA:432,0
DA:443,0
DA:446,0
DA:447,0
DA:456,0
DA:468,0
DA:471,0
DA:473,0
DA:474,0
DA:476,0
DA:477,0
DA:478,0
DA:480,0
DA:490,0
DA:504,0
DA:514,0
DA:519,0
DA:520,0
DA:521,0
DA:523,0
DA:533,0
DA:546,0
DA:556,0
DA:584,0
DA:595,0
DA:596,0
DA:610,0
DA:619,0
DA:620,0
DA:630,0
DA:631,0
DA:640,0
DA:651,0
DA:654,0
DA:655,0
DA:656,0
DA:658,0
DA:668,0
DA:681,0
DA:691,0
DA:704,0
DA:708,0
DA:709,0
DA:722,0
LF:83
LH:0
BRDA:111,0,0,0
BRDA:111,0,1,0
BRDA:112,1,0,0
BRDA:112,1,1,0
BRDA:112,2,0,0
BRDA:112,2,1,0
BRDA:123,3,0,0
BRDA:123,3,1,0
BRDA:424,4,0,0
BRDA:424,4,1,0
BRDA:446,5,0,0
BRDA:446,5,1,0
BRDA:474,6,0,0
BRDA:474,6,1,0
BRDA:630,7,0,0
BRDA:630,7,1,0
BRDA:708,8,0,0
BRDA:708,8,1,0
BRDA:735,9,0,0
BRDA:735,9,1,0
BRDA:737,10,0,0
BRDA:737,10,1,0
BRDA:741,11,0,0
BRDA:741,11,1,0
BRDA:751,12,0,0
BRDA:751,12,1,0
BRDA:756,13,0,0
BRDA:756,13,1,0
BRDA:763,14,0,0
BRDA:763,14,1,0
BRF:30
BRH:0
end_of_record
TN:
SF:src/features/auth/presentation/components/mfa-setup-modal/mfa-setup-modal.component.style.ts
FNF:0
FNH:0
DA:50,0
LF:1
LH:0
BRF:0
BRH:0
end_of_record
TN:
SF:src/features/auth/presentation/components/mfa-setup-modal/mfa-setup-modal.component.tsx
FN:35,(anonymous_0)
FN:51,(anonymous_1)
FN:56,(anonymous_2)
FN:84,(anonymous_3)
FN:93,(anonymous_4)
FN:105,(anonymous_5)
FN:115,(anonymous_6)
FN:126,(anonymous_7)
FN:141,(anonymous_8)
FN:156,(anonymous_9)
FN:171,(anonymous_10)
FN:229,(anonymous_11)
FN:246,(anonymous_12)
FN:266,(anonymous_13)
FNF:14
[...]
LF:1
LH:0
BRF:0
BRH:0
end_of_record
TN:
SF:src/shared/components/form/time-picker/time-picker.styles.ts
FNF:0
FNH:0
DA:5,0
DA:7,0
LF:2
LH:0
BRF:0
BRH:0
end_of_record
TN:
SF:src/shared/components/search/search-bar.component.tsx
FN:22,(anonymous_0)
FN:30,(anonymous_1)
FN:31,(anonymous_2)
FN:32,(anonymous_3)
FNF:4
FNH:0
FNDA:0,(anonymous_0)
FNDA:0,(anonymous_1)
FNDA:0,(anonymous_2)
FNDA:0,(anonymous_3)
DA:22,0
DA:28,0
DA:30,0
DA:31,0
DA:32,0
DA:35,0
LF:6
LH:0
BRDA:26,0,0,0
BRF:1
BRH:0
end_of_record
TN:
SF:src/shared/components/search/search-bar.styles.ts
FNF:0
FNH:0
DA:4,0
LF:1
LH:0
BRF:0
BRH:0
end_of_record
TN:
SF:src/shared/constants/vibration.constants.ts
FNF:0
FNH:0
DA:6,0
DA:9,0
DA:12,0
LF:3
LH:0
BRF:0
BRH:0
end_of_record
TN:
SF:src/shared/demo/demo-data.ts
FN:250,(anonymous_0)
FN:252,(anonymous_1)
FN:257,(anonymous_2)
FN:262,(anonymous_3)
FN:267,(anonymous_4)
FN:271,(anonymous_5)
FNF:6
FNH:0
FNDA:0,(anonymous_0)
FNDA:0,(anonymous_1)
FNDA:0,(anonymous_2)
FNDA:0,(anonymous_3)
FNDA:0,(anonymous_4)
FNDA:0,(anonymous_5)
DA:13,0
DA:151,0
DA:227,0
DA:250,0
DA:251,0
DA:252,0
DA:254,0
DA:257,0
DA:259,0
DA:262,0
DA:263,0
DA:264,0
DA:267,0
DA:268,0
DA:271,0
DA:272,0
DA:277,0
DA:284,0
LF:18
LH:0
BRDA:251,0,0,0
BRDA:251,0,1,0
BRDA:252,1,0,0
BRDA:252,1,1,0
BRF:4
BRH:0
end_of_record
TN:
SF:src/shared/errors/app.error.ts
FN:188,(anonymous_0)
FN:222,(anonymous_1)
FN:231,(anonymous_2)
FN:256,(anonymous_3)
FN:263,(anonymous_4)
FN:270,(anonymous_5)
FN:277,(anonymous_6)
FN:284,(anonymous_7)
FN:291,(anonymous_8)
FN:298,(anonymous_9)
FN:318,(anonymous_10)
FN:357,isAppError
FN:365,createAppError
FNF:13
FNH:0
FNDA:0,(anonymous_0)
FNDA:0,(anonymous_1)
FNDA:0,(anonymous_2)
FNDA:0,(anonymous_3)
FNDA:0,(anonymous_4)
FNDA:0,(anonymous_5)
FNDA:0,(anonymous_6)
FNDA:0,(anonymous_7)
FNDA:0,(anonymous_8)
FNDA:0,(anonymous_9)
FNDA:0,(anonymous_10)
FNDA:0,isAppError
FNDA:0,createAppError
DA:189,0
DA:192,0
DA:193,0
DA:196,0
DA:197,0
DA:198,0
DA:199,0
DA:200,0
DA:201,0
DA:202,0
DA:203,0
DA:204,0
DA:205,0
DA:208,0
DA:209,0
DA:210,0
DA:214,0
DA:215,0
DA:223,0
DA:224,0
DA:225,0
DA:232,0
DA:257,0
DA:264,0
DA:271,0
DA:278,0
DA:285,0
DA:292,0
DA:299,0
DA:323,0
DA:324,0
DA:327,0
DA:328,0
DA:339,0
DA:358,0
DA:366,0
LF:36
LH:0
BRDA:208,0,0,0
BRDA:208,0,1,0
BRDA:214,1,0,0
BRDA:214,1,1,0
BRDA:245,2,0,0
BRDA:245,2,1,0
BRDA:264,3,0,0
BRDA:264,3,1,0
BRDA:292,4,0,0
BRDA:292,4,1,0
BRDA:320,5,0,0
BRDA:321,6,0,0
BRDA:323,7,0,0
BRDA:323,7,1,0
BRDA:327,8,0,0
BRDA:327,8,1,0
BRF:16
BRH:0
end_of_record
TN:
SF:src/shared/errors/error-boundary.tsx
FN:28,(anonymous_0)
FN:33,(anonymous_1)
FN:37,(anonymous_2)
FN:42,(anonymous_3)
FN:46,(anonymous_4)
FNF:5
FNH:0
FNDA:0,(anonymous_0)
FNDA:0,(anonymous_1)
FNDA:0,(anonymous_2)
FNDA:0,(anonymous_3)
FNDA:0,(anonymous_4)
DA:29,0
DA:30,0
DA:34,0
DA:38,0
DA:42,0
DA:43,0
DA:47,0
DA:48,0
DA:57,0
DA:61,0
LF:10
LH:0
BRDA:47,0,0,0
BRDA:47,0,1,0
BRF:2
BRH:0
end_of_record
TN:
SF:src/shared/errors/validation.error.ts
FN:7,(anonymous_0)
FNF:1
FNH:0
FNDA:0,(anonymous_0)
DA:8,0
DA:23,0
LF:2
LH:0
BRDA:7,0,0,0
BRDA:15,1,0,0
BRDA:15,1,1,0
BRF:3
BRH:0
end_of_record
TN:
SF:src/shared/hoc/with-auth.guard.tsx
FN:9,(anonymous_0)
FN:12,(anonymous_1)
FNF:2
FNH:0
FNDA:0,(anonymous_0)
FNDA:0,(anonymous_1)
DA:9,0
DA:12,0
DA:13,0
DA:14,0
DA:17,0
DA:19,0
LF:6
LH:0
BRDA:17,0,0,0
BRDA:17,0,1,0
BRDA:17,0,2,0
BRF:3
BRH:0
end_of_record
TN:
SF:src/shared/hoc/with-guest.guard.tsx
FN:9,(anonymous_0)
FN:12,(anonymous_1)
FNF:2
FNH:0
FNDA:0,(anonymous_0)
FNDA:0,(anonymous_1)
DA:9,0
DA:12,0
DA:13,0
DA:14,0
DA:17,0
DA:19,0
LF:6
LH:0
BRDA:17,0,0,0
BRDA:17,0,1,0
BRDA:17,0,2,0
BRF:3
BRH:0
end_of_record
TN:
SF:src/shared/hoc/with-role-guard.tsx
FN:121,(anonymous_0)
FN:122,(anonymous_1)
FN:123,(anonymous_2)
FN:156,(anonymous_3)
FN:193,(anonymous_4)
FN:198,(anonymous_5)
FN:269,(anonymous_6)
FN:270,(anonymous_7)
FN:298,(anonymous_8)
FN:327,(anonymous_9)
FNF:10
FNH:0
FNDA:0,(anonymous_0)
FNDA:0,(anonymous_1)
FNDA:0,(anonymous_2)
FNDA:0,(anonymous_3)
FNDA:0,(anonymous_4)
FNDA:0,(anonymous_5)
FNDA:0,(anonymous_6)
FNDA:0,(anonymous_7)
FNDA:0,(anonymous_8)
FNDA:0,(anonymous_9)
DA:121,0
DA:122,0
DA:123,0
DA:135,0
DA:137,0
DA:147,0
DA:156,0
DA:157,0
DA:159,0
DA:161,0
DA:162,0
DA:166,0
DA:167,0
DA:169,0
DA:171,0
DA:172,0
DA:176,0
DA:177,0
DA:193,0
DA:194,0
DA:198,0
DA:199,0
DA:200,0
DA:201,0
DA:202,0
DA:205,0
DA:210,0
DA:211,0
DA:215,0
DA:216,0
DA:225,0
DA:226,0
DA:230,0
DA:239,0
DA:243,0
DA:269,0
DA:270,0
DA:271,0
DA:272,0
DA:279,0
DA:280,0
DA:281,0
DA:286,0
DA:298,0
DA:299,0
DA:301,0
DA:327,0
DA:328,0
DA:330,0
LF:49
LH:0
BRDA:126,0,0,0
BRDA:128,1,0,0
BRDA:129,2,0,0
BRDA:130,3,0,0
BRDA:133,4,0,0
BRDA:134,5,0,0
BRDA:157,6,0,0
BRDA:157,6,1,0
BRDA:159,7,0,0
BRDA:159,7,1,0
BRDA:161,8,0,0
BRDA:161,8,1,0
BRDA:166,9,0,0
BRDA:166,9,1,0
BRDA:169,10,0,0
BRDA:169,10,1,0
BRDA:171,11,0,0
BRDA:171,11,1,0
BRDA:176,12,0,0
BRDA:176,12,1,0
BRDA:199,13,0,0
BRDA:199,13,1,0
BRDA:201,14,0,0
BRDA:201,14,1,0
BRDA:210,15,0,0
BRDA:210,15,1,0
BRDA:210,16,0,0
BRDA:210,16,1,0
BRDA:215,17,0,0
BRDA:215,17,1,0
BRDA:215,18,0,0
BRDA:215,18,1,0
BRDA:225,19,0,0
BRDA:225,19,1,0
BRDA:240,20,0,0
BRDA:240,20,1,0
BRDA:240,20,2,0
BRF:37
BRH:0
end_of_record
TN:
SF:src/shared/hoc/with-session.guard.tsx
FN:12,(anonymous_0)
FN:15,(anonymous_1)
FNF:2
FNH:0
FNDA:0,(anonymous_0)
FNDA:0,(anonymous_1)
DA:12,0
DA:15,0
DA:16,0
DA:17,0
DA:20,0
DA:22,0
LF:6
LH:0
BRDA:20,0,0,0
BRDA:20,0,1,0
BRDA:20,0,2,0
BRF:3
BRH:0
end_of_record
TN:
SF:src/shared/hooks/use-auth.guard.ts
FN:7,useAuthGuard
FN:8,(anonymous_1)
FN:12,(anonymous_2)
FNF:3
FNH:0
FNDA:0,useAuthGuard
FNDA:0,(anonymous_1)
FNDA:0,(anonymous_2)
DA:8,0
DA:9,0
DA:10,0
DA:12,0
DA:13,0
DA:19,0
DA:20,0
DA:21,0
DA:22,0
LF:9
LH:0
BRDA:19,0,0,0
BRDA:19,0,1,0
BRDA:19,1,0,0
BRDA:19,1,1,0
BRF:4
BRH:0
end_of_record
TN:
SF:src/shared/hooks/use-cache.ts
FN:39,(anonymous_0)
FN:55,(anonymous_1)
FN:56,(anonymous_2)
FN:69,(anonymous_3)
FN:79,(anonymous_4)
FN:82,(anonymous_5)
FN:105,(anonymous_6)
FN:118,(anonymous_7)
FN:123,(anonymous_8)
FN:127,(anonymous_9)
FN:133,(anonymous_10)
FN:146,(anonymous_11)
FN:159,(anonymous_12)
FNF:13
FNH:0
FNDA:0,(anonymous_0)
FNDA:0,(anonymous_1)
FNDA:0,(anonymous_2)
FNDA:0,(anonymous_3)
FNDA:0,(anonymous_4)
FNDA:0,(anonymous_5)
FNDA:0,(anonymous_6)
FNDA:0,(anonymous_7)
FNDA:0,(anonymous_8)
FNDA:0,(anonymous_9)
FNDA:0,(anonymous_10)
FNDA:0,(anonymous_11)
FNDA:0,(anonymous_12)
DA:39,0
DA:44,0
DA:46,0
DA:47,0
DA:52,0
DA:55,0
DA:56,0
DA:57,0
DA:58,0
DA:60,0
DA:61,0
DA:62,0
DA:67,0
DA:68,0
DA:69,0
DA:71,0
DA:72,0
DA:73,0
DA:78,0
DA:79,0
DA:82,0
DA:83,0
DA:84,0
DA:86,0
DA:87,0
DA:88,0
DA:91,0
DA:92,0
DA:93,0
DA:94,0
DA:95,0
DA:99,0
DA:100,0
DA:102,0
DA:105,0
DA:106,0
DA:108,0
DA:116,0
DA:117,0
DA:118,0
DA:119,0
DA:123,0
DA:124,0
DA:127,0
DA:128,0
DA:129,0
DA:130,0
DA:133,0
DA:134,0
DA:135,0
DA:137,0
DA:138,0
DA:139,0
DA:140,0
DA:143,0
DA:146,0
DA:147,0
DA:148,0
DA:150,0
DA:159,0
DA:164,0
DA:165,0
DA:166,0
DA:169,0
DA:170,0
DA:171,0
DA:174,0
LF:67
LH:0
BRDA:39,0,0,0
BRDA:41,1,0,0
BRDA:42,2,0,0
BRDA:43,3,0,0
BRDA:61,4,0,0
BRDA:61,4,1,0
BRDA:67,5,0,0
BRDA:67,5,1,0
BRDA:86,6,0,0
BRDA:86,6,1,0
BRDA:92,7,0,0
BRDA:92,7,1,0
BRDA:105,8,0,0
BRDA:116,9,0,0
BRDA:116,9,1,0
BRDA:135,10,0,0
BRDA:135,10,1,0
BRDA:138,11,0,0
BRDA:138,11,1,0
BRDA:153,12,0,0
BRDA:153,12,1,0
BRDA:162,13,0,0
BRDA:165,14,0,0
BRDA:165,14,1,0
BRF:24
BRH:0
end_of_record
TN:
SF:src/shared/hooks/use-error-handler.ts
FN:33,(anonymous_0)
FN:40,(anonymous_1)
FN:62,(anonymous_2)
FN:62,(anonymous_3)
FN:76,(anonymous_4)
FN:83,(anonymous_5)
FN:87,(anonymous_6)
FN:94,(anonymous_7)
FN:120,mapErrorToUserMessage
FNF:9
FNH:0
FNDA:0,(anonymous_0)
FNDA:0,(anonymous_1)
FNDA:0,(anonymous_2)
FNDA:0,(anonymous_3)
FNDA:0,(anonymous_4)
FNDA:0,(anonymous_5)
FNDA:0,(anonymous_6)
FNDA:0,(anonymous_7)
FNDA:0,mapErrorToUserMessage
DA:33,0
DA:34,0
DA:35,0
DA:40,0
DA:41,0
DA:49,0
DA:55,0
DA:56,0
DA:62,0
DA:68,0
DA:76,0
DA:77,0
DA:83,0
DA:84,0
DA:87,0
DA:88,0
DA:94,0
DA:98,0
DA:99,0
DA:101,0
DA:102,0
DA:106,0
DA:122,0
DA:123,0
DA:127,0
DA:128,0
DA:132,0
DA:133,0
DA:137,0
DA:138,0
DA:142,0
DA:143,0
DA:147,0
LF:33
LH:0
BRDA:42,0,0,0
BRDA:42,0,1,0
BRDA:43,1,0,0
BRDA:43,1,1,0
BRDA:43,2,0,0
BRDA:43,2,1,0
BRDA:44,3,0,0
BRDA:44,3,1,0
BRDA:122,4,0,0
BRDA:122,4,1,0
BRDA:122,5,0,0
BRDA:122,5,1,0
BRDA:123,6,0,0
BRDA:123,6,1,0
BRDA:127,7,0,0
BRDA:127,7,1,0
BRDA:127,8,0,0
BRDA:127,8,1,0
BRDA:128,9,0,0
BRDA:128,9,1,0
BRDA:132,10,0,0
BRDA:132,10,1,0
BRDA:132,11,0,0
BRDA:132,11,1,0
BRDA:137,12,0,0
BRDA:137,12,1,0
BRDA:138,13,0,0
BRDA:138,13,1,0
BRDA:142,14,0,0
BRDA:142,14,1,0
BRDA:143,15,0,0
BRDA:143,15,1,0
BRDA:147,16,0,0
BRDA:147,16,1,0
BRF:34
BRH:0
end_of_record
TN:
SF:src/shared/hooks/use-guest.guard.ts
FN:7,useGuestGuard
FN:8,(anonymous_1)
FN:12,(anonymous_2)
FNF:3
FNH:0
FNDA:0,useGuestGuard
FNDA:0,(anonymous_1)
FNDA:0,(anonymous_2)
DA:8,0
DA:9,0
DA:10,0
DA:12,0
DA:13,0
DA:19,0
DA:20,0
DA:21,0
DA:22,0
LF:9
LH:0
BRDA:19,0,0,0
BRDA:19,0,1,0
BRDA:19,1,0,0
BRDA:19,1,1,0
BRF:4
BRH:0
end_of_record
TN:
SF:src/shared/hooks/use-loading-state.ts
FN:20,(anonymous_0)
FN:23,(anonymous_1)
FN:27,(anonymous_2)
FN:29,(anonymous_3)
FN:30,(anonymous_4)
FN:36,(anonymous_5)
FN:49,(anonymous_6)
FNF:7
FNH:0
FNDA:0,(anonymous_0)
FNDA:0,(anonymous_1)
FNDA:0,(anonymous_2)
FNDA:0,(anonymous_3)
FNDA:0,(anonymous_4)
FNDA:0,(anonymous_5)
FNDA:0,(anonymous_6)
DA:20,0
DA:21,0
DA:23,0
DA:24,0
DA:27,0
DA:29,0
DA:30,0
DA:36,0
DA:40,0
DA:41,0
DA:42,0
DA:43,0
DA:45,0
DA:49,0
DA:50,0
DA:53,0
LF:16
LH:0
BRDA:23,0,0,0
BRDA:24,1,0,0
BRDA:24,1,1,0
BRF:3
BRH:0
end_of_record
TN:
SF:src/shared/hooks/use-network-status.ts
FN:9,(anonymous_0)
FN:12,(anonymous_1)
FN:14,(anonymous_2)
FN:22,(anonymous_3)
FN:26,(anonymous_4)
FNF:5
FNH:0
FNDA:0,(anonymous_0)
FNDA:0,(anonymous_1)
FNDA:0,(anonymous_2)
FNDA:0,(anonymous_3)
FNDA:0,(anonymous_4)
DA:9,0
DA:10,0
DA:12,0
DA:14,0
DA:15,0
DA:16,0
DA:19,0
DA:22,0
DA:23,0
DA:26,0
DA:27,0
DA:31,0
LF:12
LH:0
BRF:0
BRH:0
end_of_record
TN:
SF:src/shared/hooks/use-permission.ts
FN:159,(anonymous_0)
FN:184,(anonymous_1)
FN:202,(anonymous_2)
FN:216,(anonymous_3)
FN:271,(anonymous_4)
FN:293,(anonymous_5)
FN:298,(anonymous_6)
FN:301,(anonymous_7)
FN:320,(anonymous_8)
FN:327,(anonymous_9)
FN:328,(anonymous_10)
FNF:11
FNH:0
FNDA:0,(anonymous_0)
FNDA:0,(anonymous_1)
FNDA:0,(anonymous_2)
FNDA:0,(anonymous_3)
FNDA:0,(anonymous_4)
FNDA:0,(anonymous_5)
FNDA:0,(anonymous_6)
FNDA:0,(anonymous_7)
FNDA:0,(anonymous_8)
FNDA:0,(anonymous_9)
FNDA:0,(anonymous_10)
DA:80,0
DA:159,0
DA:170,0
DA:172,0
DA:175,0
DA:176,0
DA:177,0
DA:178,0
DA:179,0
DA:184,0
DA:185,0
DA:187,0
DA:188,0
DA:190,0
DA:191,0
DA:192,0
DA:195,0
DA:196,0
DA:202,0
DA:203,0
DA:205,0
DA:206,0
DA:216,0
DA:217,0
DA:218,0
DA:221,0
DA:222,0
DA:225,0
DA:226,0
DA:227,0
DA:231,0
DA:234,0
DA:237,0
DA:240,0
DA:241,0
DA:244,0
DA:247,0
DA:248,0
DA:251,0
DA:252,0
DA:255,0
DA:256,0
DA:271,0
DA:272,0
DA:274,0
DA:277,0
DA:278,0
DA:279,0
DA:282,0
DA:283,0
DA:284,0
DA:286,0
DA:293,0
DA:294,0
DA:298,0
DA:299,0
DA:301,0
DA:302,0
DA:303,0
DA:306,0
DA:307,0
DA:308,0
DA:310,0
DA:311,0
DA:316,0
DA:320,0
DA:321,0
DA:323,0
DA:327,0
DA:328,0
DA:329,0
DA:336,0
LF:72
LH:0
BRDA:161,0,0,0
BRDA:164,1,0,0
BRDA:165,2,0,0
BRDA:166,3,0,0
BRDA:167,4,0,0
BRDA:185,5,0,0
BRDA:185,5,1,0
BRDA:187,6,0,0
BRDA:187,6,1,0
BRDA:190,7,0,0
BRDA:190,7,1,0
BRDA:190,8,0,0
BRDA:190,8,1,0
BRDA:203,9,0,0
BRDA:203,9,1,0
BRDA:205,10,0,0
BRDA:205,10,1,0
BRDA:217,11,0,0
BRDA:217,11,1,0
BRDA:217,12,0,0
BRDA:217,12,1,0
BRDA:226,13,0,0
BRDA:226,13,1,0
BRDA:240,14,0,0
BRDA:240,14,1,0
BRDA:247,15,0,0
BRDA:247,15,1,0
BRDA:251,16,0,0
BRDA:251,16,1,0
BRDA:252,17,0,0
BRDA:252,17,1,0
BRDA:272,18,0,0
BRDA:272,18,1,0
BRDA:277,19,0,0
BRDA:277,19,1,0
BRDA:277,20,0,0
BRDA:277,20,1,0
BRDA:299,21,0,0
BRDA:299,21,1,0
BRDA:302,22,0,0
BRDA:302,22,1,0
BRDA:310,23,0,0
BRDA:310,23,1,0
BRDA:321,24,0,0
BRDA:321,24,1,0
BRDA:321,25,0,0
BRDA:321,25,1,0
BRDA:329,26,0,0
BRDA:329,26,1,0
BRDA:329,27,0,0
BRDA:329,27,1,0
BRF:51
BRH:0
end_of_record
TN:
SF:src/shared/hooks/use-role.ts
FN:161,(anonymous_0)
FN:189,(anonymous_1)
FN:207,(anonymous_2)
FN:221,(anonymous_3)
FN:224,(anonymous_4)
FN:237,(anonymous_5)
FN:244,(anonymous_6)
FN:251,(anonymous_7)
FN:300,(anonymous_8)
FN:303,(anonymous_9)
FN:323,(anonymous_10)
FN:358,(anonymous_11)
FN:361,(anonymous_12)
FN:397,(anonymous_13)
FN:404,(anonymous_14)
FN:405,(anonymous_15)
FN:430,(anonymous_16)
FNF:17
FNH:0
FNDA:0,(anonymous_0)
FNDA:0,(anonymous_1)
FNDA:0,(anonymous_2)
FNDA:0,(anonymous_3)
FNDA:0,(anonymous_4)
FNDA:0,(anonymous_5)
FNDA:0,(anonymous_6)
FNDA:0,(anonymous_7)
FNDA:0,(anonymous_8)
FNDA:0,(anonymous_9)
FNDA:0,(anonymous_10)
FNDA:0,(anonymous_11)
FNDA:0,(anonymous_12)
FNDA:0,(anonymous_13)
FNDA:0,(anonymous_14)
FNDA:0,(anonymous_15)
FNDA:0,(anonymous_16)
DA:95,0
DA:161,0
DA:173,0
DA:175,0
DA:178,0
DA:179,0
DA:180,0
DA:181,0
DA:182,0
DA:183,0
DA:184,0
DA:189,0
DA:190,0
DA:192,0
DA:193,0
DA:195,0
DA:196,0
DA:197,0
DA:200,0
DA:201,0
DA:207,0
DA:208,0
DA:210,0
DA:211,0
DA:221,0
DA:222,0
DA:224,0
DA:225,0
DA:226,0
DA:227,0
DA:231,0
DA:237,0
DA:238,0
DA:244,0
DA:245,0
DA:251,0
DA:252,0
DA:253,0
DA:256,0
DA:257,0
DA:260,0
DA:261,0
DA:262,0
DA:266,0
DA:269,0
DA:272,0
DA:274,0
DA:277,0
DA:278,0
DA:281,0
DA:282,0
DA:285,0
DA:286,0
DA:300,0
DA:301,0
DA:303,0
DA:304,0
DA:305,0
DA:307,0
DA:308,0
DA:310,0
DA:313,0
DA:316,0
DA:323,0
DA:324,0
DA:327,0
DA:328,0
DA:329,0
DA:332,0
DA:333,0
DA:334,0
DA:335,0
DA:337,0
DA:338,0
DA:341,0
DA:342,0
DA:345,0
DA:358,0
DA:359,0
DA:361,0
DA:362,0
DA:363,0
DA:366,0
DA:367,0
DA:368,0
DA:369,0
DA:371,0
DA:372,0
DA:375,0
DA:376,0
DA:379,0
DA:380,0
DA:385,0
DA:397,0
DA:398,0
DA:400,0
DA:404,0
DA:405,0
DA:406,0
DA:413,0
DA:430,0
DA:432,0
DA:435,0
LF:103
LH:0
BRDA:163,0,0,0
BRDA:166,1,0,0
BRDA:167,2,0,0
BRDA:168,3,0,0
BRDA:169,4,0,0
BRDA:172,5,0,0
BRDA:190,6,0,0
BRDA:190,6,1,0
BRDA:190,7,0,0
BRDA:190,7,1,0
BRDA:195,8,0,0
BRDA:195,8,1,0
BRDA:195,9,0,0
BRDA:195,9,1,0
BRDA:208,10,0,0
BRDA:208,10,1,0
BRDA:208,11,0,0
BRDA:208,11,1,0
BRDA:226,12,0,0
BRDA:226,12,1,0
BRDA:226,13,0,0
BRDA:226,13,1,0
BRDA:252,14,0,0
BRDA:252,14,1,0
BRDA:252,15,0,0
BRDA:252,15,1,0
BRDA:261,16,0,0
BRDA:261,16,1,0
BRDA:277,17,0,0
BRDA:277,17,1,0
BRDA:281,18,0,0
BRDA:281,18,1,0
BRDA:282,19,0,0
BRDA:282,19,1,0
BRDA:301,20,0,0
BRDA:301,20,1,0
BRDA:307,21,0,0
BRDA:307,21,1,0
BRDA:307,22,0,0
BRDA:307,22,1,0
BRDA:307,22,2,0
BRDA:327,23,0,0
BRDA:327,23,1,0
BRDA:327,24,0,0
BRDA:327,24,1,0
BRDA:341,25,0,0
BRDA:341,25,1,0
BRDA:359,26,0,0
BRDA:359,26,1,0
BRDA:359,27,0,0
BRDA:359,27,1,0
BRDA:362,28,0,0
BRDA:362,28,1,0
BRDA:375,29,0,0
BRDA:375,29,1,0
BRDA:379,30,0,0
BRDA:379,30,1,0
BRDA:398,31,0,0
BRDA:398,31,1,0
BRDA:398,32,0,0
BRDA:398,32,1,0
BRDA:406,33,0,0
BRDA:406,33,1,0
BRDA:406,34,0,0
BRDA:406,34,1,0
BRDA:432,35,0,0
BRDA:432,35,1,0
BRF:67
BRH:0
end_of_record
TN:
SF:src/shared/hooks/use-session.guard.ts
FN:13,(anonymous_0)
FN:18,(anonymous_1)
FNF:2
FNH:0
FNDA:0,(anonymous_0)
FNDA:0,(anonymous_1)
DA:13,0
DA:14,0
DA:16,0
DA:18,0
DA:19,0
DA:20,0
LF:6
LH:0
BRDA:19,0,0,0
BRDA:19,0,1,0
BRDA:19,1,0,0
BRDA:19,1,1,0
BRF:4
BRH:0
end_of_record
TN:
SF:src/shared/hooks/use-validation.ts
FN:45,(anonymous_0)
FN:49,(anonymous_1)
FN:62,(anonymous_2)
FN:70,(anonymous_3)
FN:87,(anonymous_4)
FN:100,(anonymous_5)
FN:105,(anonymous_6)
FN:114,(anonymous_7)
FN:121,(anonymous_8)
FN:172,(anonymous_9)
FN:181,(anonymous_10)
FN:203,(anonymous_11)
FN:216,(anonymous_12)
FN:217,(anonymous_13)
FN:223,(anonymous_14)
FN:225,(anonymous_15)
FN:235,(anonymous_16)
FN:236,(anonymous_17)
FNF:18
FNH:0
FNDA:0,(anonymous_0)
FNDA:0,(anonymous_1)
FNDA:0,(anonymous_2)
FNDA:0,(anonymous_3)
FNDA:0,(anonymous_4)
FNDA:0,(anonymous_5)
FNDA:0,(anonymous_6)
FNDA:0,(anonymous_7)
FNDA:0,(anonymous_8)
FNDA:0,(anonymous_9)
FNDA:0,(anonymous_10)
FNDA:0,(anonymous_11)
FNDA:0,(anonymous_12)
FNDA:0,(anonymous_13)
FNDA:0,(anonymous_14)
FNDA:0,(anonymous_15)
FNDA:0,(anonymous_16)
FNDA:0,(anonymous_17)
DA:45,0
DA:46,0
DA:49,0
DA:62,0
DA:70,0
DA:71,0
DA:74,0
DA:84,0
DA:87,0
DA:88,0
DA:91,0
DA:100,0
DA:101,0
DA:102,0
DA:105,0
DA:106,0
DA:107,0
DA:108,0
DA:110,0
DA:114,0
DA:116,0
DA:117,0
DA:118,0
DA:121,0
DA:122,0
DA:123,0
DA:126,0
DA:127,0
DA:128,0
DA:130,0
DA:134,0
DA:137,0
DA:138,0
DA:142,0
DA:143,0
DA:146,0
DA:147,0
DA:151,0
DA:152,0
DA:156,0
DA:157,0
DA:161,0
DA:162,0
DA:166,0
DA:167,0
DA:171,0
DA:172,0
DA:173,0
DA:174,0
DA:176,0
DA:180,0
DA:181,0
DA:182,0
DA:183,0
DA:185,0
DA:189,0
DA:190,0
DA:191,0
DA:192,0
DA:196,0
DA:203,0
DA:207,0
DA:209,0
DA:210,0
DA:213,0
DA:216,0
DA:217,0
DA:223,0
DA:224,0
DA:225,0
DA:226,0
DA:227,0
DA:228,0
DA:231,0
DA:235,0
DA:236,0
DA:239,0
LF:77
LH:0
BRDA:71,0,0,0
BRDA:71,0,1,0
BRDA:88,1,0,0
BRDA:88,1,1,0
BRDA:102,2,0,0
BRDA:102,2,1,0
BRDA:126,3,0,0
BRDA:126,3,1,0
BRDA:126,4,0,0
BRDA:126,4,1,0
BRDA:126,4,2,0
BRDA:127,5,0,0
BRDA:127,5,1,0
BRDA:137,6,0,0
BRDA:137,6,1,0
BRDA:137,7,0,0
BRDA:137,7,1,0
BRDA:142,8,0,0
BRDA:142,8,1,0
BRDA:142,9,0,0
BRDA:142,9,1,0
BRDA:146,10,0,0
BRDA:146,10,1,0
BRDA:146,11,0,0
BRDA:146,11,1,0
BRDA:151,12,0,0
BRDA:151,12,1,0
BRDA:151,13,0,0
BRDA:151,13,1,0
BRDA:156,14,0,0
BRDA:156,14,1,0
BRDA:156,15,0,0
BRDA:156,15,1,0
BRDA:161,16,0,0
BRDA:161,16,1,0
BRDA:161,17,0,0
BRDA:161,17,1,0
BRDA:166,18,0,0
BRDA:166,18,1,0
BRDA:166,19,0,0
BRDA:166,19,1,0
BRDA:171,20,0,0
BRDA:171,20,1,0
BRDA:173,21,0,0
BRDA:173,21,1,0
BRDA:180,22,0,0
BRDA:180,22,1,0
BRDA:182,23,0,0
BRDA:182,23,1,0
BRDA:189,24,0,0
BRDA:189,24,1,0
BRDA:191,25,0,0
BRDA:191,25,1,0
BRDA:219,26,0,0
BRDA:219,26,1,0
BRDA:224,27,0,0
BRDA:224,27,1,0
BRF:57
BRH:0
end_of_record
TN:
SF:src/shared/icons/icon.factory.tsx
FN:19,(anonymous_0)
FN:23,IconComponent
FN:38,(anonymous_2)
FN:42,SizeOnlyIconComponent
FN:55,(anonymous_4)
FNF:5
FNH:0
FNDA:0,(anonymous_0)
FNDA:0,IconComponent
FNDA:0,(anonymous_2)
FNDA:0,SizeOnlyIconComponent
FNDA:0,(anonymous_4)
DA:19,0
DA:23,0
DA:27,0
DA:30,0
DA:31,0
DA:38,0
DA:42,0
DA:45,0
DA:48,0
DA:49,0
DA:55,0
DA:61,0
LF:12
LH:0
BRDA:58,0,0,0
BRF:1
BRH:0
end_of_record
TN:
SF:src/shared/icons/icons.tsx
FNF:0
FNH:0
DA:8,0
LF:1
LH:0
BRF:0
BRH:0
end_of_record
TN:
SF:src/shared/store/snackbar.store.ts
FN:14,(anonymous_0)
FN:19,(anonymous_1)
FN:21,(anonymous_2)
FNF:3
FNH:0
FNDA:0,(anonymous_0)
FNDA:0,(anonymous_1)
FNDA:0,(anonymous_2)
DA:14,0
DA:19,0
DA:21,0
LF:3
LH:0
BRDA:19,0,0,0
BRF:1
BRH:0
end_of_record
TN:
SF:src/shared/theme/colors.ts
FNF:0
FNH:0
DA:1,0
DA:14,0
LF:2
LH:0
BRF:0
BRH:0
end_of_record
TN:
SF:src/shared/theme/spacing.ts
FNF:0
FNH:0
DA:1,0
LF:1
LH:0
BRF:0
BRH:0
end_of_record
TN:
SF:src/shared/theme/typography.ts
FNF:0
FNH:0
DA:1,0
LF:1
LH:0
BRF:0
BRH:0
end_of_record
TN:
SF:src/shared/theme/useTheme.ts
FN:13,(anonymous_0)
FNF:1
FNH:0
FNDA:0,(anonymous_0)
DA:13,0
DA:14,0
DA:15,0
DA:17,0
LF:4
LH:0
BRDA:18,0,0,0
BRDA:18,0,1,0
BRF:2
BRH:0
end_of_record
TN:
SF:src/shared/ui/snackbar.host.tsx
FN:9,(anonymous_0)
FNF:1
FNH:0
FNDA:0,(anonymous_0)
DA:9,0
DA:10,0
DA:11,0
DA:13,0
LF:4
LH:0
BRDA:21,0,0,0
BRDA:21,0,1,0
BRDA:23,1,0,0
BRDA:23,1,1,0
BRF:4
BRH:0
end_of_record
TN:
SF:src/shared/utils/date-utils.ts
FN:11,(anonymous_0)
FN:34,(anonymous_1)
FN:60,(anonymous_2)
FN:75,(anonymous_3)
FNF:4
FNH:0
FNDA:0,(anonymous_0)
FNDA:0,(anonymous_1)
FNDA:0,(anonymous_2)
FNDA:0,(anonymous_3)
DA:11,0
DA:12,0
DA:13,0
DA:15,0
DA:16,0
DA:19,0
DA:20,0
DA:21,0
DA:22,0
DA:24,0
DA:25,0
DA:34,0
DA:35,0
DA:36,0
DA:38,0
DA:39,0
DA:42,0
DA:43,0
DA:44,0
DA:45,0
DA:46,0
DA:48,0
DA:50,0
DA:51,0
DA:60,0
DA:61,0
DA:62,0
DA:63,0
DA:64,0
DA:66,0
DA:75,0
DA:76,0
DA:77,0
DA:78,0
DA:80,0
DA:81,0
DA:83,0
DA:85,0
LF:38
LH:0
BRDA:15,0,0,0
BRDA:15,0,1,0
BRDA:38,1,0,0
BRDA:38,1,1,0
BRDA:78,2,0,0
BRDA:78,2,1,0
BRDA:78,3,0,0
BRDA:78,3,1,0
BRDA:78,3,2,0
BRDA:81,4,0,0
BRDA:81,4,1,0
BRF:11
BRH:0
end_of_record
TN:
SF:src/shared/utils/sanitize-input.ts
FN:10,(anonymous_0)
FN:30,(anonymous_1)
FN:43,(anonymous_2)
FNF:3
FNH:0
FNDA:0,(anonymous_0)
FNDA:0,(anonymous_1)
FNDA:0,(anonymous_2)
DA:10,0
DA:11,0
DA:12,0
DA:15,0
DA:30,0
DA:31,0
DA:32,0
DA:35,0
DA:43,0
DA:44,0
DA:45,0
DA:48,0
LF:12
LH:0
BRDA:11,0,0,0
BRDA:11,0,1,0
BRDA:11,1,0,0
BRDA:11,1,1,0
BRDA:31,2,0,0
BRDA:31,2,1,0
BRDA:31,3,0,0
BRDA:31,3,1,0
BRDA:44,4,0,0
BRDA:44,4,1,0
BRDA:44,5,0,0
BRDA:44,5,1,0
BRF:12
BRH:0
end_of_record
