TN:
SF:src/features/profile/presentation/hooks/use-custom-fields-query.hook.ts
FN:26,(anonymous_0)
FN:27,(anonymous_1)
FN:35,(anonymous_2)
FN:107,(anonymous_3)
FN:114,(anonymous_4)
FN:123,(anonymous_5)
FN:144,(anonymous_6)
FN:147,(anonymous_7)
FN:151,(anonymous_8)
FN:166,(anonymous_9)
FN:172,(anonymous_10)
FN:181,(anonymous_11)
FN:194,(anonymous_12)
FN:203,(anonymous_13)
FN:217,(anonymous_14)
FN:236,(anonymous_15)
FN:240,(anonymous_16)
FN:255,(anonymous_17)
FN:256,(anonymous_18)
FN:260,(anonymous_19)
FN:261,(anonymous_20)
FN:267,(anonymous_21)
FN:282,(anonymous_22)
FN:287,(anonymous_23)
FN:315,(anonymous_24)
FN:317,(anonymous_25)
FN:355,(anonymous_26)
FN:355,(anonymous_27)
FN:356,(anonymous_28)
FN:356,(anonymous_29)
FN:364,(anonymous_30)
FN:368,(anonymous_31)
FN:374,(anonymous_32)
FN:380,(anonymous_33)
FN:383,(anonymous_34)
FNF:35
FNH:0
FNDA:0,(anonymous_0)
FNDA:0,(anonymous_1)
FNDA:0,(anonymous_2)
FNDA:0,(anonymous_3)
FNDA:0,(anonymous_4)
FNDA:0,(anonymous_5)
FNDA:0,(anonymous_6)
FNDA:0,(anonymous_7)
FNDA:0,(anonymous_8)
FNDA:0,(anonymous_9)
FNDA:0,(anonymous_10)
FNDA:0,(anonymous_11)
FNDA:0,(anonymous_12)
FNDA:0,(anonymous_13)
FNDA:0,(anonymous_14)
FNDA:0,(anonymous_15)
FNDA:0,(anonymous_16)
FNDA:0,(anonymous_17)
FNDA:0,(anonymous_18)
FNDA:0,(anonymous_19)
FNDA:0,(anonymous_20)
FNDA:0,(anonymous_21)
FNDA:0,(anonymous_22)
FNDA:0,(anonymous_23)
FNDA:0,(anonymous_24)
FNDA:0,(anonymous_25)
FNDA:0,(anonymous_26)
FNDA:0,(anonymous_27)
FNDA:0,(anonymous_28)
FNDA:0,(anonymous_29)
FNDA:0,(anonymous_30)
FNDA:0,(anonymous_31)
FNDA:0,(anonymous_32)
FNDA:0,(anonymous_33)
FNDA:0,(anonymous_34)
DA:24,0
DA:26,0
DA:27,0
DA:31,0
DA:35,0
DA:40,0
DA:62,0
DA:107,0
DA:108,0
DA:109,0
DA:110,0
DA:112,0
DA:115,0
DA:116,0
DA:119,0
DA:122,0
DA:123,0
DA:133,0
DA:134,0
DA:144,0
DA:145,0
DA:148,0
DA:151,0
DA:153,0
DA:166,0
DA:167,0
DA:168,0
DA:169,0
DA:171,0
DA:173,0
DA:174,0
DA:177,0
DA:180,0
DA:181,0
DA:182,0
DA:183,0
DA:188,0
DA:190,0
DA:191,0
DA:195,0
DA:197,0
DA:204,0
DA:217,0
DA:218,0
DA:219,0
DA:222,0
DA:223,0
DA:226,0
DA:229,0
DA:230,0
DA:231,0
DA:232,0
DA:233,0
DA:236,0
DA:237,0
DA:240,0
DA:241,0
DA:251,0
DA:252,0
DA:255,0
DA:256,0
DA:257,0
DA:260,0
DA:261,0
DA:262,0
DA:264,0
DA:267,0
DA:268,0
DA:278,0
DA:279,0
DA:282,0
DA:283,0
DA:287,0
DA:288,0
DA:290,0
DA:291,0
DA:294,0
DA:295,0
DA:296,0
DA:297,0
DA:301,0
DA:302,0
DA:303,0
DA:304,0
DA:308,0
DA:309,0
DA:312,0
DA:315,0
DA:316,0
DA:317,0
DA:318,0
DA:319,0
DA:320,0
DA:323,0
DA:326,0
DA:328,0
DA:355,0
DA:356,0
DA:364,0
DA:365,0
DA:367,0
DA:369,0
DA:375,0
DA:381,0
DA:383,0
LF:105
LH:0
BRDA:110,0,0,0
BRDA:110,0,1,0
BRDA:113,1,0,0
BRDA:113,1,1,0
BRDA:115,2,0,0
BRDA:115,2,1,0
BRDA:122,3,0,0
BRDA:122,3,1,0
BRDA:125,4,0,0
BRDA:125,4,1,0
BRDA:136,5,0,0
BRDA:136,5,1,0
BRDA:173,6,0,0
BRDA:173,6,1,0
BRDA:182,7,0,0
BRDA:182,7,1,0
BRDA:195,8,0,0
BRDA:195,8,1,0
BRDA:219,9,0,0
BRDA:219,9,1,0
BRDA:219,9,2,0
BRDA:229,10,0,0
BRDA:229,10,1,0
BRDA:230,11,0,0
BRDA:230,11,1,0
BRDA:231,12,0,0
BRDA:231,12,1,0
BRDA:233,13,0,0
BRDA:233,13,1,0
BRDA:233,13,2,0
BRDA:233,13,3,0
BRDA:240,14,0,0
BRDA:244,15,0,0
BRDA:244,15,1,0
BRDA:262,16,0,0
BRDA:262,16,1,0
BRDA:290,17,0,0
BRDA:290,17,1,0
BRDA:290,18,0,0
BRDA:290,18,1,0
BRDA:294,19,0,0
BRDA:294,19,1,0
BRDA:294,20,0,0
BRDA:294,20,1,0
BRDA:296,21,0,0
BRDA:296,21,1,0
BRDA:301,22,0,0
BRDA:301,22,1,0
BRDA:301,23,0,0
BRDA:301,23,1,0
BRDA:303,24,0,0
BRDA:303,24,1,0
BRDA:308,25,0,0
BRDA:308,25,1,0
BRDA:308,26,0,0
BRDA:308,26,1,0
BRDA:319,27,0,0
BRDA:319,27,1,0
BRDA:338,28,0,0
BRDA:338,28,1,0
BRF:60
BRH:0
end_of_record
